#
# A fatal error has been detected by the Java Runtime Environment:
#
#  SIGSEGV (0xb) at pc=0x000000010bb69ac2, pid=23854, tid=0x0000000000000307
#
# JRE version: Java(TM) SE Runtime Environment (8.0_111-b14) (build 1.8.0_111-b14)
# Java VM: Java HotSpot(TM) 64-Bit Server VM (25.111-b14 mixed mode bsd-amd64 compressed oops)
# Problematic frame:
# V  [libjvm.dylib+0x169ac2]
#
# Failed to write core dump. Core dumps have been disabled. To enable core dumping, try "ulimit -c unlimited" before starting Java again
#
# If you would like to submit a bug report, please visit:
#   http://bugreport.java.com/bugreport/crash.jsp
#

---------------  T H R E A D  ---------------

Current thread is native thread

siginfo: si_signo: 11 (SIGSEGV), si_code: 1 (SEGV_MAPERR), si_addr: 0x0000000000000270

Registers:
RAX=0x0000000000000000, RBX=0x0000000000000000, RCX=0x000000010bd13777, RDX=0x00007fc7920629f8
RSP=0x00007fff5544df00, RBP=0x00007fff5544df10, RSI=0x0000000000000006, RDI=0x00007fff5544df50
R8 =0x0000000000000000, R9 =0x0000000000000662, R10=0x00000001107c3e90, R11=0x00007fc7929f4190
R12=0x00007fc7920629f8, R13=0x00007fc792b03d90, R14=0x00007fc7920629f8, R15=0x0000000000000000
RIP=0x000000010bb69ac2, EFLAGS=0x0000000000010246, ERR=0x0000000000000006
  TRAPNO=0x000000000000000e

Top of Stack: (sp=0x00007fff5544df00)
0x00007fff5544df00:   00007fc797f3d490 00007fc7920629f8
0x00007fff5544df10:   00007fff5544df70 000000010bd137a7
0x00007fff5544df20:   a0aa3b4c016700ab 00007fc797901650
0x00007fff5544df30:   00007fc7923e6400 00007fc792b03450
0x00007fff5544df40:   00007fff5544df70 000000012acd86e9
0x00007fff5544df50:   0000000000000000 00007fc790efb3f0
0x00007fff5544df60:   00007fc7923e6400 00007fc792b03450
0x00007fff5544df70:   00007fff5544dfd0 00000001308d68d5
0x00007fff5544df80:   a0aa3b4c016700ab 0000000000000000
0x00007fff5544df90:   411fd56f458ae521 0000000000000000
0x00007fff5544dfa0:   00007fff5544dfd0 00007fc792b03450
0x00007fff5544dfb0:   00007fc797901650 00007fc792b03d90
0x00007fff5544dfc0:   00007fc792b03450 00007fffaaa57040
0x00007fff5544dfd0:   00007fff5544e050 00007fff9b812199
0x00007fff5544dfe0:   00007fc7930eb400 0000000000000000
0x00007fff5544dff0:   000004885544e030 00007fc7923e6400
0x00007fff5544e000:   0000000000000000 0000000000000000
0x00007fff5544e010:   0000000400000000 411fd56f458ae521
0x00007fff5544e020:   00007fff5544e050 00007fc792b03450
0x00007fff5544e030:   0000000000000004 0000000000000000
0x00007fff5544e040:   00007fffaaa57040 00007fff94307575
0x00007fff5544e050:   00007fff5544e0c0 00007fff9b811d17
0x00007fff5544e060:   4000000000000000 4089880000000000
0x00007fff5544e070:   4082200000000000 0000000000000000
0x00007fff5544e080:   0000000000000000 4089880000000000
0x00007fff5544e090:   4082200000000000 00007fff5544e190
0x00007fff5544e0a0:   00007fc7981001d8 0000000000000000
0x00007fff5544e0b0:   00007fff9431022c 00007fc7930eb400
0x00007fff5544e0c0:   00007fff5544f190 00007fff9b825092
0x00007fff5544e0d0:   00007fff5544f190 00007fff9b824f68
0x00007fff5544e0e0:   00007fc7981001d8 00007fc7981001d8
0x00007fff5544e0f0:   00007fc798100130 00007fc7930eb400 

Instructions: (pc=0x000000010bb69ac2)
0x000000010bb69aa2:   0e 48 8b 0b 49 8b 56 18 48 63 c0 48 89 0c c2 5b
0x000000010bb69ab2:   41 5e 5d c3 90 90 55 48 89 e5 41 56 53 48 8b 1f
0x000000010bb69ac2:   c7 83 70 02 00 00 05 00 00 00 48 8d 05 e5 57 78
0x000000010bb69ad2:   00 8b 00 83 f8 01 41 89 f6 75 0c 48 8d 0d 32 c3 

Register to memory mapping:

RAX=0x0000000000000000 is an unknown value
RBX=0x0000000000000000 is an unknown value
RCX=0x000000010bd13777: jni_NewLocalRef+0 in /Library/Java/JavaVirtualMachines/jdk1.8.0_111.jdk/Contents/Home/jre/lib/server/libjvm.dylib at 0x000000010ba00000
RDX=0x00007fc7920629f8 is an unknown value
RSP=0x00007fff5544df00 is an unknown value
RBP=0x00007fff5544df10 is an unknown value
RSI=0x0000000000000006 is an unknown value
RDI=0x00007fff5544df50 is an unknown value
R8 =0x0000000000000000 is an unknown value
R9 =0x0000000000000662 is an unknown value
R10=0x00000001107c3e90: OBJC_CLASS_$_JNFJObjectWrapper+0 in /System/Library/Frameworks/JavaVM.framework/Versions/A/Frameworks/JavaNativeFoundation.framework/Versions/A/JavaNativeFoundation at 0x00000001107b9000
R11=0x00007fc7929f4190 is an unknown value
R12=0x00007fc7920629f8 is an unknown value
R13=0x00007fc792b03d90 is an unknown value
R14=0x00007fc7920629f8 is an unknown value
R15=0x0000000000000000 is an unknown value


Stack: [0x00007fff54c52000,0x00007fff55452000],  sp=0x00007fff5544df00,  free space=8175k
Native frames: (J=compiled Java code, j=interpreted, Vv=VM code, C=native code)
V  [libjvm.dylib+0x169ac2]
V  [libjvm.dylib+0x3137a7]
C  [libawt_lwawt.dylib+0x198d5]  -[CGLLayer drawInCGLContext:pixelFormat:forLayerTime:displayTime:]+0xee
C  [QuartzCore+0x113199]  _ZL17CAOpenGLLayerDrawP13CAOpenGLLayerdPK11CVTimeStampj+0x369
C  [QuartzCore+0x112d17]  -[CAOpenGLLayer _display]+0x15f
C  [QuartzCore+0x126092]  _ZN2CA5Layer17display_if_neededEPNS_11TransactionE+0x23c
C  [QuartzCore+0x1261bd]  _ZN2CA5Layer28layout_and_display_if_neededEPNS_11TransactionE+0x23
C  [QuartzCore+0x11b968]  _ZN2CA7Context18commit_transactionEPNS_11TransactionE+0x118
C  [QuartzCore+0x108a1]  _ZN2CA11Transaction6commitEv+0x1db
C  [QuartzCore+0x112bc]  _ZN2CA11Transaction17observer_callbackEP19__CFRunLoopObservermPv+0x6c
C  [CoreFoundation+0xa6dd7]  __CFRUNLOOP_IS_CALLING_OUT_TO_AN_OBSERVER_CALLBACK_FUNCTION__+0x17
C  [CoreFoundation+0xa6d47]  __CFRunLoopDoObservers+0x187
C  [CoreFoundation+0x878de]  __CFRunLoopRun+0x4be
C  [CoreFoundation+0x871c4]  CFRunLoopRunSpecific+0x1a4
C  [java+0x6465]  CreateExecutionEnvironment+0x367
C  [java+0x218c]  JLI_Launch+0x7a0
C  [java+0x84c2]  main+0x65
C  [java+0x19e4]  start+0x34


---------------  P R O C E S S  ---------------

VM state:not at safepoint (normal execution)

VM Mutex/Monitor currently owned by a thread: None

Heap:
 PSYoungGen      total 76288K, used 13244K [0x000000076ab00000, 0x0000000770000000, 0x00000007c0000000)
  eden space 65536K, 20% used [0x000000076ab00000,0x000000076b7ef090,0x000000076eb00000)
  from space 10752K, 0% used [0x000000076eb00000,0x000000076eb00000,0x000000076f580000)
  to   space 10752K, 0% used [0x000000076f580000,0x000000076f580000,0x0000000770000000)
 ParOldGen       total 122368K, used 7525K [0x00000006c0000000, 0x00000006c7780000, 0x000000076ab00000)
  object space 122368K, 6% used [0x00000006c0000000,0x00000006c0759738,0x00000006c7780000)
 Metaspace       used 28149K, capacity 29204K, committed 29312K, reserved 1075200K
  class space    used 3980K, capacity 4205K, committed 4224K, reserved 1048576K

Card table byte_map: [0x000000010cd61000,0x000000010d562000] byte_map_base: 0x0000000109761000

Marking Bits: (ParMarkBitMap*) 0x000000010c2efd20
 Begin Bits: [0x000000011f8ff000, 0x00000001238ff000)
 End Bits:   [0x00000001238ff000, 0x00000001278ff000)

Polling page: 0x000000010a927000

CodeCache: size=245760Kb used=6013Kb max_used=6020Kb free=239746Kb
 bounds [0x00000001108ff000, 0x0000000110eef000, 0x000000011f8ff000]
 total_blobs=2771 nmethods=1931 adapters=753
 compilation: enabled

Compilation events (10 events):
Event: 3.814 Thread 0x00007fc793026800 1925       3       java.lang.invoke.Invokers::checkGenericType (16 bytes)
Event: 3.815 Thread 0x00007fc793026800 nmethod 1925 0x0000000110ecb9d0 code [0x0000000110ecbb60, 0x0000000110ecc168]
Event: 3.815 Thread 0x00007fc793026800 1926       3       java.lang.invoke.Invokers::checkCustomized (20 bytes)
Event: 3.815 Thread 0x00007fc793026800 nmethod 1926 0x0000000110ed1090 code [0x0000000110ed1200, 0x0000000110ed14a8]
Event: 3.815 Thread 0x00007fc793026800 1927       3       java.lang.invoke.LambdaForm$DMH/666988784::invokeStatic_L6_L (24 bytes)
Event: 3.816 Thread 0x00007fc793026800 nmethod 1927 0x0000000110ed07d0 code [0x0000000110ed0960, 0x0000000110ed0f18]
Event: 3.816 Thread 0x00007fc793026800 1928       3       java.lang.invoke.MethodHandleNatives::linkCallSite (65 bytes)
Event: 3.816 Thread 0x00007fc793026800 nmethod 1928 0x0000000110ecfe10 code [0x0000000110ecffc0, 0x0000000110ed05a8]
Event: 3.816 Thread 0x00007fc793026800 1930       3       java.lang.invoke.AbstractValidatingLambdaMetafactory::validateMetafactoryArgs (864 bytes)
Event: 3.818 Thread 0x00007fc79301e000 1931  s    4       sun.java2d.loops.RenderCache::get (100 bytes)

GC Heap History (4 events):
Event: 1.443 GC heap before
{Heap before GC invocations=1 (full 0):
 PSYoungGen      total 76288K, used 50406K [0x000000076ab00000, 0x0000000770000000, 0x00000007c0000000)
  eden space 65536K, 76% used [0x000000076ab00000,0x000000076dc39810,0x000000076eb00000)
  from space 10752K, 0% used [0x000000076f580000,0x000000076f580000,0x0000000770000000)
  to   space 10752K, 0% used [0x000000076eb00000,0x000000076eb00000,0x000000076f580000)
 ParOldGen       total 175104K, used 0K [0x00000006c0000000, 0x00000006cab00000, 0x000000076ab00000)
  object space 175104K, 0% used [0x00000006c0000000,0x00000006c0000000,0x00000006cab00000)
 Metaspace       used 20528K, capacity 21168K, committed 21296K, reserved 1067008K
  class space    used 2946K, capacity 3120K, committed 3200K, reserved 1048576K
Event: 1.451 GC heap after
Heap after GC invocations=1 (full 0):
 PSYoungGen      total 76288K, used 7764K [0x000000076ab00000, 0x0000000770000000, 0x00000007c0000000)
  eden space 65536K, 0% used [0x000000076ab00000,0x000000076ab00000,0x000000076eb00000)
  from space 10752K, 72% used [0x000000076eb00000,0x000000076f295148,0x000000076f580000)
  to   space 10752K, 0% used [0x000000076f580000,0x000000076f580000,0x0000000770000000)
 ParOldGen       total 175104K, used 80K [0x00000006c0000000, 0x00000006cab00000, 0x000000076ab00000)
  object space 175104K, 0% used [0x00000006c0000000,0x00000006c0014010,0x00000006cab00000)
 Metaspace       used 20528K, capacity 21168K, committed 21296K, reserved 1067008K
  class space    used 2946K, capacity 3120K, committed 3200K, reserved 1048576K
}
Event: 1.451 GC heap before
{Heap before GC invocations=2 (full 1):
 PSYoungGen      total 76288K, used 7764K [0x000000076ab00000, 0x0000000770000000, 0x00000007c0000000)
  eden space 65536K, 0% used [0x000000076ab00000,0x000000076ab00000,0x000000076eb00000)
  from space 10752K, 72% used [0x000000076eb00000,0x000000076f295148,0x000000076f580000)
  to   space 10752K, 0% used [0x000000076f580000,0x000000076f580000,0x0000000770000000)
 ParOldGen       total 175104K, used 80K [0x00000006c0000000, 0x00000006cab00000, 0x000000076ab00000)
  object space 175104K, 0% used [0x00000006c0000000,0x00000006c0014010,0x00000006cab00000)
 Metaspace       used 20528K, capacity 21168K, committed 21296K, reserved 1067008K
  class space    used 2946K, capacity 3120K, committed 3200K, reserved 1048576K
Event: 1.476 GC heap after
Heap after GC invocations=2 (full 1):
 PSYoungGen      total 76288K, used 0K [0x000000076ab00000, 0x0000000770000000, 0x00000007c0000000)
  eden space 65536K, 0% used [0x000000076ab00000,0x000000076ab00000,0x000000076eb00000)
  from space 10752K, 0% used [0x000000076eb00000,0x000000076eb00000,0x000000076f580000)
  to   space 10752K, 0% used [0x000000076f580000,0x000000076f580000,0x0000000770000000)
 ParOldGen       total 122368K, used 7525K [0x00000006c0000000, 0x00000006c7780000, 0x000000076ab00000)
  object space 122368K, 6% used [0x00000006c0000000,0x00000006c0759738,0x00000006c7780000)
 Metaspace       used 20528K, capacity 21168K, committed 21296K, reserved 1067008K
  class space    used 2946K, capacity 3120K, committed 3200K, reserved 1048576K
}

Deoptimization events (10 events):
Event: 1.363 Thread 0x00007fc792062800 Uncommon trap: reason=class_check action=maybe_recompile pc=0x0000000110c13654 method=java.io.FilterInputStream.read()I @ 4
Event: 1.363 Thread 0x00007fc792062800 Uncommon trap: reason=class_check action=maybe_recompile pc=0x0000000110c13654 method=java.io.FilterInputStream.read()I @ 4
Event: 1.377 Thread 0x00007fc792062800 Uncommon trap: reason=unstable_if action=reinterpret pc=0x0000000110c113fc method=java.lang.CharacterDataLatin1.toUpperCase(I)I @ 12
Event: 1.481 Thread 0x00007fc792062800 Uncommon trap: reason=class_check action=maybe_recompile pc=0x0000000110c891dc method=java.util.HashMap.putVal(ILjava/lang/Object;Ljava/lang/Object;ZZ)Ljava/lang/Object; @ 253
Event: 1.482 Thread 0x00007fc792062800 Uncommon trap: reason=class_check action=maybe_recompile pc=0x0000000110c891dc method=java.util.HashMap.putVal(ILjava/lang/Object;Ljava/lang/Object;ZZ)Ljava/lang/Object; @ 253
Event: 1.482 Thread 0x00007fc792062800 Uncommon trap: reason=class_check action=maybe_recompile pc=0x0000000110c891dc method=java.util.HashMap.putVal(ILjava/lang/Object;Ljava/lang/Object;ZZ)Ljava/lang/Object; @ 253
Event: 1.482 Thread 0x00007fc792062800 Uncommon trap: reason=class_check action=maybe_recompile pc=0x0000000110c891dc method=java.util.HashMap.putVal(ILjava/lang/Object;Ljava/lang/Object;ZZ)Ljava/lang/Object; @ 253
Event: 1.614 Thread 0x00007fc792062800 Uncommon trap: reason=unstable_if action=reinterpret pc=0x0000000110ab6a60 method=java.lang.String.startsWith(Ljava/lang/String;I)Z @ 25
Event: 1.617 Thread 0x00007fc792062800 Uncommon trap: reason=unstable_if action=reinterpret pc=0x0000000110b4ecc8 method=java.lang.AbstractStringBuilder.append(Ljava/lang/String;)Ljava/lang/AbstractStringBuilder; @ 1
Event: 2.858 Thread 0x00007fc79311c000 Uncommon trap: reason=unstable_if action=reinterpret pc=0x0000000110cc0d60 method=java.lang.CharacterDataLatin1.isWhitespace(I)Z @ 14

Internal exceptions (10 events):
Event: 1.410 Thread 0x00007fc792062800 Exception <a 'java/lang/ClassNotFoundException': org/apache/log4j/ConsoleAppenderBeanInfo> (0x000000076dac5990) thrown at [/Users/java_re/workspace/8-2-build-macosx-x86_64/jdk8u111/7883/hotspot/src/share/vm/classfile/systemDictionary.cpp, line 210]
Event: 1.410 Thread 0x00007fc792062800 Exception <a 'java/lang/ClassNotFoundException': org/apache/log4j/WriterAppenderBeanInfo> (0x000000076dacc760) thrown at [/Users/java_re/workspace/8-2-build-macosx-x86_64/jdk8u111/7883/hotspot/src/share/vm/classfile/systemDictionary.cpp, line 210]
Event: 1.410 Thread 0x00007fc792062800 Exception <a 'java/lang/ClassNotFoundException': org/apache/log4j/AppenderSkeletonBeanInfo> (0x000000076dad36a8) thrown at [/Users/java_re/workspace/8-2-build-macosx-x86_64/jdk8u111/7883/hotspot/src/share/vm/classfile/systemDictionary.cpp, line 210]
Event: 1.410 Thread 0x00007fc792062800 Exception <a 'java/lang/ClassNotFoundException': org/apache/log4j/AppenderSkeletonCustomizer> (0x000000076dada7a8) thrown at [/Users/java_re/workspace/8-2-build-macosx-x86_64/jdk8u111/7883/hotspot/src/share/vm/classfile/systemDictionary.cpp, line 210]
Event: 1.411 Thread 0x00007fc792062800 Exception <a 'java/lang/ClassNotFoundException': org/apache/log4j/WriterAppenderCustomizer> (0x000000076daf1388) thrown at [/Users/java_re/workspace/8-2-build-macosx-x86_64/jdk8u111/7883/hotspot/src/share/vm/classfile/systemDictionary.cpp, line 210]
Event: 1.412 Thread 0x00007fc792062800 Exception <a 'java/lang/ClassNotFoundException': org/apache/log4j/ConsoleAppenderCustomizer> (0x000000076db04d70) thrown at [/Users/java_re/workspace/8-2-build-macosx-x86_64/jdk8u111/7883/hotspot/src/share/vm/classfile/systemDictionary.cpp, line 210]
Event: 1.429 Thread 0x00007fc792062800 Exception <a 'java/io/FileNotFoundException'> (0x000000076db36b08) thrown at [/Users/java_re/workspace/8-2-build-macosx-x86_64/jdk8u111/7883/hotspot/src/share/vm/prims/jni.cpp, line 709]
Event: 1.429 Thread 0x00007fc792062800 Exception <a 'java/io/FileNotFoundException'> (0x000000076db37a28) thrown at [/Users/java_re/workspace/8-2-build-macosx-x86_64/jdk8u111/7883/hotspot/src/share/vm/prims/jni.cpp, line 709]
Event: 1.617 Thread 0x00007fc792062800 Implicit null exception at 0x0000000110b4e8f5 to 0x0000000110b4ecb5
Event: 2.897 Thread 0x00007fc791a65800 Exception <a 'java/lang/NoSuchMethodError': java.lang.Object.lambda$identity$2(Ljava/lang/Object;)Ljava/lang/Object;> (0x000000076ae23ff0) thrown at [/Users/java_re/workspace/8-2-build-macosx-x86_64/jdk8u111/7883/hotspot/src/share/vm/interpreter/linkResol

Events (10 events):
Event: 3.811 loading class javafx/application/Application done
Event: 3.815 loading class com/sun/javafx/tk/quantum/QuantumRenderer
Event: 3.815 loading class com/sun/javafx/tk/quantum/QuantumRenderer done
Event: 3.816 loading class com/sun/javafx/tk/quantum/QuantumToolkit
Event: 3.816 loading class com/sun/javafx/tk/quantum/QuantumToolkit done
Event: 3.816 Thread 0x00007fc791991800 Thread exited: 0x00007fc791991800
Event: 3.816 Thread 0x00007fc793109000 Thread exited: 0x00007fc793109000
Event: 3.816 Thread 0x00007fc791803000 Thread exited: 0x00007fc791803000
Event: 3.816 Thread 0x00007fc792139800 Thread added: 0x00007fc792139800
Event: 3.816 Thread 0x00007fc792062800 Thread exited: 0x00007fc792062800


Dynamic libraries:
0x00000000207ec000 	/System/Library/Frameworks/Cocoa.framework/Versions/A/Cocoa
0x00000000207ec000 	/System/Library/Frameworks/Security.framework/Versions/A/Security
0x00000000207ec000 	/System/Library/Frameworks/ApplicationServices.framework/Versions/A/ApplicationServices
0x00000000207ec000 	/usr/lib/libz.1.dylib
0x00000000207ec000 	/usr/lib/libSystem.B.dylib
0x00000000207ec000 	/usr/lib/libobjc.A.dylib
0x00000000207ec000 	/System/Library/Frameworks/CoreFoundation.framework/Versions/A/CoreFoundation
0x00000000207ec000 	/System/Library/Frameworks/Foundation.framework/Versions/C/Foundation
0x00000000207ec000 	/System/Library/Frameworks/AppKit.framework/Versions/C/AppKit
0x00000000207ec000 	/System/Library/Frameworks/CoreData.framework/Versions/A/CoreData
0x00000000207ec000 	/System/Library/PrivateFrameworks/RemoteViewServices.framework/Versions/A/RemoteViewServices
0x00000000207ec000 	/System/Library/PrivateFrameworks/UIFoundation.framework/Versions/A/UIFoundation
0x00000000207ec000 	/System/Library/PrivateFrameworks/DFRFoundation.framework/Versions/A/DFRFoundation
0x00000000207ec000 	/usr/lib/libenergytrace.dylib
0x00000000207ec000 	/System/Library/PrivateFrameworks/SkyLight.framework/Versions/A/SkyLight
0x00000000207ec000 	/System/Library/Frameworks/CoreGraphics.framework/Versions/A/CoreGraphics
0x00000000207ec000 	/usr/lib/libScreenReader.dylib
0x00000000207ec000 	/System/Library/Frameworks/Accelerate.framework/Versions/A/Accelerate
0x00000000207ec000 	/System/Library/Frameworks/IOSurface.framework/Versions/A/IOSurface
0x00000000207ec000 	/System/Library/Frameworks/AudioToolbox.framework/Versions/A/AudioToolbox
0x00000000207ec000 	/System/Library/Frameworks/AudioUnit.framework/Versions/A/AudioUnit
0x00000000207ec000 	/System/Library/PrivateFrameworks/DataDetectorsCore.framework/Versions/A/DataDetectorsCore
0x00000000207ec000 	/System/Library/PrivateFrameworks/DesktopServicesPriv.framework/Versions/A/DesktopServicesPriv
0x00000000207ec000 	/System/Library/Frameworks/Carbon.framework/Versions/A/Frameworks/HIToolbox.framework/Versions/A/HIToolbox
0x00000000207ec000 	/usr/lib/libicucore.A.dylib
0x00000000207ec000 	/System/Library/Frameworks/QuartzCore.framework/Versions/A/QuartzCore
0x00000000207ec000 	/System/Library/Frameworks/Carbon.framework/Versions/A/Frameworks/SpeechRecognition.framework/Versions/A/SpeechRecognition
0x00000000207ec000 	/usr/lib/libauto.dylib
0x00000000207ec000 	/usr/lib/libxml2.2.dylib
0x00000000207ec000 	/System/Library/PrivateFrameworks/CoreUI.framework/Versions/A/CoreUI
0x00000000207ec000 	/System/Library/Frameworks/CoreAudio.framework/Versions/A/CoreAudio
0x00000000207ec000 	/System/Library/Frameworks/DiskArbitration.framework/Versions/A/DiskArbitration
0x00000000207ec000 	/usr/lib/liblangid.dylib
0x00000000207ec000 	/System/Library/PrivateFrameworks/MultitouchSupport.framework/Versions/A/MultitouchSupport
0x00000000207ec000 	/System/Library/Frameworks/IOKit.framework/Versions/A/IOKit
0x00000000207ec000 	/usr/lib/libDiagnosticMessagesClient.dylib
0x00000000207ec000 	/System/Library/Frameworks/CoreServices.framework/Versions/A/CoreServices
0x00000000207ec000 	/System/Library/PrivateFrameworks/PerformanceAnalysis.framework/Versions/A/PerformanceAnalysis
0x00000000207ec000 	/System/Library/PrivateFrameworks/GenerationalStorage.framework/Versions/A/GenerationalStorage
0x00000000207ec000 	/System/Library/Frameworks/OpenGL.framework/Versions/A/OpenGL
0x00000000207ec000 	/System/Library/Frameworks/CoreImage.framework/Versions/A/CoreImage
0x00000000207ec000 	/System/Library/Frameworks/CoreText.framework/Versions/A/CoreText
0x00000000207ec000 	/System/Library/Frameworks/ImageIO.framework/Versions/A/ImageIO
0x00000000207ec000 	/System/Library/PrivateFrameworks/Backup.framework/Versions/A/Backup
0x00000000207ec000 	/usr/lib/libarchive.2.dylib
0x00000000207ec000 	/System/Library/Frameworks/CFNetwork.framework/Versions/A/CFNetwork
0x00000000207ec000 	/System/Library/Frameworks/SystemConfiguration.framework/Versions/A/SystemConfiguration
0x00000000207ec000 	/usr/lib/libCRFSuite.dylib
0x00000000207ec000 	/usr/lib/libc++.1.dylib
0x00000000207ec000 	/usr/lib/libc++abi.dylib
0x00000000207ec000 	/usr/lib/system/libcache.dylib
0x00000000207ec000 	/usr/lib/system/libcommonCrypto.dylib
0x00000000207ec000 	/usr/lib/system/libcompiler_rt.dylib
0x00000000207ec000 	/usr/lib/system/libcopyfile.dylib
0x00000000207ec000 	/usr/lib/system/libcorecrypto.dylib
0x00000000207ec000 	/usr/lib/system/libdispatch.dylib
0x00000000207ec000 	/usr/lib/system/libdyld.dylib
0x00000000207ec000 	/usr/lib/system/libkeymgr.dylib
0x00000000207ec000 	/usr/lib/system/liblaunch.dylib
0x00000000207ec000 	/usr/lib/system/libmacho.dylib
0x00000000207ec000 	/usr/lib/system/libquarantine.dylib
0x00000000207ec000 	/usr/lib/system/libremovefile.dylib
0x00000000207ec000 	/usr/lib/system/libsystem_asl.dylib
0x00000000207ec000 	/usr/lib/system/libsystem_blocks.dylib
0x00000000207ec000 	/usr/lib/system/libsystem_c.dylib
0x00000000207ec000 	/usr/lib/system/libsystem_configuration.dylib
0x00000000207ec000 	/usr/lib/system/libsystem_coreservices.dylib
0x00000000207ec000 	/usr/lib/system/libsystem_coretls.dylib
0x00000000207ec000 	/usr/lib/system/libsystem_dnssd.dylib
0x00000000207ec000 	/usr/lib/system/libsystem_info.dylib
0x00000000207ec000 	/usr/lib/system/libsystem_kernel.dylib
0x00000000207ec000 	/usr/lib/system/libsystem_m.dylib
0x00000000207ec000 	/usr/lib/system/libsystem_malloc.dylib
0x00000000207ec000 	/usr/lib/system/libsystem_network.dylib
0x00000000207ec000 	/usr/lib/system/libsystem_networkextension.dylib
0x00000000207ec000 	/usr/lib/system/libsystem_notify.dylib
0x00000000207ec000 	/usr/lib/system/libsystem_platform.dylib
0x00000000207ec000 	/usr/lib/system/libsystem_pthread.dylib
0x00000000207ec000 	/usr/lib/system/libsystem_sandbox.dylib
0x00000000207ec000 	/usr/lib/system/libsystem_secinit.dylib
0x00000000207ec000 	/usr/lib/system/libsystem_symptoms.dylib
0x00000000207ec000 	/usr/lib/system/libsystem_trace.dylib
0x00000000207ec000 	/usr/lib/system/libunwind.dylib
0x00000000207ec000 	/usr/lib/system/libxpc.dylib
0x00000000207ec000 	/usr/lib/libbsm.0.dylib
0x00000000207ec000 	/usr/lib/system/libkxld.dylib
0x00000000207ec000 	/usr/lib/libcoretls.dylib
0x00000000207ec000 	/usr/lib/libcoretls_cfhelpers.dylib
0x00000000207ec000 	/usr/lib/libOpenScriptingUtil.dylib
0x00000000207ec000 	/usr/lib/libpam.2.dylib
0x00000000207ec000 	/usr/lib/libsqlite3.dylib
0x00000000207ec000 	/usr/lib/libxar.1.dylib
0x00000000207ec000 	/usr/lib/libbz2.1.0.dylib
0x00000000207ec000 	/usr/lib/liblzma.5.dylib
0x00000000207ec000 	/usr/lib/libnetwork.dylib
0x00000000207ec000 	/usr/lib/libpcap.A.dylib
0x00000000207ec000 	/System/Library/Frameworks/CoreServices.framework/Versions/A/Frameworks/FSEvents.framework/Versions/A/FSEvents
0x00000000207ec000 	/System/Library/Frameworks/CoreServices.framework/Versions/A/Frameworks/CarbonCore.framework/Versions/A/CarbonCore
0x00000000207ec000 	/System/Library/Frameworks/CoreServices.framework/Versions/A/Frameworks/Metadata.framework/Versions/A/Metadata
0x00000000207ec000 	/System/Library/Frameworks/CoreServices.framework/Versions/A/Frameworks/OSServices.framework/Versions/A/OSServices
0x00000000207ec000 	/System/Library/Frameworks/CoreServices.framework/Versions/A/Frameworks/SearchKit.framework/Versions/A/SearchKit
0x00000000207ec000 	/System/Library/Frameworks/CoreServices.framework/Versions/A/Frameworks/AE.framework/Versions/A/AE
0x00000000207ec000 	/System/Library/Frameworks/CoreServices.framework/Versions/A/Frameworks/LaunchServices.framework/Versions/A/LaunchServices
0x00000000207ec000 	/System/Library/Frameworks/CoreServices.framework/Versions/A/Frameworks/DictionaryServices.framework/Versions/A/DictionaryServices
0x00000000207ec000 	/System/Library/Frameworks/CoreServices.framework/Versions/A/Frameworks/SharedFileList.framework/Versions/A/SharedFileList
0x00000000207ec000 	/System/Library/Frameworks/NetFS.framework/Versions/A/NetFS
0x00000000207ec000 	/System/Library/PrivateFrameworks/NetAuth.framework/Versions/A/NetAuth
0x00000000207ec000 	/System/Library/PrivateFrameworks/login.framework/Versions/A/Frameworks/loginsupport.framework/Versions/A/loginsupport
0x00000000207ec000 	/System/Library/PrivateFrameworks/TCC.framework/Versions/A/TCC
0x00000000207ec000 	/usr/lib/libmecabra.dylib
0x00000000207ec000 	/System/Library/Frameworks/ApplicationServices.framework/Versions/A/Frameworks/ATS.framework/Versions/A/ATS
0x00000000207ec000 	/System/Library/Frameworks/ApplicationServices.framework/Versions/A/Frameworks/ColorSync.framework/Versions/A/ColorSync
0x00000000207ec000 	/System/Library/Frameworks/ApplicationServices.framework/Versions/A/Frameworks/HIServices.framework/Versions/A/HIServices
0x00000000207ec000 	/System/Library/Frameworks/ApplicationServices.framework/Versions/A/Frameworks/LangAnalysis.framework/Versions/A/LangAnalysis
0x00000000207ec000 	/System/Library/Frameworks/ApplicationServices.framework/Versions/A/Frameworks/PrintCore.framework/Versions/A/PrintCore
0x00000000207ec000 	/System/Library/Frameworks/ApplicationServices.framework/Versions/A/Frameworks/QD.framework/Versions/A/QD
0x00000000207ec000 	/System/Library/Frameworks/ApplicationServices.framework/Versions/A/Frameworks/SpeechSynthesis.framework/Versions/A/SpeechSynthesis
0x00000000207ec000 	/System/Library/Frameworks/Accelerate.framework/Versions/A/Frameworks/vImage.framework/Versions/A/vImage
0x00000000207ec000 	/System/Library/Frameworks/Accelerate.framework/Versions/A/Frameworks/vecLib.framework/Versions/A/vecLib
0x00000000207ec000 	/System/Library/Frameworks/Accelerate.framework/Versions/A/Frameworks/vecLib.framework/Versions/A/libvDSP.dylib
0x00000000207ec000 	/System/Library/Frameworks/Accelerate.framework/Versions/A/Frameworks/vecLib.framework/Versions/A/libBNNS.dylib
0x00000000207ec000 	/System/Library/Frameworks/Accelerate.framework/Versions/A/Frameworks/vecLib.framework/Versions/A/libQuadrature.dylib
0x00000000207ec000 	/System/Library/Frameworks/Accelerate.framework/Versions/A/Frameworks/vecLib.framework/Versions/A/libvMisc.dylib
0x00000000207ec000 	/System/Library/Frameworks/Accelerate.framework/Versions/A/Frameworks/vecLib.framework/Versions/A/libLAPACK.dylib
0x00000000207ec000 	/System/Library/Frameworks/Accelerate.framework/Versions/A/Frameworks/vecLib.framework/Versions/A/libBLAS.dylib
0x00000000207ec000 	/System/Library/Frameworks/Accelerate.framework/Versions/A/Frameworks/vecLib.framework/Versions/A/libLinearAlgebra.dylib
0x00000000207ec000 	/System/Library/Frameworks/Accelerate.framework/Versions/A/Frameworks/vecLib.framework/Versions/A/libSparseBLAS.dylib
0x00000000207ec000 	/System/Library/Frameworks/ApplicationServices.framework/Versions/A/Frameworks/ATS.framework/Versions/A/Resources/libFontParser.dylib
0x00000000207ec000 	/System/Library/Frameworks/ApplicationServices.framework/Versions/A/Frameworks/ATS.framework/Versions/A/Resources/libFontRegistry.dylib
0x00000000207ec000 	/System/Library/Frameworks/ImageIO.framework/Versions/A/Resources/libJPEG.dylib
0x00000000207ec000 	/System/Library/Frameworks/ImageIO.framework/Versions/A/Resources/libTIFF.dylib
0x00000000207ec000 	/System/Library/Frameworks/ImageIO.framework/Versions/A/Resources/libPng.dylib
0x00000000207ec000 	/System/Library/Frameworks/ImageIO.framework/Versions/A/Resources/libGIF.dylib
0x00000000207ec000 	/System/Library/Frameworks/ImageIO.framework/Versions/A/Resources/libJP2.dylib
0x00000000207ec000 	/System/Library/Frameworks/ImageIO.framework/Versions/A/Resources/libRadiance.dylib
0x00000000207ec000 	/usr/lib/libcompression.dylib
0x00000000207ec000 	/System/Library/PrivateFrameworks/AppleJPEG.framework/Versions/A/AppleJPEG
0x00000000207ec000 	/usr/lib/libcups.2.dylib
0x00000000207ec000 	/System/Library/Frameworks/Kerberos.framework/Versions/A/Kerberos
0x00000000207ec000 	/System/Library/Frameworks/GSS.framework/Versions/A/GSS
0x00000000207ec000 	/usr/lib/libresolv.9.dylib
0x00000000207ec000 	/usr/lib/libiconv.2.dylib
0x00000000207ec000 	/System/Library/PrivateFrameworks/Heimdal.framework/Versions/A/Heimdal
0x00000000207ec000 	/usr/lib/libheimdal-asn1.dylib
0x00000000207ec000 	/System/Library/Frameworks/OpenDirectory.framework/Versions/A/OpenDirectory
0x00000000207ec000 	/System/Library/PrivateFrameworks/CommonAuth.framework/Versions/A/CommonAuth
0x00000000207ec000 	/System/Library/Frameworks/OpenDirectory.framework/Versions/A/Frameworks/CFOpenDirectory.framework/Versions/A/CFOpenDirectory
0x00000000207ec000 	/System/Library/Frameworks/SecurityFoundation.framework/Versions/A/SecurityFoundation
0x00000000207ec000 	/System/Library/PrivateFrameworks/LanguageModeling.framework/Versions/A/LanguageModeling
0x00000000207ec000 	/usr/lib/libmarisa.dylib
0x00000000207ec000 	/usr/lib/libChineseTokenizer.dylib
0x00000000207ec000 	/usr/lib/libcmph.dylib
0x00000000207ec000 	/System/Library/PrivateFrameworks/CoreEmoji.framework/Versions/A/CoreEmoji
0x00000000207ec000 	/System/Library/Frameworks/ServiceManagement.framework/Versions/A/ServiceManagement
0x00000000207ec000 	/usr/lib/libxslt.1.dylib
0x00000000207ec000 	/System/Library/Frameworks/Carbon.framework/Versions/A/Frameworks/Ink.framework/Versions/A/Ink
0x00000000207ec000 	/System/Library/PrivateFrameworks/TextureIO.framework/Versions/A/TextureIO
0x00000000207ec000 	/System/Library/Frameworks/Metal.framework/Versions/A/Metal
0x00000000207ec000 	/usr/lib/libate.dylib
0x00000000207ec000 	/System/Library/PrivateFrameworks/GPUCompiler.framework/libmetal_timestamp.dylib
0x00000000207ec000 	/System/Library/Frameworks/OpenGL.framework/Versions/A/Libraries/libCoreFSCache.dylib
0x00000000207ec000 	/System/Library/PrivateFrameworks/IOAccelerator.framework/Versions/A/IOAccelerator
0x00000000207ec000 	/System/Library/Frameworks/CoreVideo.framework/Versions/A/CoreVideo
0x00000000207ec000 	/usr/lib/libFosl_dynamic.dylib
0x00000000207ec000 	/System/Library/PrivateFrameworks/MetalPerformanceShaders.framework/Versions/A/MetalPerformanceShaders
0x00000000207ec000 	/System/Library/PrivateFrameworks/FaceCore.framework/Versions/A/FaceCore
0x00000000207ec000 	/System/Library/Frameworks/OpenCL.framework/Versions/A/OpenCL
0x00000000207ec000 	/System/Library/Frameworks/OpenGL.framework/Versions/A/Libraries/libGLU.dylib
0x00000000207ec000 	/System/Library/Frameworks/OpenGL.framework/Versions/A/Libraries/libGFXShared.dylib
0x00000000207ec000 	/System/Library/Frameworks/OpenGL.framework/Versions/A/Libraries/libGL.dylib
0x00000000207ec000 	/System/Library/Frameworks/OpenGL.framework/Versions/A/Libraries/libGLImage.dylib
0x00000000207ec000 	/System/Library/Frameworks/OpenGL.framework/Versions/A/Libraries/libCVMSPluginSupport.dylib
0x00000000207ec000 	/System/Library/Frameworks/OpenGL.framework/Versions/A/Libraries/libCoreVMClient.dylib
0x00000000207ec000 	/System/Library/PrivateFrameworks/CrashReporterSupport.framework/Versions/A/CrashReporterSupport
0x00000000207ec000 	/System/Library/PrivateFrameworks/Sharing.framework/Versions/A/Sharing
0x00000000207ec000 	/System/Library/PrivateFrameworks/IconServices.framework/Versions/A/IconServices
0x00000000207ec000 	/System/Library/PrivateFrameworks/ProtocolBuffer.framework/Versions/A/ProtocolBuffer
0x00000000207ec000 	/System/Library/PrivateFrameworks/Apple80211.framework/Versions/A/Apple80211
0x00000000207ec000 	/System/Library/Frameworks/CoreWLAN.framework/Versions/A/CoreWLAN
0x00000000207ec000 	/System/Library/PrivateFrameworks/CoreUtils.framework/Versions/A/CoreUtils
0x00000000207ec000 	/System/Library/Frameworks/IOBluetooth.framework/Versions/A/IOBluetooth
0x00000000207ec000 	/System/Library/PrivateFrameworks/CoreWiFi.framework/Versions/A/CoreWiFi
0x00000000207ec000 	/System/Library/Frameworks/CoreBluetooth.framework/Versions/A/CoreBluetooth
0x00000000207ec000 	/System/Library/Frameworks/CoreDisplay.framework/Versions/A/CoreDisplay
0x00000000207ec000 	/System/Library/PrivateFrameworks/IOPresentment.framework/Versions/A/IOPresentment
0x00000000207ec000 	/System/Library/PrivateFrameworks/DSExternalDisplay.framework/Versions/A/DSExternalDisplay
0x00000000207ec000 	/System/Library/PrivateFrameworks/DebugSymbols.framework/Versions/A/DebugSymbols
0x00000000207ec000 	/System/Library/PrivateFrameworks/CoreSymbolication.framework/Versions/A/CoreSymbolication
0x00000000207ec000 	/System/Library/PrivateFrameworks/Symbolication.framework/Versions/A/Symbolication
0x00000000207ec000 	/System/Library/PrivateFrameworks/AppleFSCompression.framework/Versions/A/AppleFSCompression
0x00000000207ec000 	/System/Library/PrivateFrameworks/SpeechRecognitionCore.framework/Versions/A/SpeechRecognitionCore
0x00000000207ec000 	/System/Library/PrivateFrameworks/ChunkingLibrary.framework/Versions/A/ChunkingLibrary
0x000000010ba00000 	/Library/Java/JavaVirtualMachines/jdk1.8.0_111.jdk/Contents/Home/jre/lib/server/libjvm.dylib
0x000000010a82b000 	/usr/lib/libstdc++.6.dylib
0x000000010a8e4000 	/Library/Java/JavaVirtualMachines/jdk1.8.0_111.jdk/Contents/Home/jre/lib/libverify.dylib
0x000000010a8f2000 	/Library/Java/JavaVirtualMachines/jdk1.8.0_111.jdk/Contents/Home/jre/lib/libjava.dylib
0x000000010a931000 	/Library/Java/JavaVirtualMachines/jdk1.8.0_111.jdk/Contents/Home/jre/lib/libzip.dylib
0x000000011079f000 	/System/Library/Frameworks/JavaVM.framework/Frameworks/JavaRuntimeSupport.framework/JavaRuntimeSupport
0x00000001107b9000 	/System/Library/Frameworks/JavaVM.framework/Versions/A/Frameworks/JavaNativeFoundation.framework/Versions/A/JavaNativeFoundation
0x000000010a9f3000 	/System/Library/Frameworks/JavaVM.framework/Versions/A/JavaVM
0x00000000207ec000 	/System/Library/Frameworks/Carbon.framework/Versions/A/Carbon
0x00000001107ce000 	/System/Library/PrivateFrameworks/JavaLaunching.framework/Versions/A/JavaLaunching
0x00000000207ec000 	/System/Library/Frameworks/Carbon.framework/Versions/A/Frameworks/CommonPanels.framework/Versions/A/CommonPanels
0x00000000207ec000 	/System/Library/Frameworks/Carbon.framework/Versions/A/Frameworks/Help.framework/Versions/A/Help
0x00000000207ec000 	/System/Library/Frameworks/Carbon.framework/Versions/A/Frameworks/ImageCapture.framework/Versions/A/ImageCapture
0x00000000207ec000 	/System/Library/Frameworks/Carbon.framework/Versions/A/Frameworks/OpenScripting.framework/Versions/A/OpenScripting
0x00000000207ec000 	/System/Library/Frameworks/Carbon.framework/Versions/A/Frameworks/Print.framework/Versions/A/Print
0x00000000207ec000 	/System/Library/Frameworks/Carbon.framework/Versions/A/Frameworks/SecurityHI.framework/Versions/A/SecurityHI
0x0000000110824000 	/Library/Java/JavaVirtualMachines/jdk1.8.0_111.jdk/Contents/Home/jre/lib/libprism_es2.dylib
0x000000012948e000 	/System/Library/Frameworks/OpenGL.framework/Resources/GLEngine.bundle/GLEngine
0x00000000207ec000 	/System/Library/Frameworks/OpenGL.framework/Versions/A/Libraries/libGLProgrammability.dylib
0x0000000129673000 	/System/Library/Extensions/AppleIntelSKLGraphicsGLDriver.bundle/Contents/MacOS/AppleIntelSKLGraphicsGLDriver
0x00000000207ec000 	/System/Library/PrivateFrameworks/GPUSupport.framework/Versions/A/Libraries/libGPUSupportMercury.dylib
0x000000012a3fe000 	/System/Library/Extensions/AMDRadeonX4000GLDriver.bundle/Contents/MacOS/AMDRadeonX4000GLDriver
0x000000012a4de000 	/System/Library/Extensions/AMDRadeonX4000GLDriver.bundle/Contents/MacOS/ATIRadeonX4000SCLib.dylib
0x000000012aabb000 	/System/Library/Frameworks/OpenGL.framework/Resources//GLRendererFloat.bundle/GLRendererFloat
0x00000000207ec000 	/System/Library/Frameworks/OpenCL.framework/Versions/A/Libraries/libcldcpuengine.dylib
0x00000000207ec000 	/usr/lib/libcrypto.0.9.8.dylib
0x00000000207ec000 	/System/Library/PrivateFrameworks/TrustEvaluationAgent.framework/Versions/A/TrustEvaluationAgent
0x000000012ab1f000 	/Library/Java/JavaVirtualMachines/jdk1.8.0_111.jdk/Contents/Home/jre/lib/libglass.dylib
0x00000000207ec000 	/System/Library/PrivateFrameworks/CoreServicesInternal.framework/Versions/A/CoreServicesInternal
0x00000000207ec000 	/System/Library/CoreServices/RawCamera.bundle/Contents/MacOS/RawCamera
0x000000012aba1000 	/System/Library/Frameworks/Accelerate.framework/Frameworks/vImage.framework/Versions/A/Libraries/libCGInterfaces.dylib
0x00000000207ec000 	/System/Library/PrivateFrameworks/FamilyControls.framework/Versions/A/FamilyControls
0x00000000207ec000 	/System/Library/PrivateFrameworks/CommerceKit.framework/Versions/A/Frameworks/CommerceCore.framework/Versions/A/CommerceCore
0x00000000207ec000 	/System/Library/PrivateFrameworks/SystemAdministration.framework/Versions/A/SystemAdministration
0x00000000207ec000 	/System/Library/PrivateFrameworks/AppContainer.framework/Versions/A/AppContainer
0x00000000207ec000 	/System/Library/PrivateFrameworks/SecCodeWrapper.framework/Versions/A/SecCodeWrapper
0x00000000207ec000 	/System/Library/Frameworks/DirectoryService.framework/Versions/A/DirectoryService
0x00000000207ec000 	/System/Library/PrivateFrameworks/DiskImages.framework/Versions/A/DiskImages
0x00000000207ec000 	/System/Library/PrivateFrameworks/LoginUIKit.framework/Versions/A/Frameworks/LoginUICore.framework/Versions/A/LoginUICore
0x00000000207ec000 	/usr/lib/libCoreStorage.dylib
0x00000000207ec000 	/usr/lib/libcsfde.dylib
0x00000000207ec000 	/usr/lib/libodfde.dylib
0x00000000207ec000 	/System/Library/Frameworks/DiscRecording.framework/Versions/A/DiscRecording
0x00000000207ec000 	/usr/lib/libcurl.4.dylib
0x00000000207ec000 	/System/Library/PrivateFrameworks/MediaKit.framework/Versions/A/MediaKit
0x00000000207ec000 	/System/Library/PrivateFrameworks/ProtectedCloudStorage.framework/Versions/A/ProtectedCloudStorage
0x00000000207ec000 	/System/Library/PrivateFrameworks/EFILogin.framework/Versions/A/EFILogin
0x00000000207ec000 	/usr/lib/libutil.dylib
0x00000000207ec000 	/System/Library/Frameworks/LDAP.framework/Versions/A/LDAP
0x00000000207ec000 	/usr/lib/libsasl2.2.dylib
0x00000000207ec000 	/System/Library/PrivateFrameworks/CoreDaemon.framework/Versions/B/CoreDaemon
0x00000000207ec000 	/System/Library/PrivateFrameworks/AppleSRP.framework/Versions/A/AppleSRP
0x00000000207ec000 	/System/Library/PrivateFrameworks/APFS.framework/Versions/A/APFS
0x00000000207ec000 	/System/Library/Frameworks/ApplicationServices.framework/Versions/A/Frameworks/ATS.framework/Versions/A/Resources/libTrueTypeScaler.dylib
0x000000012acb5000 	/Library/Java/JavaVirtualMachines/jdk1.8.0_111.jdk/Contents/Home/jre/lib/libjavafx_font.dylib
0x000000012acc6000 	/Library/Java/JavaVirtualMachines/jdk1.8.0_111.jdk/Contents/Home/jre/lib/libosx.dylib
0x000000012acd4000 	/Library/Java/JavaVirtualMachines/jdk1.8.0_111.jdk/Contents/Home/jre/lib/./libosxapp.dylib
0x00000000207ec000 	/System/Library/Frameworks/ExceptionHandling.framework/Versions/A/ExceptionHandling
0x0000000130749000 	/Library/Java/JavaVirtualMachines/jdk1.8.0_111.jdk/Contents/Home/jre/lib/libawt.dylib
0x00000001307f1000 	/Library/Java/JavaVirtualMachines/jdk1.8.0_111.jdk/Contents/Home/jre/lib/./libmlib_image.dylib
0x00000001308bd000 	/Library/Java/JavaVirtualMachines/jdk1.8.0_111.jdk/Contents/Home/jre/lib/libawt_lwawt.dylib
0x000000012acf0000 	/Library/Java/JavaVirtualMachines/jdk1.8.0_111.jdk/Contents/Home/jre/lib/libnio.dylib
0x000000012ad00000 	/Library/Java/JavaVirtualMachines/jdk1.8.0_111.jdk/Contents/Home/jre/lib/./libnet.dylib
0x000000012ad1b000 	/Library/Java/JavaVirtualMachines/jdk1.8.0_111.jdk/Contents/Home/jre/lib/libfontmanager.dylib
0x000000012ad82000 	/Library/Java/JavaVirtualMachines/jdk1.8.0_111.jdk/Contents/Home/jre/lib/libosxui.dylib
0x000000019a4d8000 	/Library/Java/JavaVirtualMachines/jdk1.8.0_111.jdk/Contents/Home/jre/lib/libjsound.dylib
0x000000019a4eb000 	/System/Library/Frameworks/CoreMIDI.framework/Versions/A/CoreMIDI
0x000000019a551000 	/usr/lib/libexpat.1.dylib
0x000000019b579000 	/System/Library/Extensions/AppleHDA.kext/Contents/PlugIns/AppleHDAHALPlugIn.bundle/Contents/MacOS/AppleHDAHALPlugIn
0x000000019df0a000 	/System/Library/Components/CoreAudio.component/Contents/MacOS/CoreAudio
0x000000019dcac000 	/System/Library/Extensions/AppleIntelSKLGraphicsMTLDriver.bundle/Contents/MacOS/AppleIntelSKLGraphicsMTLDriver
0x00000000207ec000 	/System/Library/Extensions/AMDMTLBronzeDriver.bundle/Contents/MacOS/AMDMTLBronzeDriver
0x00000000207ec000 	/System/Library/PrivateFrameworks/IOAccelMemoryInfo.framework/Versions/A/IOAccelMemoryInfo
0x00000000207ec000 	/System/Library/PrivateFrameworks/ViewBridge.framework/Versions/A/ViewBridge
0x00000000207ec000 	/System/Library/PrivateFrameworks/XPCService.framework/Versions/A/XPCService
0x00000000207ec000 	/System/Library/PrivateFrameworks/AppSandbox.framework/Versions/A/AppSandbox
0x00000000207ec000 	/usr/lib/libsandbox.1.dylib
0x00000000207ec000 	/usr/lib/libMatch.1.dylib

VM Arguments:
jvm_args: -Dfile.encoding=UTF-8 
java_command: org.microcol.MicroCol
java_class_path (initial): /Users/jan/Documents/repo/github/microcol/microcol-game/target/classes:/Users/jan/.m2/repository/org/slf4j/slf4j-api/1.7.25/slf4j-api-1.7.25.jar:/Users/jan/.m2/repository/org/slf4j/slf4j-log4j12/1.7.25/slf4j-log4j12-1.7.25.jar:/Users/jan/.m2/repository/log4j/log4j/1.2.17/log4j-1.2.17.jar:/Users/jan/.m2/repository/com/google/guava/guava/21.0/guava-21.0.jar:/Users/jan/.m2/repository/com/google/inject/guice/4.1.0/guice-4.1.0-no_aop.jar:/Users/jan/.m2/repository/javax/inject/javax.inject/1/javax.inject-1.jar:/Users/jan/.m2/repository/aopalliance/aopalliance/1.0/aopalliance-1.0.jar:/Users/jan/.m2/repository/mrj/MRJToolkitStubs/1.0/MRJToolkitStubs-1.0.jar:/Users/jan/.m2/repository/javax/json/javax.json-api/1.1.0-M1/javax.json-api-1.1.0-M1.jar:/Users/jan/.m2/repository/org/glassfish/javax.json/1.1.0-M1/javax.json-1.1.0-M1.jar
Launcher Type: SUN_STANDARD

Environment Variables:
PATH=/usr/bin:/bin:/usr/sbin:/sbin
SHELL=/bin/bash
DISPLAY=/private/tmp/com.apple.launchd.kFIeiJ7u3a/org.macosforge.xquartz:0

Signal Handlers:
SIGSEGV: [libjvm.dylib+0x5b03ed], sa_mask[0]=11111111011111110111111111111111, sa_flags=SA_ONSTACK|SA_RESTART|SA_SIGINFO
SIGBUS: [libjvm.dylib+0x5b03ed], sa_mask[0]=11111111011111110111111111111111, sa_flags=SA_RESTART|SA_SIGINFO
SIGFPE: [libjvm.dylib+0x48711c], sa_mask[0]=11111111011111110111111111111111, sa_flags=SA_RESTART|SA_SIGINFO
SIGPIPE: [libjvm.dylib+0x48711c], sa_mask[0]=11111111011111110111111111111111, sa_flags=SA_RESTART|SA_SIGINFO
SIGXFSZ: [libjvm.dylib+0x48711c], sa_mask[0]=11111111011111110111111111111111, sa_flags=SA_RESTART|SA_SIGINFO
SIGILL: [libjvm.dylib+0x48711c], sa_mask[0]=11111111011111110111111111111111, sa_flags=SA_RESTART|SA_SIGINFO
SIGUSR1: SIG_DFL, sa_mask[0]=00000000000000000000000000000000, sa_flags=none
SIGUSR2: [libjvm.dylib+0x486c3a], sa_mask[0]=00100000000000000000000000000000, sa_flags=SA_RESTART|SA_SIGINFO
SIGHUP: [libjvm.dylib+0x485211], sa_mask[0]=11111111011111110111111111111111, sa_flags=SA_RESTART|SA_SIGINFO
SIGINT: [libjvm.dylib+0x485211], sa_mask[0]=11111111011111110111111111111111, sa_flags=SA_RESTART|SA_SIGINFO
SIGTERM: [libjvm.dylib+0x485211], sa_mask[0]=11111111011111110111111111111111, sa_flags=SA_RESTART|SA_SIGINFO
SIGQUIT: [libjvm.dylib+0x485211], sa_mask[0]=11111111011111110111111111111111, sa_flags=SA_RESTART|SA_SIGINFO


---------------  S Y S T E M  ---------------

OS:Bsduname:Darwin 16.5.0 Darwin Kernel Version 16.5.0: Fri Mar  3 16:52:33 PST 2017; root:xnu-3789.51.2~3/RELEASE_X86_64 x86_64
rlimit: STACK 8192k, CORE 0k, NPROC 709, NOFILE 10240, AS infinity
load average:2.08 1.54 1.50

CPU:total 8 (4 cores per cpu, 2 threads per core) family 6 model 94 stepping 3, cmov, cx8, fxsr, mmx, sse, sse2, sse3, ssse3, sse4.1, sse4.2, popcnt, avx, avx2, aes, clmul, erms, rtm, 3dnowpref, lzcnt, ht, tsc, tscinvbit, bmi1, bmi2, adx

Memory: 4k page, physical 16777216k(1723256k free)

/proc/meminfo:


vm_info: Java HotSpot(TM) 64-Bit Server VM (25.111-b14) for bsd-amd64 JRE (1.8.0_111-b14), built on Sep 22 2016 15:31:41 by "java_re" with gcc 4.2.1 (Based on Apple Inc. build 5658) (LLVM build 2336.11.00)

time: Tue Apr 25 21:16:01 2017
elapsed time: 3 seconds (0d 0h 0m 3s)

