#
# A fatal error has been detected by the Java Runtime Environment:
#
#  SIGBUS (0xa) at pc=0x00007fff548abf5c, pid=1657, tid=0x0000000000000307
#
# JRE version: Java(TM) SE Runtime Environment (8.0_152-b05) (build 1.8.0_152-ea-b05)
# Java VM: Java HotSpot(TM) 64-Bit Server VM (25.152-b05 mixed mode bsd-amd64 compressed oops)
# Problematic frame:
# C  [CoreGraphics+0x11cf5c]  ERROR_CGBlt_copyBytes_BufferIsNotReadable+0xc
#
# Failed to write core dump. Core dumps have been disabled. To enable core dumping, try "ulimit -c unlimited" before starting Java again
#
# If you would like to submit a bug report, please visit:
#   http://bugreport.java.com/bugreport/crash.jsp
# The crash happened outside the Java Virtual Machine in native code.
# See problematic frame for where to report the bug.
#

---------------  T H R E A D  ---------------

Current thread (0x00007fae5f1ab800):  JavaThread "JavaFX Application Thread" [_thread_in_native, id=775, stack(0x00007ffee43fe000,0x00007ffee4bfe000)]

siginfo: si_signo: 10 (SIGBUS), si_code: 2 (BUS_ADRERR), si_addr: 0x000000076e333b78

Registers:
RAX=0x000000076e333b78, RBX=0x00007fae679de000, RCX=0x00007fae679de000, RDX=0x000000076e333b78
RSP=0x00007ffee4bf77f0, RBP=0x00007ffee4bf77f0, RSI=0x000000000000001e, RDI=0x000000076e333b78
R8 =0x0000000000000078, R9 =0x0000000000000078, R10=0x000000076e333b78, R11=0x0000000080000000
R12=0x0000000000000078, R13=0x000000076e333b78, R14=0x7fffffffffffffff, R15=0x00007ffee4bf7fe0
RIP=0x00007fff548abf5c, EFLAGS=0x0000000000010216, ERR=0x0000000000000004
  TRAPNO=0x000000000000000e

Top of Stack: (sp=0x00007ffee4bf77f0)
0x00007ffee4bf77f0:   00007ffee4bf7870 00007fff547b7f15
0x00007ffee4bf7800:   0000001e00000000 0000001d80000000
0x00007ffee4bf7810:   0000000080000000 0000001d80000000
0x00007ffee4bf7820:   0000001e00000000 00007ffee4bf7fe0
0x00007ffee4bf7830:   0000007800000000 000000000000001e
0x00007ffee4bf7840:   0000007880000000 00000000202000f3
0x00007ffee4bf7850:   0000000000000000 0000000000000000
0x00007ffee4bf7860:   0000000000000000 00007ffee4bf7fe0
0x00007ffee4bf7870:   00007ffee4bf7f10 00007fff547b97fb
0x00007ffee4bf7880:   0000000000000000 00007fff547b8526
0x00007ffee4bf7890:   0000000000000000 0808335808083358
0x00007ffee4bf78a0:   202000f300000000 0000007800000078
0x00007ffee4bf78b0:   000000076e333b78 000000076e333b78
0x00007ffee4bf78c0:   0000000000000000 0000000000000000
0x00007ffee4bf78d0:   0000000080000000 0000000080000000
0x00007ffee4bf78e0:   0000001d80000000 0000001d80000000
0x00007ffee4bf78f0:   0000000080000000 0000000080000000
0x00007ffee4bf7900:   0000000100000000 0000000000000000
0x00007ffee4bf7910:   0000000000000000 0000000100000000
0x00007ffee4bf7920:   0000000000000000 0000000000000000
0x00007ffee4bf7930:   0000000000000000 0000000000000000
0x00007ffee4bf7940:   0000000000000000 000000003f800000
0x00007ffee4bf7950:   0000000100000000 0000000080000000
0x00007ffee4bf7960:   0040000000000000 0000000100000000
0x00007ffee4bf7970:   0000000080000000 0040000000000000
0x00007ffee4bf7980:   0000000000000000 0000000000000000
0x00007ffee4bf7990:   0000001e0000001e 00000006c0e05f88
0x00007ffee4bf79a0:   00000006c0a4ba60 0000000100000000
0x00007ffee4bf79b0:   0000000600000001 0000000080000000
0x00007ffee4bf79c0:   0000000080000000 0000000000000078
0x00007ffee4bf79d0:   0000001e0000001e 0000000000000000
0x00007ffee4bf79e0:   00000006c0e43f08 00000006c0e05718 

Instructions: (pc=0x00007fff548abf5c)
0x00007fff548abf3c:   e8 27 23 f5 ff 48 89 43 10 4c 89 73 08 5b 41 5e
0x00007fff548abf4c:   5d c3 90 90 55 48 89 e5 48 89 7d f0 48 8b 45 f0
0x00007fff548abf5c:   8a 00 88 45 ff 5d c3 66 66 66 66 2e 0f 1f 84 00
0x00007fff548abf6c:   00 00 00 00 55 48 89 e5 48 89 7d e8 48 89 75 f0 

Register to memory mapping:

RAX=0x000000076e333b78 is an unallocated location in the heap
RBX=0x00007fae679de000 is an unknown value
RCX=0x00007fae679de000 is an unknown value
RDX=0x000000076e333b78 is an unallocated location in the heap
RSP=0x00007ffee4bf77f0 is pointing into the stack for thread: 0x00007fae5f1ab800
RBP=0x00007ffee4bf77f0 is pointing into the stack for thread: 0x00007fae5f1ab800
RSI=0x000000000000001e is an unknown value
RDI=0x000000076e333b78 is an unallocated location in the heap
R8 =0x0000000000000078 is an unknown value
R9 =0x0000000000000078 is an unknown value
R10=0x000000076e333b78 is an unallocated location in the heap
R11=0x0000000080000000 is an unknown value
R12=0x0000000000000078 is an unknown value
R13=0x000000076e333b78 is an unallocated location in the heap
R14=0x7fffffffffffffff is an unknown value
R15=0x00007ffee4bf7fe0 is pointing into the stack for thread: 0x00007fae5f1ab800


Stack: [0x00007ffee43fe000,0x00007ffee4bfe000],  sp=0x00007ffee4bf77f0,  free space=8165k
Native frames: (J=compiled Java code, j=interpreted, Vv=VM code, C=native code)
C  [CoreGraphics+0x11cf5c]  ERROR_CGBlt_copyBytes_BufferIsNotReadable+0xc
C  [CoreGraphics+0x28f15]  CGBlt_copyBytes+0x65
C  [CoreGraphics+0x2a7fb]  argb32_image+0x1387
C  [CoreGraphics+0x395901]  ripl_Mark+0x16
C  [CoreGraphics+0x391d11]  RIPLayerBltImage+0x40b
C  [CoreGraphics+0xfb0c7]  ripc_RenderImage+0xe4
C  [CoreGraphics+0xfc6eb]  ripc_DrawImage+0x358
C  [CoreGraphics+0x65400]  CGContextDelegateDrawImage+0x29
C  [CoreGraphics+0x1d5a9]  CGContextDrawImageWithOptions+0x222
C  [CoreGraphics+0x1d36d]  CGContextDrawImage+0x33
C  [SkyLight+0x1b756a]  SLSRegisterCursorWithImages+0x321
C  [AppKit+0x1684f7]  -[NSCursor _reallySet]+0x174
C  [AppKit+0x168357]  -[NSCursor set]+0x68
C  [libglass.dylib+0x8fba]  Java_com_sun_glass_ui_mac_MacCursor__1setCustom+0x11a
j  com.sun.glass.ui.mac.MacCursor._setCustom(J)V+0
j  com.sun.glass.ui.mac.MacCursor.set()V+60
j  com.sun.glass.ui.mac.MacWindow._setCursor(JLcom/sun/glass/ui/Cursor;)V+4
j  com.sun.glass.ui.Window.setCursor(Lcom/sun/glass/ui/Cursor;)V+9
j  com.sun.javafx.tk.quantum.ViewScene.lambda$setCursor$384(Ljava/lang/Object;)V+34
j  com.sun.javafx.tk.quantum.ViewScene$$Lambda$459.run()V+8
J 5957 C2 com.sun.glass.ui.InvokeLaterDispatcher$Future.run()V (91 bytes) @ 0x000000010dd38a6c [0x000000010dd38a20+0x4c]
v  ~StubRoutines::call_stub
V  [libjvm.dylib+0x2e09e2]  JavaCalls::call_helper(JavaValue*, methodHandle*, JavaCallArguments*, Thread*)+0x6ae
V  [libjvm.dylib+0x2fb242]  jni_invoke_nonstatic(JNIEnv_*, JavaValue*, _jobject*, JNICallType, _jmethodID*, JNI_ArgumentPusher*, Thread*)+0x2ec
V  [libjvm.dylib+0x2edabb]  jni_CallVoidMethod+0x16b
C  [libglass.dylib+0x531b]  -[GlassRunnable run]+0x6b
C  [Foundation+0x682b5]  __NSThreadPerformPerform+0x14e
C  [CoreFoundation+0xa3a61]  __CFRUNLOOP_IS_CALLING_OUT_TO_A_SOURCE0_PERFORM_FUNCTION__+0x11
C  [CoreFoundation+0x15d47c]  __CFRunLoopDoSource0+0x6c
C  [CoreFoundation+0x864c0]  __CFRunLoopDoSources0+0xd0
C  [CoreFoundation+0x8593d]  __CFRunLoopRun+0x50d
C  [CoreFoundation+0x851a3]  CFRunLoopRunSpecific+0x1e3
C  [HIToolbox+0x2fd96]  RunCurrentEventLoopInMode+0x11e
C  [HIToolbox+0x2fb06]  ReceiveNextEventCommon+0x265
C  [HIToolbox+0x2f884]  _BlockUntilNextEventMatchingListInModeWithFilter+0x40
C  [AppKit+0x41a73]  _DPSNextEvent+0x825
C  [AppKit+0x7d7e34]  -[NSApplication(NSEvent) _nextEventMatchingEventMask:untilDate:inMode:dequeue:]+0xbe4
C  [AppKit+0x36885]  -[NSApplication run]+0x2fc
C  [libglass.dylib+0x72cc]  -[GlassApplication runLoop:]+0x72c
C  [Foundation+0x682b5]  __NSThreadPerformPerform+0x14e
C  [CoreFoundation+0xa3a61]  __CFRUNLOOP_IS_CALLING_OUT_TO_A_SOURCE0_PERFORM_FUNCTION__+0x11
C  [CoreFoundation+0x15d47c]  __CFRunLoopDoSource0+0x6c
C  [CoreFoundation+0x864c0]  __CFRunLoopDoSources0+0xd0
C  [CoreFoundation+0x8593d]  __CFRunLoopRun+0x50d
C  [CoreFoundation+0x851a3]  CFRunLoopRunSpecific+0x1e3
C  [java+0x647a]  CreateExecutionEnvironment+0x367
C  [java+0x212c]  JLI_Launch+0x7a0
C  [java+0x84d7]  main+0x65
C  [java+0x1984]  start+0x34
C  0x0000000000000007

Java frames: (J=compiled Java code, j=interpreted, Vv=VM code)
j  com.sun.glass.ui.mac.MacCursor._setCustom(J)V+0
j  com.sun.glass.ui.mac.MacCursor.set()V+60
j  com.sun.glass.ui.mac.MacWindow._setCursor(JLcom/sun/glass/ui/Cursor;)V+4
j  com.sun.glass.ui.Window.setCursor(Lcom/sun/glass/ui/Cursor;)V+9
j  com.sun.javafx.tk.quantum.ViewScene.lambda$setCursor$384(Ljava/lang/Object;)V+34
j  com.sun.javafx.tk.quantum.ViewScene$$Lambda$459.run()V+8
J 5957 C2 com.sun.glass.ui.InvokeLaterDispatcher$Future.run()V (91 bytes) @ 0x000000010dd38a6c [0x000000010dd38a20+0x4c]
v  ~StubRoutines::call_stub

---------------  P R O C E S S  ---------------

Java Threads: ( => current thread )
  0x00007fae6c04f000 JavaThread "AWT-Shutdown" [_thread_blocked, id=157235, stack(0x00007000060aa000,0x00007000061aa000)]
  0x00007fae6c04e000 JavaThread "pool-322-thread-1" [_thread_blocked, id=145179, stack(0x0000700005fa7000,0x00007000060a7000)]
  0x00007fae6c14c800 JavaThread "pool-321-thread-1" [_thread_blocked, id=171827, stack(0x0000700005ea4000,0x0000700005fa4000)]
  0x00007fae6c2cb800 JavaThread "pool-320-thread-1" [_thread_blocked, id=83291, stack(0x0000700005da1000,0x0000700005ea1000)]
  0x00007fae62009800 JavaThread "pool-319-thread-1" [_thread_blocked, id=104007, stack(0x0000700005c9e000,0x0000700005d9e000)]
  0x00007fae62008800 JavaThread "pool-318-thread-1" [_thread_blocked, id=157443, stack(0x0000700005b9b000,0x0000700005c9b000)]
  0x00007fae62008000 JavaThread "pool-317-thread-1" [_thread_blocked, id=137551, stack(0x000070000578f000,0x000070000588f000)]
  0x00007fae6c968000 JavaThread "pool-316-thread-1" [_thread_blocked, id=166703, stack(0x0000700005a98000,0x0000700005b98000)]
  0x00007fae6c967000 JavaThread "pool-315-thread-1" [_thread_blocked, id=169247, stack(0x0000700005995000,0x0000700005a95000)]
  0x00007fae6c966800 JavaThread "pool-314-thread-1" [_thread_blocked, id=156255, stack(0x0000700005892000,0x0000700005992000)]
  0x00007fae6c9f0000 JavaThread "pool-313-thread-1" [_thread_blocked, id=160819, stack(0x000070000568c000,0x000070000578c000)]
  0x00007fae6c9ef800 JavaThread "pool-312-thread-1" [_thread_blocked, id=142127, stack(0x0000700005589000,0x0000700005689000)]
  0x00007fae6c9ee800 JavaThread "pool-311-thread-1" [_thread_blocked, id=165395, stack(0x0000700005486000,0x0000700005586000)]
  0x00007fae62007000 JavaThread "pool-310-thread-1" [_thread_blocked, id=114495, stack(0x0000700005383000,0x0000700005483000)]
  0x00007fae62831800 JavaThread "pool-309-thread-1" [_thread_blocked, id=168499, stack(0x0000700005280000,0x0000700005380000)]
  0x00007fae6c14c000 JavaThread "pool-308-thread-1" [_thread_blocked, id=126023, stack(0x0000700004e74000,0x0000700004f74000)]
  0x00007fae6b11b000 JavaThread "pool-307-thread-1" [_thread_blocked, id=170311, stack(0x000070000517d000,0x000070000527d000)]
  0x00007fae6c004000 JavaThread "pool-306-thread-1" [_thread_blocked, id=99931, stack(0x000070000507a000,0x000070000517a000)]
  0x00007fae6b174800 JavaThread "pool-305-thread-1" [_thread_blocked, id=114263, stack(0x0000700004f77000,0x0000700005077000)]
  0x00007fae61824000 JavaThread "pool-304-thread-1" [_thread_blocked, id=170027, stack(0x0000700004d71000,0x0000700004e71000)]
  0x00007fae61823000 JavaThread "pool-303-thread-1" [_thread_blocked, id=50215, stack(0x0000700004c6e000,0x0000700004d6e000)]
  0x00007fae6c9de800 JavaThread "pool-302-thread-1" [_thread_blocked, id=139023, stack(0x0000700004b6b000,0x0000700004c6b000)]
  0x00007fae61815000 JavaThread "pool-301-thread-1" [_thread_blocked, id=138547, stack(0x0000700004a68000,0x0000700004b68000)]
  0x00007fae61973800 JavaThread "pool-300-thread-1" [_thread_blocked, id=99187, stack(0x0000700004965000,0x0000700004a65000)]
  0x00007fae6c97e000 JavaThread "pool-299-thread-1" [_thread_blocked, id=161819, stack(0x0000700004456000,0x0000700004556000)]
  0x00007fae6b4b3000 JavaThread "pool-298-thread-1" [_thread_blocked, id=96419, stack(0x000070000475f000,0x000070000485f000)]
  0x00007fae6b4b2800 JavaThread "pool-297-thread-1" [_thread_blocked, id=95771, stack(0x000070000465c000,0x000070000475c000)]
  0x00007fae679db000 JavaThread "pool-296-thread-1" [_thread_blocked, id=167235, stack(0x0000700004559000,0x0000700004659000)]
  0x00007fae6b193800 JavaThread "pool-295-thread-1" [_thread_blocked, id=172647, stack(0x0000700004353000,0x0000700004453000)]
  0x00007fae6b133800 JavaThread "pool-294-thread-1" [_thread_blocked, id=123727, stack(0x0000700004250000,0x0000700004350000)]
  0x00007fae5f5b8000 JavaThread "pool-293-thread-1" [_thread_blocked, id=119691, stack(0x000070000414d000,0x000070000424d000)]
  0x00007fae620ae800 JavaThread "pool-292-thread-1" [_thread_blocked, id=149015, stack(0x000070000404a000,0x000070000414a000)]
  0x00007fae6b231000 JavaThread "pool-291-thread-1" [_thread_blocked, id=147755, stack(0x0000700003f47000,0x0000700004047000)]
  0x00007fae6300b800 JavaThread "pool-290-thread-1" [_thread_blocked, id=133163, stack(0x0000700003b3b000,0x0000700003c3b000)]
  0x00007fae5f692000 JavaThread "pool-289-thread-1" [_thread_blocked, id=208715, stack(0x0000700003e44000,0x0000700003f44000)]
  0x00007fae5f695000 JavaThread "pool-288-thread-1" [_thread_blocked, id=139443, stack(0x0000700003d41000,0x0000700003e41000)]
  0x00007fae6797b000 JavaThread "pool-287-thread-1" [_thread_blocked, id=160023, stack(0x0000700003c3e000,0x0000700003d3e000)]
  0x00007fae6c003000 JavaThread "pool-286-thread-1" [_thread_blocked, id=3667, stack(0x0000700003a38000,0x0000700003b38000)]
  0x00007fae6c006000 JavaThread "pool-285-thread-1" [_thread_blocked, id=137271, stack(0x0000700003935000,0x0000700003a35000)]
  0x00007fae6c153000 JavaThread "pool-284-thread-1" [_thread_blocked, id=208135, stack(0x0000700003832000,0x0000700003932000)]
  0x00007fae6c03a800 JavaThread "pool-283-thread-1" [_thread_blocked, id=133983, stack(0x000070000372f000,0x000070000382f000)]
  0x00007fae6c198000 JavaThread "pool-282-thread-1" [_thread_blocked, id=31299, stack(0x0000700003523000,0x0000700003623000)]
  0x00007fae6182e000 JavaThread "pool-281-thread-1" [_thread_blocked, id=158211, stack(0x0000700003420000,0x0000700003520000)]
  0x00007fae5fa65800 JavaThread "Java Sound Event Dispatcher" daemon [_thread_blocked, id=71291, stack(0x0000700003197000,0x0000700003297000)]
  0x00007fae6307d000 JavaThread "TimerQueue" daemon [_thread_blocked, id=56091, stack(0x0000700002f0e000,0x000070000300e000)]
  0x00007fae5f9dd800 JavaThread "Prism Font Disposer" daemon [_thread_blocked, id=55307, stack(0x0000700002e0b000,0x0000700002f0b000)]
  0x00007fae60116000 JavaThread "Timer-0" daemon [_thread_blocked, id=54811, stack(0x0000700002d08000,0x0000700002e08000)]
  0x00007fae60086800 JavaThread "Java2D Queue Flusher" daemon [_thread_blocked, id=54279, stack(0x0000700002c05000,0x0000700002d05000)]
  0x00007fae5f941800 JavaThread "Java2D Disposer" daemon [_thread_blocked, id=53763, stack(0x0000700002b02000,0x0000700002c02000)]
  0x00007fae600af000 JavaThread "JavaFX-Launcher" [_thread_blocked, id=52995, stack(0x00007000029ff000,0x0000700002aff000)]
  0x00007fae5f1cd800 JavaThread "Thread-3" daemon [_thread_in_native, id=30723, stack(0x00007000027f3000,0x0000700002873000)]
=>0x00007fae5f1ab800 JavaThread "JavaFX Application Thread" [_thread_in_native, id=775, stack(0x00007ffee43fe000,0x00007ffee4bfe000)]
  0x00007fae5f06b000 JavaThread "Thread-1" daemon [_thread_blocked, id=24835, stack(0x00007000026f0000,0x00007000027f0000)]
  0x00007fae5f068000 JavaThread "QuantumRenderer-0" daemon [_thread_blocked, id=21763, stack(0x00007000025ed000,0x00007000026ed000)]
  0x00007fae60042000 JavaThread "Service Thread" daemon [_thread_blocked, id=17667, stack(0x00007000023e7000,0x00007000024e7000)]
  0x00007fae6003f800 JavaThread "C1 CompilerThread3" daemon [_thread_blocked, id=16387, stack(0x00007000022e4000,0x00007000023e4000)]
  0x00007fae6003e800 JavaThread "C2 CompilerThread2" daemon [_thread_blocked, id=15875, stack(0x00007000021e1000,0x00007000022e1000)]
  0x00007fae6004e800 JavaThread "C2 CompilerThread1" daemon [_thread_blocked, id=18179, stack(0x00007000020de000,0x00007000021de000)]
  0x00007fae5f801800 JavaThread "C2 CompilerThread0" daemon [_thread_blocked, id=15363, stack(0x0000700001fdb000,0x00007000020db000)]
  0x00007fae5f819800 JavaThread "Signal Dispatcher" daemon [_thread_blocked, id=14859, stack(0x0000700001ed8000,0x0000700001fd8000)]
  0x00007fae60019800 JavaThread "Finalizer" daemon [_thread_blocked, id=19971, stack(0x0000700001dd5000,0x0000700001ed5000)]
  0x00007fae5f817000 JavaThread "Reference Handler" daemon [_thread_blocked, id=12803, stack(0x0000700001cd2000,0x0000700001dd2000)]
  0x00007fae60007800 JavaThread "main" [_thread_blocked, id=6403, stack(0x00007000012b4000,0x00007000013b4000)]

Other Threads:
  0x00007fae60019000 VMThread [stack: 0x0000700001bcf000,0x0000700001ccf000] [id=12547]
  0x00007fae6001d000 WatcherThread [stack: 0x00007000024ea000,0x00007000025ea000] [id=17155]

VM state:not at safepoint (normal execution)

VM Mutex/Monitor currently owned by a thread: None

Heap:
 PSYoungGen      total 36864K, used 19353K [0x000000076ab00000, 0x000000076d300000, 0x00000007c0000000)
  eden space 36352K, 53% used [0x000000076ab00000,0x000000076bde67e8,0x000000076ce80000)
  from space 512K, 0% used [0x000000076d200000,0x000000076d200000,0x000000076d280000)
  to   space 512K, 0% used [0x000000076d280000,0x000000076d280000,0x000000076d300000)
 ParOldGen       total 108544K, used 17890K [0x00000006c0000000, 0x00000006c6a00000, 0x000000076ab00000)
  object space 108544K, 16% used [0x00000006c0000000,0x00000006c1178ac8,0x00000006c6a00000)
 Metaspace       used 32608K, capacity 35380K, committed 35584K, reserved 1079296K
  class space    used 4333K, capacity 4827K, committed 4864K, reserved 1048576K

Card table byte_map: [0x000000011c707000,0x000000011cf08000] byte_map_base: 0x0000000119107000

Marking Bits: (ParMarkBitMap*) 0x000000010ca98890
 Begin Bits: [0x000000011d45e000, 0x000000012145e000)
 End Bits:   [0x000000012145e000, 0x000000012545e000)

Polling page: 0x000000010b087000

CodeCache: size=245760Kb used=18039Kb max_used=18052Kb free=227720Kb
 bounds [0x000000010d347000, 0x000000010e517000, 0x000000011c347000]
 total_blobs=6584 nmethods=5725 adapters=772
 compilation: enabled

Compilation events (10 events):
Event: 3525.884 Thread 0x00007fae6003f800 nmethod 7049 0x000000010e3ebc10 code [0x000000010e3ebe80, 0x000000010e3ecfc8]
Event: 3525.884 Thread 0x00007fae5f801800 nmethod 7052 0x000000010e3eb790 code [0x000000010e3eb8e0, 0x000000010e3ebab8]
Event: 3525.884 Thread 0x00007fae6004e800 nmethod 7053 0x000000010e3eb410 code [0x000000010e3eb560, 0x000000010e3eb6b8]
Event: 3525.884 Thread 0x00007fae6003f800 7050       3       org.microcol.model.Model$$Lambda$618/1710556633::get$Lambda (9 bytes)
Event: 3525.884 Thread 0x00007fae6003f800 nmethod 7050 0x000000010e3f0250 code [0x000000010e3f03c0, 0x000000010e3f0610]
Event: 3525.885 Thread 0x00007fae6003f800 7051       3       org.microcol.model.Model$$Lambda$618/1710556633::<init> (10 bytes)
Event: 3525.885 Thread 0x00007fae6003f800 nmethod 7051 0x000000010da2a490 code [0x000000010da2a600, 0x000000010da2a7d0]
Event: 3525.885 Thread 0x00007fae6003f800 7042       1       javafx.animation.KeyFrame::getValues (5 bytes)
Event: 3525.885 Thread 0x00007fae6003f800 nmethod 7042 0x000000010e3f1b90 code [0x000000010e3f1ce0, 0x000000010e3f1df0]
Event: 3525.886 Thread 0x00007fae6003e800 nmethod 7046 0x000000010e3ee110 code [0x000000010e3ee2a0, 0x000000010e3ee738]

GC Heap History (10 events):
Event: 3483.293 GC heap before
{Heap before GC invocations=171 (full 1):
 PSYoungGen      total 36864K, used 36608K [0x000000076ab00000, 0x000000076d300000, 0x00000007c0000000)
  eden space 36352K, 100% used [0x000000076ab00000,0x000000076ce80000,0x000000076ce80000)
  from space 512K, 50% used [0x000000076d200000,0x000000076d240000,0x000000076d280000)
  to   space 512K, 0% used [0x000000076d280000,0x000000076d280000,0x000000076d300000)
 ParOldGen       total 102400K, used 21674K [0x00000006c0000000, 0x00000006c6400000, 0x000000076ab00000)
  object space 102400K, 21% used [0x00000006c0000000,0x00000006c152ab30,0x00000006c6400000)
 Metaspace       used 32507K, capacity 35258K, committed 35328K, reserved 1079296K
  class space    used 4334K, capacity 4830K, committed 4864K, reserved 1048576K
Event: 3483.295 GC heap after
Heap after GC invocations=171 (full 1):
 PSYoungGen      total 36864K, used 288K [0x000000076ab00000, 0x000000076d300000, 0x00000007c0000000)
  eden space 36352K, 0% used [0x000000076ab00000,0x000000076ab00000,0x000000076ce80000)
  from space 512K, 56% used [0x000000076d280000,0x000000076d2c8000,0x000000076d300000)
  to   space 512K, 0% used [0x000000076d200000,0x000000076d200000,0x000000076d280000)
 ParOldGen       total 102400K, used 21682K [0x00000006c0000000, 0x00000006c6400000, 0x000000076ab00000)
  object space 102400K, 21% used [0x00000006c0000000,0x00000006c152cb30,0x00000006c6400000)
 Metaspace       used 32507K, capacity 35258K, committed 35328K, reserved 1079296K
  class space    used 4334K, capacity 4830K, committed 4864K, reserved 1048576K
}
Event: 3500.276 GC heap before
{Heap before GC invocations=172 (full 1):
 PSYoungGen      total 36864K, used 36640K [0x000000076ab00000, 0x000000076d300000, 0x00000007c0000000)
  eden space 36352K, 100% used [0x000000076ab00000,0x000000076ce80000,0x000000076ce80000)
  from space 512K, 56% used [0x000000076d280000,0x000000076d2c8000,0x000000076d300000)
  to   space 512K, 0% used [0x000000076d200000,0x000000076d200000,0x000000076d280000)
 ParOldGen       total 102400K, used 21682K [0x00000006c0000000, 0x00000006c6400000, 0x000000076ab00000)
  object space 102400K, 21% used [0x00000006c0000000,0x00000006c152cb30,0x00000006c6400000)
 Metaspace       used 32517K, capacity 35258K, committed 35328K, reserved 1079296K
  class space    used 4334K, capacity 4830K, committed 4864K, reserved 1048576K
Event: 3500.278 GC heap after
Heap after GC invocations=172 (full 1):
 PSYoungGen      total 36864K, used 256K [0x000000076ab00000, 0x000000076d300000, 0x00000007c0000000)
  eden space 36352K, 0% used [0x000000076ab00000,0x000000076ab00000,0x000000076ce80000)
  from space 512K, 50% used [0x000000076d200000,0x000000076d240000,0x000000076d280000)
  to   space 512K, 0% used [0x000000076d280000,0x000000076d280000,0x000000076d300000)
 ParOldGen       total 102400K, used 21690K [0x00000006c0000000, 0x00000006c6400000, 0x000000076ab00000)
  object space 102400K, 21% used [0x00000006c0000000,0x00000006c152eb30,0x00000006c6400000)
 Metaspace       used 32517K, capacity 35258K, committed 35328K, reserved 1079296K
  class space    used 4334K, capacity 4830K, committed 4864K, reserved 1048576K
}
Event: 3513.958 GC heap before
{Heap before GC invocations=173 (full 1):
 PSYoungGen      total 36864K, used 36608K [0x000000076ab00000, 0x000000076d300000, 0x00000007c0000000)
  eden space 36352K, 100% used [0x000000076ab00000,0x000000076ce80000,0x000000076ce80000)
  from space 512K, 50% used [0x000000076d200000,0x000000076d240000,0x000000076d280000)
  to   space 512K, 0% used [0x000000076d280000,0x000000076d280000,0x000000076d300000)
 ParOldGen       total 102400K, used 21690K [0x00000006c0000000, 0x00000006c6400000, 0x000000076ab00000)
  object space 102400K, 21% used [0x00000006c0000000,0x00000006c152eb30,0x00000006c6400000)
 Metaspace       used 32535K, capacity 35322K, committed 35416K, reserved 1079296K
  class space    used 4334K, capacity 4830K, committed 4864K, reserved 1048576K
Event: 3513.960 GC heap after
Heap after GC invocations=173 (full 1):
 PSYoungGen      total 36864K, used 320K [0x000000076ab00000, 0x000000076d300000, 0x00000007c0000000)
  eden space 36352K, 0% used [0x000000076ab00000,0x000000076ab00000,0x000000076ce80000)
  from space 512K, 62% used [0x000000076d280000,0x000000076d2d0000,0x000000076d300000)
  to   space 512K, 0% used [0x000000076d200000,0x000000076d200000,0x000000076d280000)
 ParOldGen       total 102400K, used 21698K [0x00000006c0000000, 0x00000006c6400000, 0x000000076ab00000)
  object space 102400K, 21% used [0x00000006c0000000,0x00000006c1530b30,0x00000006c6400000)
 Metaspace       used 32535K, capacity 35322K, committed 35416K, reserved 1079296K
  class space    used 4334K, capacity 4830K, committed 4864K, reserved 1048576K
}
Event: 3520.311 GC heap before
{Heap before GC invocations=174 (full 1):
 PSYoungGen      total 36864K, used 19504K [0x000000076ab00000, 0x000000076d300000, 0x00000007c0000000)
  eden space 36352K, 52% used [0x000000076ab00000,0x000000076bdbc380,0x000000076ce80000)
  from space 512K, 62% used [0x000000076d280000,0x000000076d2d0000,0x000000076d300000)
  to   space 512K, 0% used [0x000000076d200000,0x000000076d200000,0x000000076d280000)
 ParOldGen       total 102400K, used 21698K [0x00000006c0000000, 0x00000006c6400000, 0x000000076ab00000)
  object space 102400K, 21% used [0x00000006c0000000,0x00000006c1530b30,0x00000006c6400000)
 Metaspace       used 32581K, capacity 35326K, committed 35416K, reserved 1079296K
  class space    used 4334K, capacity 4830K, committed 4864K, reserved 1048576K
Event: 3520.313 GC heap after
Heap after GC invocations=174 (full 1):
 PSYoungGen      total 36864K, used 416K [0x000000076ab00000, 0x000000076d300000, 0x00000007c0000000)
  eden space 36352K, 0% used [0x000000076ab00000,0x000000076ab00000,0x000000076ce80000)
  from space 512K, 81% used [0x000000076d200000,0x000000076d268000,0x000000076d280000)
  to   space 512K, 0% used [0x000000076d280000,0x000000076d280000,0x000000076d300000)
 ParOldGen       total 102400K, used 21706K [0x00000006c0000000, 0x00000006c6400000, 0x000000076ab00000)
  object space 102400K, 21% used [0x00000006c0000000,0x00000006c1532b30,0x00000006c6400000)
 Metaspace       used 32581K, capacity 35326K, committed 35416K, reserved 1079296K
  class space    used 4334K, capacity 4830K, committed 4864K, reserved 1048576K
}
Event: 3520.313 GC heap before
{Heap before GC invocations=175 (full 2):
 PSYoungGen      total 36864K, used 416K [0x000000076ab00000, 0x000000076d300000, 0x00000007c0000000)
  eden space 36352K, 0% used [0x000000076ab00000,0x000000076ab00000,0x000000076ce80000)
  from space 512K, 81% used [0x000000076d200000,0x000000076d268000,0x000000076d280000)
  to   space 512K, 0% used [0x000000076d280000,0x000000076d280000,0x000000076d300000)
 ParOldGen       total 102400K, used 21706K [0x00000006c0000000, 0x00000006c6400000, 0x000000076ab00000)
  object space 102400K, 21% used [0x00000006c0000000,0x00000006c1532b30,0x00000006c6400000)
 Metaspace       used 32581K, capacity 35326K, committed 35416K, reserved 1079296K
  class space    used 4334K, capacity 4830K, committed 4864K, reserved 1048576K
Event: 3520.393 GC heap after
Heap after GC invocations=175 (full 2):
 PSYoungGen      total 36864K, used 0K [0x000000076ab00000, 0x000000076d300000, 0x00000007c0000000)
  eden space 36352K, 0% used [0x000000076ab00000,0x000000076ab00000,0x000000076ce80000)
  from space 512K, 0% used [0x000000076d200000,0x000000076d200000,0x000000076d280000)
  to   space 512K, 0% used [0x000000076d280000,0x000000076d280000,0x000000076d300000)
 ParOldGen       total 108544K, used 17890K [0x00000006c0000000, 0x00000006c6a00000, 0x000000076ab00000)
  object space 108544K, 16% used [0x00000006c0000000,0x00000006c1178ac8,0x00000006c6a00000)
 Metaspace       used 32574K, capacity 35302K, committed 35416K, reserved 1079296K
  class space    used 4332K, capacity 4826K, committed 4864K, reserved 1048576K
}

Deoptimization events (10 events):
Event: 54.421 Thread 0x00007fae5f068000 Uncommon trap: reason=class_check action=maybe_recompile pc=0x000000010db36c9c method=java.lang.reflect.Array.newInstance(Ljava/lang/Class;I)Ljava/lang/Object; @ 2
Event: 54.421 Thread 0x00007fae5f068000 Uncommon trap: reason=class_check action=maybe_recompile pc=0x000000010db36c9c method=java.lang.reflect.Array.newInstance(Ljava/lang/Class;I)Ljava/lang/Object; @ 2
Event: 108.153 Thread 0x00007fae5f068000 Uncommon trap: reason=intrinsic action=make_not_entrant pc=0x000000010e3dcf44 method=com.sun.prism.impl.ps.BaseShaderGraphics.drawString(Lcom/sun/javafx/scene/text/GlyphList;Lcom/sun/javafx/font/FontStrike;FFLcom/sun/prism/paint/Color;II)V @ 572
Event: 332.594 Thread 0x00007fae5f1ab800 Uncommon trap: reason=null_check action=make_not_entrant pc=0x000000010d4f9ea4 method=com.sun.javafx.sg.prism.GrowableDataBuffer.getBuffer(II)Lcom/sun/javafx/sg/prism/GrowableDataBuffer; @ 22
Event: 3465.693 Thread 0x00007fae5f1ab800 Uncommon trap: reason=unstable_if action=reinterpret pc=0x000000010e2295f0 method=java.lang.invoke.MethodType.checkPtypes([Ljava/lang/Class;)I @ 32
Event: 3476.503 Thread 0x00007fae5f1ab800 Uncommon trap: reason=unstable_if action=reinterpret pc=0x000000010e4d6a3c method=javafx.scene.Scene$DnDGesture.processDragDetection(Ljavafx/scene/input/MouseEvent;)V @ 104
Event: 3478.847 Thread 0x00007fae5f1ab800 Uncommon trap: reason=unstable_if action=reinterpret pc=0x000000010e321a10 method=com.sun.javafx.font.PrismFont.equals(Ljava/lang/Object;)Z @ 43
Event: 3506.597 Thread 0x00007fae5f06b000 Uncommon trap: reason=unstable_if action=reinterpret pc=0x000000010de3ae5c method=com.sun.glass.ui.InvokeLaterDispatcher.run()V @ 105
Event: 3515.226 Thread 0x00007fae5f06b000 Uncommon trap: reason=unstable_if action=reinterpret pc=0x000000010de1c894 method=com.sun.glass.ui.InvokeLaterDispatcher.run()V @ 105
Event: 3521.623 Thread 0x00007fae5f1ab800 Uncommon trap: reason=unstable_if action=reinterpret pc=0x000000010df12e10 method=com.sun.javafx.sg.prism.GrowableDataBuffer.getBuffer(II)Lcom/sun/javafx/sg/prism/GrowableDataBuffer; @ 55

Classes redefined (0 events):
No events

Internal exceptions (10 events):
Event: 2.081 Thread 0x00007fae5f1ab800 Exception <a 'java/lang/NoClassDefFoundError': com/oracle/jrockit/jfr/EventToken> (0x000000076c12c9f0) thrown at [/Users/java_re/workspace/8-2-build-macosx-x86_64/jdk8u152/9280.nc/hotspot/src/share/vm/classfile/systemDictionary.cpp, line 199]
Event: 2.118 Thread 0x00007fae5f1ab800 Implicit null exception at 0x000000010d8d54ad to 0x000000010d8d54fd
Event: 5.441 Thread 0x00007fae5f1ab800 Implicit null exception at 0x000000010db1828c to 0x000000010db182f5
Event: 15.066 Thread 0x00007fae5f1ab800 Exception <a 'java/lang/NoSuchMethodError': java.lang.Object.lambda$maxBy$1(Ljava/util/Comparator;Ljava/lang/Object;Ljava/lang/Object;)Ljava/lang/Object;> (0x000000076bbf8bb8) thrown at [/Users/java_re/workspace/8-2-build-macosx-x86_64/jdk8u152/9280.nc/ho
Event: 15.081 Thread 0x00007fae5f068000 Implicit null exception at 0x000000010df18b27 to 0x000000010df192b3
Event: 17.922 Thread 0x00007fae5f068000 Implicit null exception at 0x000000010dff0b7f to 0x000000010dff1561
Event: 32.482 Thread 0x00007fae5f1ab800 Implicit null exception at 0x000000010e086cbc to 0x000000010e087189
Event: 32.517 Thread 0x00007fae5f068000 Implicit null exception at 0x000000010e38a77f to 0x000000010e38a9e5
Event: 32.518 Thread 0x00007fae5f068000 Implicit null exception at 0x000000010df1aef1 to 0x000000010df1b231
Event: 332.594 Thread 0x00007fae5f1ab800 Implicit null exception at 0x000000010d4f98c2 to 0x000000010d4f9e79

Events (10 events):
Event: 3524.892 Thread 0x00007fae62009800 Thread added: 0x00007fae62009800
Event: 3524.892 Thread 0x00007fae6c2cb800 Thread added: 0x00007fae6c2cb800
Event: 3524.892 Thread 0x00007fae6c14c800 Thread added: 0x00007fae6c14c800
Event: 3524.892 Thread 0x00007fae6c04e000 Thread added: 0x00007fae6c04e000
Event: 3525.062 Thread 0x00007fae6c04f000 Thread added: 0x00007fae6c04f000
Event: 3525.062 Thread 0x00007fae6c038000 Thread added: 0x00007fae6c038000
Event: 3525.062 Thread 0x00007fae679de000 Thread exited: 0x00007fae679de000
Event: 3525.062 Thread 0x00007fae6c038000 Thread exited: 0x00007fae6c038000
Event: 3525.884 Thread 0x00007fae6003f800 flushing nmethod 0x000000010da2a210
Event: 3525.885 Thread 0x00007fae6003f800 flushing nmethod 0x000000010da83750


Dynamic libraries:
0x000000002c7d4000 	/System/Library/Frameworks/Cocoa.framework/Versions/A/Cocoa
0x000000002c7d4000 	/System/Library/Frameworks/Security.framework/Versions/A/Security
0x000000002c7d4000 	/System/Library/Frameworks/ApplicationServices.framework/Versions/A/ApplicationServices
0x000000002c7d4000 	/usr/lib/libz.1.dylib
0x000000002c7d4000 	/usr/lib/libSystem.B.dylib
0x000000002c7d4000 	/usr/lib/libobjc.A.dylib
0x000000002c7d4000 	/System/Library/Frameworks/CoreFoundation.framework/Versions/A/CoreFoundation
0x000000002c7d4000 	/System/Library/Frameworks/Foundation.framework/Versions/C/Foundation
0x000000002c7d4000 	/System/Library/Frameworks/AppKit.framework/Versions/C/AppKit
0x000000002c7d4000 	/System/Library/Frameworks/CoreData.framework/Versions/A/CoreData
0x000000002c7d4000 	/System/Library/PrivateFrameworks/RemoteViewServices.framework/Versions/A/RemoteViewServices
0x000000002c7d4000 	/System/Library/PrivateFrameworks/UIFoundation.framework/Versions/A/UIFoundation
0x000000002c7d4000 	/System/Library/PrivateFrameworks/DFRFoundation.framework/Versions/A/DFRFoundation
0x000000002c7d4000 	/System/Library/Frameworks/Metal.framework/Versions/A/Metal
0x000000002c7d4000 	/System/Library/PrivateFrameworks/DesktopServicesPriv.framework/Versions/A/DesktopServicesPriv
0x000000002c7d4000 	/usr/lib/libenergytrace.dylib
0x000000002c7d4000 	/System/Library/PrivateFrameworks/SkyLight.framework/Versions/A/SkyLight
0x000000002c7d4000 	/System/Library/Frameworks/CoreGraphics.framework/Versions/A/CoreGraphics
0x000000002c7d4000 	/usr/lib/libScreenReader.dylib
0x000000002c7d4000 	/System/Library/Frameworks/Accelerate.framework/Versions/A/Accelerate
0x000000002c7d4000 	/System/Library/Frameworks/IOSurface.framework/Versions/A/IOSurface
0x000000002c7d4000 	/System/Library/Frameworks/AudioToolbox.framework/Versions/A/AudioToolbox
0x000000002c7d4000 	/System/Library/Frameworks/AudioUnit.framework/Versions/A/AudioUnit
0x000000002c7d4000 	/System/Library/PrivateFrameworks/DataDetectorsCore.framework/Versions/A/DataDetectorsCore
0x000000002c7d4000 	/System/Library/Frameworks/Carbon.framework/Versions/A/Frameworks/HIToolbox.framework/Versions/A/HIToolbox
0x000000002c7d4000 	/usr/lib/libicucore.A.dylib
0x000000002c7d4000 	/System/Library/Frameworks/QuartzCore.framework/Versions/A/QuartzCore
0x000000002c7d4000 	/System/Library/PrivateFrameworks/SignpostNotification.framework/Versions/A/SignpostNotification
0x000000002c7d4000 	/System/Library/Frameworks/Carbon.framework/Versions/A/Frameworks/SpeechRecognition.framework/Versions/A/SpeechRecognition
0x000000002c7d4000 	/usr/lib/libauto.dylib
0x000000002c7d4000 	/usr/lib/libxml2.2.dylib
0x000000002c7d4000 	/System/Library/PrivateFrameworks/CoreUI.framework/Versions/A/CoreUI
0x000000002c7d4000 	/System/Library/Frameworks/CoreAudio.framework/Versions/A/CoreAudio
0x000000002c7d4000 	/System/Library/Frameworks/DiskArbitration.framework/Versions/A/DiskArbitration
0x000000002c7d4000 	/usr/lib/liblangid.dylib
0x000000002c7d4000 	/System/Library/PrivateFrameworks/MultitouchSupport.framework/Versions/A/MultitouchSupport
0x000000002c7d4000 	/System/Library/Frameworks/IOKit.framework/Versions/A/IOKit
0x000000002c7d4000 	/usr/lib/libDiagnosticMessagesClient.dylib
0x000000002c7d4000 	/System/Library/Frameworks/CoreServices.framework/Versions/A/CoreServices
0x000000002c7d4000 	/System/Library/PrivateFrameworks/PerformanceAnalysis.framework/Versions/A/PerformanceAnalysis
0x000000002c7d4000 	/System/Library/Frameworks/OpenGL.framework/Versions/A/OpenGL
0x000000002c7d4000 	/System/Library/Frameworks/ColorSync.framework/Versions/A/ColorSync
0x000000002c7d4000 	/System/Library/Frameworks/CoreImage.framework/Versions/A/CoreImage
0x000000002c7d4000 	/System/Library/Frameworks/CoreText.framework/Versions/A/CoreText
0x000000002c7d4000 	/System/Library/Frameworks/ImageIO.framework/Versions/A/ImageIO
0x000000002c7d4000 	/System/Library/PrivateFrameworks/Backup.framework/Versions/A/Backup
0x000000002c7d4000 	/usr/lib/libarchive.2.dylib
0x000000002c7d4000 	/System/Library/Frameworks/CFNetwork.framework/Versions/A/CFNetwork
0x000000002c7d4000 	/System/Library/Frameworks/SystemConfiguration.framework/Versions/A/SystemConfiguration
0x000000002c7d4000 	/usr/lib/libCRFSuite.dylib
0x000000002c7d4000 	/usr/lib/libc++.1.dylib
0x000000002c7d4000 	/usr/lib/libc++abi.dylib
0x000000002c7d4000 	/usr/lib/system/libcache.dylib
0x000000002c7d4000 	/usr/lib/system/libcommonCrypto.dylib
0x000000002c7d4000 	/usr/lib/system/libcompiler_rt.dylib
0x000000002c7d4000 	/usr/lib/system/libcopyfile.dylib
0x000000002c7d4000 	/usr/lib/system/libcorecrypto.dylib
0x000000002c7d4000 	/usr/lib/system/libdispatch.dylib
0x000000002c7d4000 	/usr/lib/system/libdyld.dylib
0x000000002c7d4000 	/usr/lib/system/libkeymgr.dylib
0x000000002c7d4000 	/usr/lib/system/liblaunch.dylib
0x000000002c7d4000 	/usr/lib/system/libmacho.dylib
0x000000002c7d4000 	/usr/lib/system/libquarantine.dylib
0x000000002c7d4000 	/usr/lib/system/libremovefile.dylib
0x000000002c7d4000 	/usr/lib/system/libsystem_asl.dylib
0x000000002c7d4000 	/usr/lib/system/libsystem_blocks.dylib
0x000000002c7d4000 	/usr/lib/system/libsystem_c.dylib
0x000000002c7d4000 	/usr/lib/system/libsystem_configuration.dylib
0x000000002c7d4000 	/usr/lib/system/libsystem_coreservices.dylib
0x000000002c7d4000 	/usr/lib/system/libsystem_darwin.dylib
0x000000002c7d4000 	/usr/lib/system/libsystem_dnssd.dylib
0x000000002c7d4000 	/usr/lib/system/libsystem_info.dylib
0x000000002c7d4000 	/usr/lib/system/libsystem_m.dylib
0x000000002c7d4000 	/usr/lib/system/libsystem_malloc.dylib
0x000000002c7d4000 	/usr/lib/system/libsystem_network.dylib
0x000000002c7d4000 	/usr/lib/system/libsystem_networkextension.dylib
0x000000002c7d4000 	/usr/lib/system/libsystem_notify.dylib
0x000000002c7d4000 	/usr/lib/system/libsystem_sandbox.dylib
0x000000002c7d4000 	/usr/lib/system/libsystem_secinit.dylib
0x000000002c7d4000 	/usr/lib/system/libsystem_kernel.dylib
0x000000002c7d4000 	/usr/lib/system/libsystem_platform.dylib
0x000000002c7d4000 	/usr/lib/system/libsystem_pthread.dylib
0x000000002c7d4000 	/usr/lib/system/libsystem_symptoms.dylib
0x000000002c7d4000 	/usr/lib/system/libsystem_trace.dylib
0x000000002c7d4000 	/usr/lib/system/libunwind.dylib
0x000000002c7d4000 	/usr/lib/system/libxpc.dylib
0x000000002c7d4000 	/usr/lib/closure/libclosured.dylib
0x000000002c7d4000 	/usr/lib/libbsm.0.dylib
0x000000002c7d4000 	/usr/lib/system/libkxld.dylib
0x000000002c7d4000 	/usr/lib/libOpenScriptingUtil.dylib
0x000000002c7d4000 	/usr/lib/libcoretls.dylib
0x000000002c7d4000 	/usr/lib/libcoretls_cfhelpers.dylib
0x000000002c7d4000 	/usr/lib/libpam.2.dylib
0x000000002c7d4000 	/usr/lib/libsqlite3.dylib
0x000000002c7d4000 	/usr/lib/libxar.1.dylib
0x000000002c7d4000 	/usr/lib/libbz2.1.0.dylib
0x000000002c7d4000 	/usr/lib/liblzma.5.dylib
0x000000002c7d4000 	/usr/lib/libnetwork.dylib
0x000000002c7d4000 	/usr/lib/libapple_nghttp2.dylib
0x000000002c7d4000 	/usr/lib/libpcap.A.dylib
0x000000002c7d4000 	/usr/lib/libboringssl.dylib
0x000000002c7d4000 	/usr/lib/libusrtcp.dylib
0x000000002c7d4000 	/usr/lib/libapple_crypto.dylib
0x000000002c7d4000 	/System/Library/Frameworks/CoreServices.framework/Versions/A/Frameworks/FSEvents.framework/Versions/A/FSEvents
0x000000002c7d4000 	/System/Library/Frameworks/CoreServices.framework/Versions/A/Frameworks/CarbonCore.framework/Versions/A/CarbonCore
0x000000002c7d4000 	/System/Library/Frameworks/CoreServices.framework/Versions/A/Frameworks/Metadata.framework/Versions/A/Metadata
0x000000002c7d4000 	/System/Library/Frameworks/CoreServices.framework/Versions/A/Frameworks/OSServices.framework/Versions/A/OSServices
0x000000002c7d4000 	/System/Library/Frameworks/CoreServices.framework/Versions/A/Frameworks/SearchKit.framework/Versions/A/SearchKit
0x000000002c7d4000 	/System/Library/Frameworks/CoreServices.framework/Versions/A/Frameworks/AE.framework/Versions/A/AE
0x000000002c7d4000 	/System/Library/Frameworks/CoreServices.framework/Versions/A/Frameworks/LaunchServices.framework/Versions/A/LaunchServices
0x000000002c7d4000 	/System/Library/Frameworks/CoreServices.framework/Versions/A/Frameworks/DictionaryServices.framework/Versions/A/DictionaryServices
0x000000002c7d4000 	/System/Library/Frameworks/CoreServices.framework/Versions/A/Frameworks/SharedFileList.framework/Versions/A/SharedFileList
0x000000002c7d4000 	/System/Library/Frameworks/NetFS.framework/Versions/A/NetFS
0x000000002c7d4000 	/System/Library/PrivateFrameworks/NetAuth.framework/Versions/A/NetAuth
0x000000002c7d4000 	/System/Library/PrivateFrameworks/login.framework/Versions/A/Frameworks/loginsupport.framework/Versions/A/loginsupport
0x000000002c7d4000 	/System/Library/PrivateFrameworks/TCC.framework/Versions/A/TCC
0x000000002c7d4000 	/usr/lib/libmecabra.dylib
0x000000002c7d4000 	/System/Library/Frameworks/ApplicationServices.framework/Versions/A/Frameworks/ATS.framework/Versions/A/ATS
0x000000002c7d4000 	/System/Library/Frameworks/ApplicationServices.framework/Versions/A/Frameworks/ColorSyncLegacy.framework/Versions/A/ColorSyncLegacy
0x000000002c7d4000 	/System/Library/Frameworks/ApplicationServices.framework/Versions/A/Frameworks/HIServices.framework/Versions/A/HIServices
0x000000002c7d4000 	/System/Library/Frameworks/ApplicationServices.framework/Versions/A/Frameworks/LangAnalysis.framework/Versions/A/LangAnalysis
0x000000002c7d4000 	/System/Library/Frameworks/ApplicationServices.framework/Versions/A/Frameworks/PrintCore.framework/Versions/A/PrintCore
0x000000002c7d4000 	/System/Library/Frameworks/ApplicationServices.framework/Versions/A/Frameworks/QD.framework/Versions/A/QD
0x000000002c7d4000 	/System/Library/Frameworks/ApplicationServices.framework/Versions/A/Frameworks/SpeechSynthesis.framework/Versions/A/SpeechSynthesis
0x000000002c7d4000 	/System/Library/Frameworks/CoreDisplay.framework/Versions/A/CoreDisplay
0x000000002c7d4000 	/System/Library/Frameworks/Accelerate.framework/Versions/A/Frameworks/vImage.framework/Versions/A/vImage
0x000000002c7d4000 	/System/Library/Frameworks/Accelerate.framework/Versions/A/Frameworks/vecLib.framework/Versions/A/vecLib
0x000000002c7d4000 	/System/Library/Frameworks/Accelerate.framework/Versions/A/Frameworks/vecLib.framework/Versions/A/libvDSP.dylib
0x000000002c7d4000 	/System/Library/Frameworks/Accelerate.framework/Versions/A/Frameworks/vecLib.framework/Versions/A/libBNNS.dylib
0x000000002c7d4000 	/System/Library/Frameworks/Accelerate.framework/Versions/A/Frameworks/vecLib.framework/Versions/A/libQuadrature.dylib
0x000000002c7d4000 	/System/Library/Frameworks/Accelerate.framework/Versions/A/Frameworks/vecLib.framework/Versions/A/libvMisc.dylib
0x000000002c7d4000 	/System/Library/Frameworks/Accelerate.framework/Versions/A/Frameworks/vecLib.framework/Versions/A/libLAPACK.dylib
0x000000002c7d4000 	/System/Library/Frameworks/Accelerate.framework/Versions/A/Frameworks/vecLib.framework/Versions/A/libBLAS.dylib
0x000000002c7d4000 	/System/Library/Frameworks/Accelerate.framework/Versions/A/Frameworks/vecLib.framework/Versions/A/libLinearAlgebra.dylib
0x000000002c7d4000 	/System/Library/Frameworks/Accelerate.framework/Versions/A/Frameworks/vecLib.framework/Versions/A/libSparse.dylib
0x000000002c7d4000 	/System/Library/Frameworks/Accelerate.framework/Versions/A/Frameworks/vecLib.framework/Versions/A/libSparseBLAS.dylib
0x000000002c7d4000 	/System/Library/PrivateFrameworks/GPUWrangler.framework/Versions/A/GPUWrangler
0x000000002c7d4000 	/System/Library/PrivateFrameworks/IOAccelerator.framework/Versions/A/IOAccelerator
0x000000002c7d4000 	/System/Library/PrivateFrameworks/IOPresentment.framework/Versions/A/IOPresentment
0x000000002c7d4000 	/System/Library/PrivateFrameworks/DSExternalDisplay.framework/Versions/A/DSExternalDisplay
0x000000002c7d4000 	/System/Library/Frameworks/OpenGL.framework/Versions/A/Libraries/libCoreFSCache.dylib
0x000000002c7d4000 	/System/Library/Frameworks/CoreVideo.framework/Versions/A/CoreVideo
0x000000002c7d4000 	/System/Library/PrivateFrameworks/GraphVisualizer.framework/Versions/A/GraphVisualizer
0x000000002c7d4000 	/System/Library/Frameworks/MetalPerformanceShaders.framework/Versions/A/MetalPerformanceShaders
0x000000002c7d4000 	/usr/lib/libFosl_dynamic.dylib
0x000000002c7d4000 	/System/Library/PrivateFrameworks/FaceCore.framework/Versions/A/FaceCore
0x000000002c7d4000 	/System/Library/Frameworks/OpenCL.framework/Versions/A/OpenCL
0x000000002c7d4000 	/usr/lib/libcompression.dylib
0x000000002c7d4000 	/System/Library/Frameworks/ApplicationServices.framework/Versions/A/Frameworks/ATS.framework/Versions/A/Resources/libFontParser.dylib
0x000000002c7d4000 	/System/Library/Frameworks/ApplicationServices.framework/Versions/A/Frameworks/ATS.framework/Versions/A/Resources/libFontRegistry.dylib
0x000000002c7d4000 	/System/Library/Frameworks/ImageIO.framework/Versions/A/Resources/libJPEG.dylib
0x000000002c7d4000 	/System/Library/Frameworks/ImageIO.framework/Versions/A/Resources/libTIFF.dylib
0x000000002c7d4000 	/System/Library/Frameworks/ImageIO.framework/Versions/A/Resources/libPng.dylib
0x000000002c7d4000 	/System/Library/Frameworks/ImageIO.framework/Versions/A/Resources/libGIF.dylib
0x000000002c7d4000 	/System/Library/Frameworks/ImageIO.framework/Versions/A/Resources/libJP2.dylib
0x000000002c7d4000 	/System/Library/Frameworks/ImageIO.framework/Versions/A/Resources/libRadiance.dylib
0x000000002c7d4000 	/System/Library/PrivateFrameworks/AppleJPEG.framework/Versions/A/AppleJPEG
0x000000002c7d4000 	/System/Library/Frameworks/MetalPerformanceShaders.framework/Frameworks/MPSCore.framework/Versions/A/MPSCore
0x000000002c7d4000 	/System/Library/Frameworks/MetalPerformanceShaders.framework/Frameworks/MPSImage.framework/Versions/A/MPSImage
0x000000002c7d4000 	/System/Library/Frameworks/MetalPerformanceShaders.framework/Frameworks/MPSNeuralNetwork.framework/Versions/A/MPSNeuralNetwork
0x000000002c7d4000 	/System/Library/Frameworks/MetalPerformanceShaders.framework/Frameworks/MPSMatrix.framework/Versions/A/MPSMatrix
0x000000002c7d4000 	/System/Library/PrivateFrameworks/MetalTools.framework/Versions/A/MetalTools
0x000000002c7d4000 	/System/Library/Frameworks/OpenGL.framework/Versions/A/Libraries/libGLU.dylib
0x000000002c7d4000 	/System/Library/Frameworks/OpenGL.framework/Versions/A/Libraries/libGFXShared.dylib
0x000000002c7d4000 	/System/Library/Frameworks/OpenGL.framework/Versions/A/Libraries/libGL.dylib
0x000000002c7d4000 	/System/Library/Frameworks/OpenGL.framework/Versions/A/Libraries/libGLImage.dylib
0x000000002c7d4000 	/System/Library/Frameworks/OpenGL.framework/Versions/A/Libraries/libCVMSPluginSupport.dylib
0x000000002c7d4000 	/System/Library/Frameworks/OpenGL.framework/Versions/A/Libraries/libCoreVMClient.dylib
0x000000002c7d4000 	/usr/lib/libcups.2.dylib
0x000000002c7d4000 	/System/Library/Frameworks/Kerberos.framework/Versions/A/Kerberos
0x000000002c7d4000 	/System/Library/Frameworks/GSS.framework/Versions/A/GSS
0x000000002c7d4000 	/usr/lib/libresolv.9.dylib
0x000000002c7d4000 	/usr/lib/libiconv.2.dylib
0x000000002c7d4000 	/System/Library/PrivateFrameworks/Heimdal.framework/Versions/A/Heimdal
0x000000002c7d4000 	/usr/lib/libheimdal-asn1.dylib
0x000000002c7d4000 	/System/Library/Frameworks/OpenDirectory.framework/Versions/A/OpenDirectory
0x000000002c7d4000 	/System/Library/PrivateFrameworks/CommonAuth.framework/Versions/A/CommonAuth
0x000000002c7d4000 	/System/Library/Frameworks/OpenDirectory.framework/Versions/A/Frameworks/CFOpenDirectory.framework/Versions/A/CFOpenDirectory
0x000000002c7d4000 	/System/Library/Frameworks/SecurityFoundation.framework/Versions/A/SecurityFoundation
0x000000002c7d4000 	/System/Library/PrivateFrameworks/APFS.framework/Versions/A/APFS
0x000000002c7d4000 	/usr/lib/libutil.dylib
0x000000002c7d4000 	/System/Library/PrivateFrameworks/AppleSauce.framework/Versions/A/AppleSauce
0x000000002c7d4000 	/System/Library/PrivateFrameworks/LinguisticData.framework/Versions/A/LinguisticData
0x000000002c7d4000 	/usr/lib/libmarisa.dylib
0x000000002c7d4000 	/System/Library/PrivateFrameworks/Lexicon.framework/Versions/A/Lexicon
0x000000002c7d4000 	/usr/lib/libChineseTokenizer.dylib
0x000000002c7d4000 	/usr/lib/libcmph.dylib
0x000000002c7d4000 	/System/Library/PrivateFrameworks/LanguageModeling.framework/Versions/A/LanguageModeling
0x000000002c7d4000 	/System/Library/PrivateFrameworks/CoreEmoji.framework/Versions/A/CoreEmoji
0x000000002c7d4000 	/System/Library/Frameworks/ServiceManagement.framework/Versions/A/ServiceManagement
0x000000002c7d4000 	/System/Library/PrivateFrameworks/BackgroundTaskManagement.framework/Versions/A/BackgroundTaskManagement
0x000000002c7d4000 	/usr/lib/libxslt.1.dylib
0x000000002c7d4000 	/System/Library/Frameworks/Carbon.framework/Versions/A/Frameworks/Ink.framework/Versions/A/Ink
0x000000002c7d4000 	/System/Library/PrivateFrameworks/TextureIO.framework/Versions/A/TextureIO
0x000000002c7d4000 	/usr/lib/libate.dylib
0x000000002c7d4000 	/System/Library/PrivateFrameworks/CrashReporterSupport.framework/Versions/A/CrashReporterSupport
0x000000002c7d4000 	/System/Library/PrivateFrameworks/Sharing.framework/Versions/A/Sharing
0x000000002c7d4000 	/System/Library/PrivateFrameworks/IconServices.framework/Versions/A/IconServices
0x000000002c7d4000 	/System/Library/PrivateFrameworks/Apple80211.framework/Versions/A/Apple80211
0x000000002c7d4000 	/System/Library/PrivateFrameworks/CoreUtils.framework/Versions/A/CoreUtils
0x000000002c7d4000 	/System/Library/Frameworks/CoreWLAN.framework/Versions/A/CoreWLAN
0x000000002c7d4000 	/System/Library/Frameworks/IOBluetooth.framework/Versions/A/IOBluetooth
0x000000002c7d4000 	/System/Library/PrivateFrameworks/ProtocolBuffer.framework/Versions/A/ProtocolBuffer
0x000000002c7d4000 	/System/Library/PrivateFrameworks/CoreWiFi.framework/Versions/A/CoreWiFi
0x000000002c7d4000 	/System/Library/Frameworks/CoreBluetooth.framework/Versions/A/CoreBluetooth
0x000000002c7d4000 	/System/Library/PrivateFrameworks/DebugSymbols.framework/Versions/A/DebugSymbols
0x000000002c7d4000 	/System/Library/PrivateFrameworks/CoreSymbolication.framework/Versions/A/CoreSymbolication
0x000000002c7d4000 	/System/Library/PrivateFrameworks/Symbolication.framework/Versions/A/Symbolication
0x000000002c7d4000 	/System/Library/PrivateFrameworks/AppleFSCompression.framework/Versions/A/AppleFSCompression
0x000000002c7d4000 	/System/Library/PrivateFrameworks/SpeechRecognitionCore.framework/Versions/A/SpeechRecognitionCore
0x000000010c200000 	/Library/Java/JavaVirtualMachines/jdk1.8.0_152.jdk/Contents/Home/jre/lib/server/libjvm.dylib
0x000000002c7d4000 	/usr/lib/libstdc++.6.0.9.dylib
0x000000010b043000 	/Library/Java/JavaVirtualMachines/jdk1.8.0_152.jdk/Contents/Home/jre/lib/libverify.dylib
0x000000010b051000 	/Library/Java/JavaVirtualMachines/jdk1.8.0_152.jdk/Contents/Home/jre/lib/libjava.dylib
0x000000010b0d1000 	/Library/Java/JavaVirtualMachines/jdk1.8.0_152.jdk/Contents/Home/jre/lib/libzip.dylib
0x0000000129b99000 	/Library/Java/JavaVirtualMachines/jdk1.8.0_152.jdk/Contents/Home/jre/lib/libprism_es2.dylib
0x000000002c7d4000 	/System/Library/PrivateFrameworks/CoreServicesInternal.framework/Versions/A/CoreServicesInternal
0x000000002c7d4000 	/System/Library/Frameworks/OpenGL.framework/Versions/A/Resources/GLEngine.bundle/GLEngine
0x000000002c7d4000 	/System/Library/Frameworks/OpenGL.framework/Versions/A/Libraries/libGLProgrammability.dylib
0x0000000129e34000 	/System/Library/Extensions/AppleIntelSKLGraphicsGLDriver.bundle/Contents/MacOS/AppleIntelSKLGraphicsGLDriver
0x000000002c7d4000 	/System/Library/PrivateFrameworks/GPUSupport.framework/Versions/A/Libraries/libGPUSupportMercury.dylib
0x000000012b0f9000 	/System/Library/Extensions/AMDRadeonX4000GLDriver.bundle/Contents/MacOS/AMDRadeonX4000GLDriver
0x000000002c7d4000 	/System/Library/Extensions/AMDRadeonX4000GLDriver.bundle/Contents/MacOS/ATIRadeonX4000SCLib.dylib
0x000000002c7d4000 	/System/Library/Frameworks/OpenGL.framework/Versions/A/Resources/GLRendererFloat.bundle/GLRendererFloat
0x000000002c7d4000 	/System/Library/Frameworks/OpenCL.framework/Versions/A/Libraries/libcldcpuengine.dylib
0x000000002c7d4000 	/usr/lib/libcrypto.35.dylib
0x000000002c7d4000 	/System/Library/PrivateFrameworks/TrustEvaluationAgent.framework/Versions/A/TrustEvaluationAgent
0x000000012b2a3000 	/Library/Java/JavaVirtualMachines/jdk1.8.0_152.jdk/Contents/Home/jre/lib/libglass.dylib
0x000000002c7d4000 	/System/Library/CoreServices/RawCamera.bundle/Contents/MacOS/RawCamera
0x000000002c7d4000 	/System/Library/PrivateFrameworks/MobileAsset.framework/Versions/A/MobileAsset
0x000000002c7d4000 	/System/Library/PrivateFrameworks/StreamingZip.framework/Versions/A/StreamingZip
0x000000002c7d4000 	/System/Library/Frameworks/MediaToolbox.framework/Versions/A/MediaToolbox
0x000000002c7d4000 	/System/Library/PrivateFrameworks/CoreAVCHD.framework/Versions/A/CoreAVCHD
0x000000002c7d4000 	/System/Library/Frameworks/MediaAccessibility.framework/Versions/A/MediaAccessibility
0x000000002c7d4000 	/System/Library/PrivateFrameworks/Mangrove.framework/Versions/A/Mangrove
0x000000002c7d4000 	/System/Library/Frameworks/CoreMedia.framework/Versions/A/CoreMedia
0x000000002c7d4000 	/System/Library/Frameworks/VideoToolbox.framework/Versions/A/VideoToolbox
0x000000002c7d4000 	/System/Library/PrivateFrameworks/CoreAUC.framework/Versions/A/CoreAUC
0x000000002c7d4000 	/usr/lib/libspindump.dylib
0x000000002c7d4000 	/System/Library/PrivateFrameworks/AppleVA.framework/Versions/A/AppleVA
0x000000002c7d4000 	/System/Library/Frameworks/Accelerate.framework/Versions/A/Frameworks/vImage.framework/Versions/A/Libraries/libCGInterfaces.dylib
0x000000002c7d4000 	/System/Library/PrivateFrameworks/FamilyControls.framework/Versions/A/FamilyControls
0x000000002c7d4000 	/System/Library/PrivateFrameworks/CommerceKit.framework/Versions/A/Frameworks/CommerceCore.framework/Versions/A/CommerceCore
0x000000002c7d4000 	/System/Library/PrivateFrameworks/SystemAdministration.framework/Versions/A/SystemAdministration
0x000000002c7d4000 	/System/Library/PrivateFrameworks/AppContainer.framework/Versions/A/AppContainer
0x000000002c7d4000 	/System/Library/PrivateFrameworks/SecCodeWrapper.framework/Versions/A/SecCodeWrapper
0x000000002c7d4000 	/System/Library/PrivateFrameworks/DiskManagement.framework/Versions/A/DiskManagement
0x000000002c7d4000 	/System/Library/Frameworks/DirectoryService.framework/Versions/A/DirectoryService
0x000000002c7d4000 	/System/Library/PrivateFrameworks/DiskImages.framework/Versions/A/DiskImages
0x000000002c7d4000 	/System/Library/PrivateFrameworks/LoginUIKit.framework/Versions/A/Frameworks/LoginUICore.framework/Versions/A/LoginUICore
0x000000002c7d4000 	/usr/lib/libCoreStorage.dylib
0x000000002c7d4000 	/usr/lib/libcsfde.dylib
0x000000002c7d4000 	/usr/lib/libodfde.dylib
0x000000002c7d4000 	/System/Library/PrivateFrameworks/MediaKit.framework/Versions/A/MediaKit
0x000000002c7d4000 	/System/Library/Frameworks/DiscRecording.framework/Versions/A/DiscRecording
0x000000002c7d4000 	/System/Library/PrivateFrameworks/EFILogin.framework/Versions/A/EFILogin
0x000000002c7d4000 	/System/Library/PrivateFrameworks/ProtectedCloudStorage.framework/Versions/A/ProtectedCloudStorage
0x000000002c7d4000 	/usr/lib/libcurl.4.dylib
0x000000002c7d4000 	/usr/lib/libssl.35.dylib
0x000000002c7d4000 	/System/Library/Frameworks/LDAP.framework/Versions/A/LDAP
0x000000002c7d4000 	/usr/lib/libsasl2.2.dylib
0x000000002c7d4000 	/System/Library/PrivateFrameworks/CoreDaemon.framework/Versions/B/CoreDaemon
0x000000002c7d4000 	/System/Library/PrivateFrameworks/AppleSRP.framework/Versions/A/AppleSRP
0x000000012d9c3000 	/Library/Java/JavaVirtualMachines/jdk1.8.0_152.jdk/Contents/Home/jre/lib/libawt.dylib
0x000000012da6d000 	/Library/Java/JavaVirtualMachines/jdk1.8.0_152.jdk/Contents/Home/jre/lib/./libmlib_image.dylib
0x000000002c7d4000 	/System/Library/Frameworks/JavaVM.framework/Versions/A/Frameworks/JavaNativeFoundation.framework/Versions/A/JavaNativeFoundation
0x000000002c7d4000 	/System/Library/Frameworks/JavaVM.framework/Versions/A/Frameworks/JavaRuntimeSupport.framework/Versions/A/JavaRuntimeSupport
0x000000002c7d4000 	/System/Library/Frameworks/JavaVM.framework/Versions/A/JavaVM
0x000000002c7d4000 	/System/Library/PrivateFrameworks/JavaLaunching.framework/Versions/A/JavaLaunching
0x000000002c7d4000 	/System/Library/Frameworks/Carbon.framework/Versions/A/Carbon
0x000000002c7d4000 	/System/Library/Frameworks/Carbon.framework/Versions/A/Frameworks/CommonPanels.framework/Versions/A/CommonPanels
0x000000002c7d4000 	/System/Library/Frameworks/Carbon.framework/Versions/A/Frameworks/Help.framework/Versions/A/Help
0x000000002c7d4000 	/System/Library/Frameworks/Carbon.framework/Versions/A/Frameworks/ImageCapture.framework/Versions/A/ImageCapture
0x000000002c7d4000 	/System/Library/Frameworks/Carbon.framework/Versions/A/Frameworks/OpenScripting.framework/Versions/A/OpenScripting
0x000000002c7d4000 	/System/Library/Frameworks/Carbon.framework/Versions/A/Frameworks/Print.framework/Versions/A/Print
0x000000002c7d4000 	/System/Library/Frameworks/Carbon.framework/Versions/A/Frameworks/SecurityHI.framework/Versions/A/SecurityHI
0x000000012db39000 	/Library/Java/JavaVirtualMachines/jdk1.8.0_152.jdk/Contents/Home/jre/lib/libawt_lwawt.dylib
0x000000012dbf3000 	/Library/Java/JavaVirtualMachines/jdk1.8.0_152.jdk/Contents/Home/jre/lib/./libosxapp.dylib
0x000000002c7d4000 	/System/Library/Frameworks/ExceptionHandling.framework/Versions/A/ExceptionHandling
0x000000012dc4c000 	/Library/Java/JavaVirtualMachines/jdk1.8.0_152.jdk/Contents/Home/jre/lib/libnio.dylib
0x000000012dc5c000 	/Library/Java/JavaVirtualMachines/jdk1.8.0_152.jdk/Contents/Home/jre/lib/./libnet.dylib
0x000000012e7e4000 	/Library/Java/JavaVirtualMachines/jdk1.8.0_152.jdk/Contents/Home/jre/lib/libosx.dylib
0x000000012ea47000 	/Library/Java/JavaVirtualMachines/jdk1.8.0_152.jdk/Contents/Home/jre/lib/libjavafx_font.dylib
0x000000012ec57000 	/Library/Java/JavaVirtualMachines/jdk1.8.0_152.jdk/Contents/Home/jre/lib/libfontmanager.dylib
0x000000012ecbe000 	/Library/Java/JavaVirtualMachines/jdk1.8.0_152.jdk/Contents/Home/jre/lib/libosxui.dylib
0x000000002c7d4000 	/System/Library/Frameworks/ApplicationServices.framework/Versions/A/Frameworks/ATS.framework/Versions/A/Resources/libTrueTypeScaler.dylib
0x000000012e367000 	/Library/Java/JavaVirtualMachines/jdk1.8.0_152.jdk/Contents/Home/jre/lib/libjsound.dylib
0x000000002c7d4000 	/System/Library/Frameworks/CoreMIDI.framework/Versions/A/CoreMIDI
0x000000002c7d4000 	/usr/lib/libexpat.1.dylib
0x000000012e37e000 	/System/Library/Extensions/AppleHDA.kext/Contents/PlugIns/AppleHDAHALPlugIn.bundle/Contents/MacOS/AppleHDAHALPlugIn
0x000000013071c000 	/System/Library/Components/CoreAudio.component/Contents/MacOS/CoreAudio
0x0000000133b1f000 	/System/Library/Extensions/AMDMTLBronzeDriver.bundle/Contents/MacOS/AMDMTLBronzeDriver
0x000000002c7d4000 	/System/Library/PrivateFrameworks/IOAccelMemoryInfo.framework/Versions/A/IOAccelMemoryInfo
0x000000002c7d4000 	/System/Library/Extensions/AppleIntelSKLGraphicsMTLDriver.bundle/Contents/MacOS/AppleIntelSKLGraphicsMTLDriver
0x000000013012f000 	/Library/Java/JavaVirtualMachines/jdk1.8.0_152.jdk/Contents/Home/jre/lib/libprism_common.dylib
0x000000002c7d4000 	/System/Library/PrivateFrameworks/GPUCompiler.framework/Versions/3802/Libraries/libmetal_timestamp.dylib
0x000000002c7d4000 	/System/Library/PrivateFrameworks/ViewBridge.framework/Versions/A/ViewBridge
0x000000002c7d4000 	/System/Library/PrivateFrameworks/FinderKit.framework/Versions/A/FinderKit
0x000000002c7d4000 	/System/Library/Frameworks/Quartz.framework/Versions/A/Frameworks/QuickLookUI.framework/Versions/A/QuickLookUI
0x000000002c7d4000 	/System/Library/Frameworks/Quartz.framework/Versions/A/Frameworks/ImageKit.framework/Versions/A/ImageKit
0x000000002c7d4000 	/System/Library/Frameworks/QuickLook.framework/Versions/A/QuickLook
0x000000002c7d4000 	/System/Library/PrivateFrameworks/AppleSystemInfo.framework/Versions/A/AppleSystemInfo
0x000000002c7d4000 	/System/Library/Frameworks/ImageCaptureCore.framework/Versions/A/ImageCaptureCore
0x000000002c7d4000 	/System/Library/PrivateFrameworks/Suggestions.framework/Versions/A/Suggestions
0x000000002c7d4000 	/System/Library/Frameworks/SafariServices.framework/Versions/A/SafariServices
0x000000002c7d4000 	/System/Library/Frameworks/QTKit.framework/Versions/A/QTKit
0x000000002c7d4000 	/System/Library/PrivateFrameworks/MobileKeyBag.framework/Versions/A/MobileKeyBag
0x000000002c7d4000 	/System/Library/Frameworks/AVFoundation.framework/Versions/A/AVFoundation
0x000000002c7d4000 	/System/Library/PrivateFrameworks/CoreMediaAuthoring.framework/Versions/A/CoreMediaAuthoring
0x000000002c7d4000 	/System/Library/Frameworks/CoreMediaIO.framework/Versions/A/CoreMediaIO
0x000000002c7d4000 	/System/Library/Frameworks/AVFoundation.framework/Versions/A/Frameworks/AVFAudio.framework/Versions/A/AVFAudio
0x000000002c7d4000 	/System/Library/PrivateFrameworks/IntlPreferences.framework/Versions/A/IntlPreferences
0x000000002c7d4000 	/System/Library/PrivateFrameworks/RemoteServiceDiscovery.framework/Versions/A/RemoteServiceDiscovery
0x000000002c7d4000 	/System/Library/PrivateFrameworks/RemoteXPC.framework/Versions/A/RemoteXPC
0x000000002c7d4000 	/System/Library/PrivateFrameworks/InternationalSupport.framework/Versions/A/InternationalSupport
0x000000002c7d4000 	/System/Library/PrivateFrameworks/QuickLookThumbnailing.framework/Versions/A/QuickLookThumbnailing
0x000000002c7d4000 	/System/Library/PrivateFrameworks/GenerationalStorage.framework/Versions/A/GenerationalStorage
0x000000002c7d4000 	/System/Library/PrivateFrameworks/ChunkingLibrary.framework/Versions/A/ChunkingLibrary
0x000000002c7d4000 	/System/Library/PrivateFrameworks/DisplayServices.framework/Versions/A/DisplayServices
0x000000002c7d4000 	/System/Library/Frameworks/Quartz.framework/Versions/A/Frameworks/PDFKit.framework/Versions/A/PDFKit
0x000000002c7d4000 	/System/Library/Frameworks/Quartz.framework/Versions/A/Frameworks/QuartzComposer.framework/Versions/A/QuartzComposer
0x000000002c7d4000 	/System/Library/Frameworks/Quartz.framework/Versions/A/Frameworks/QuartzFilters.framework/Versions/A/QuartzFilters
0x000000002c7d4000 	/System/Library/PrivateFrameworks/CoreBrightness.framework/Versions/A/CoreBrightness
0x000000002c7d4000 	/System/Library/PrivateFrameworks/BezelServices.framework/Versions/A/BezelServices
0x000000002c7d4000 	/System/Library/PrivateFrameworks/CorePDF.framework/Versions/A/CorePDF
0x000000002c7d4000 	/System/Library/Frameworks/JavaScriptCore.framework/Versions/A/JavaScriptCore
0x000000002c7d4000 	/System/Library/Frameworks/AddressBook.framework/Versions/A/AddressBook
0x000000002c7d4000 	/System/Library/PrivateFrameworks/ContactsPersistence.framework/Versions/A/ContactsPersistence
0x000000002c7d4000 	/System/Library/PrivateFrameworks/ApplePushService.framework/Versions/A/ApplePushService
0x000000002c7d4000 	/System/Library/PrivateFrameworks/CalendarAgentLink.framework/Versions/A/CalendarAgentLink
0x000000002c7d4000 	/System/Library/PrivateFrameworks/ContactsFoundation.framework/Versions/A/ContactsFoundation
0x000000002c7d4000 	/System/Library/PrivateFrameworks/CorePhoneNumbers.framework/Versions/A/CorePhoneNumbers
0x000000002c7d4000 	/System/Library/Frameworks/Quartz.framework/Versions/A/Quartz
0x000000002c7d4000 	/System/Library/Frameworks/SecurityInterface.framework/Versions/A/SecurityInterface
0x000000002c7d4000 	/System/Library/PrivateFrameworks/ToneKit.framework/Versions/A/ToneKit
0x000000002c7d4000 	/System/Library/PrivateFrameworks/ToneLibrary.framework/Versions/A/ToneLibrary
0x000000002c7d4000 	/System/Library/PrivateFrameworks/vCard.framework/Versions/A/vCard
0x000000002c7d4000 	/System/Library/Frameworks/Accounts.framework/Versions/A/Accounts
0x000000002c7d4000 	/System/Library/PrivateFrameworks/PhoneNumbers.framework/Versions/A/PhoneNumbers
0x000000002c7d4000 	/System/Library/PrivateFrameworks/CommonUtilities.framework/Versions/A/CommonUtilities
0x000000002c7d4000 	/System/Library/PrivateFrameworks/CloudDocs.framework/Versions/A/CloudDocs
0x000000002c7d4000 	/System/Library/PrivateFrameworks/FileProvider.framework/Versions/A/FileProvider
0x000000002c7d4000 	/System/Library/PrivateFrameworks/SpotlightIndex.framework/Versions/A/SpotlightIndex
0x000000002c7d4000 	/System/Library/PrivateFrameworks/SymptomDiagnosticReporter.framework/Versions/A/SymptomDiagnosticReporter
0x000000002c7d4000 	/System/Library/PrivateFrameworks/CoreNLP.framework/Versions/A/CoreNLP
0x000000002c7d4000 	/usr/lib/libmecab.1.0.0.dylib
0x000000002c7d4000 	/usr/lib/libgermantok.dylib
0x000000002c7d4000 	/usr/lib/libThaiTokenizer.dylib
0x000000002c7d4000 	/System/Library/PrivateFrameworks/PlugInKit.framework/Versions/A/PlugInKit
0x000000002c7d4000 	/System/Library/PrivateFrameworks/SharePointManagement.framework/Versions/A/SharePointManagement
0x000000002c7d4000 	/System/Library/Frameworks/CloudKit.framework/Versions/A/CloudKit
0x000000002c7d4000 	/System/Library/Frameworks/CoreLocation.framework/Versions/A/CoreLocation
0x000000002c7d4000 	/System/Library/PrivateFrameworks/GeoServices.framework/Versions/A/GeoServices
0x0000000130536000 	/System/Library/Frameworks/Security.framework/PlugIns/csparser.bundle/Contents/MacOS/csparser
0x000000012e360000 	/System/Library/PrivateFrameworks/FileProvider.framework/OverrideBundles/CloudDocsFileProvider.bundle/Contents/MacOS/CloudDocsFileProvider
0x0000000130564000 	/System/Library/PrivateFrameworks/FileProvider.framework/OverrideBundles/FileProviderOverride.bundle/Contents/MacOS/FileProviderOverride
0x00000001310b4000 	/System/Library/PrivateFrameworks/FileProvider.framework/OverrideBundles/FinderSyncCollaborationFileProviderOverride.bundle/Contents/MacOS/FinderSyncCollaborationFileProviderOverride
0x0000000130fcc000 	/System/Library/Frameworks/Quartz.framework/Versions/A/Frameworks/QuickLookUI.framework/Versions/A/PlugIns/Generic.qldisplay/Contents/MacOS/Generic
0x000000002c7d4000 	/System/Library/PrivateFrameworks/Shortcut.framework/Versions/A/Shortcut
0x000000002c7d4000 	/System/Library/PrivateFrameworks/HelpData.framework/Versions/A/HelpData

VM Arguments:
jvm_args: -Ddevelopment=true -Dfile.encoding=UTF-8 -Xbootclasspath:/Library/Java/JavaVirtualMachines/jdk1.8.0_152.jdk/Contents/Home/jre/lib/resources.jar:/Library/Java/JavaVirtualMachines/jdk1.8.0_152.jdk/Contents/Home/jre/lib/rt.jar:/Library/Java/JavaVirtualMachines/jdk1.8.0_152.jdk/Contents/Home/jre/lib/jsse.jar:/Library/Java/JavaVirtualMachines/jdk1.8.0_152.jdk/Contents/Home/jre/lib/jce.jar:/Library/Java/JavaVirtualMachines/jdk1.8.0_152.jdk/Contents/Home/jre/lib/charsets.jar 
java_command: org.microcol.MicroCol
java_class_path (initial): /Users/jan/Documents/repo/github/microcol/microcol-game/target/classes:/programs/eclipse/Eclipse.app/Contents/Eclipse/plugins/org.eclipse.fx.ide.css.jfx8_2.4.0.201605112122.jar:/Users/jan/.m2/repository/org/slf4j/slf4j-api/1.7.25/slf4j-api-1.7.25.jar:/Users/jan/.m2/repository/org/slf4j/slf4j-log4j12/1.7.25/slf4j-log4j12-1.7.25.jar:/Users/jan/.m2/repository/log4j/log4j/1.2.17/log4j-1.2.17.jar:/Users/jan/.m2/repository/com/google/guava/guava/21.0/guava-21.0.jar:/Users/jan/.m2/repository/com/google/inject/guice/4.1.0/guice-4.1.0-no_aop.jar:/Users/jan/.m2/repository/javax/inject/javax.inject/1/javax.inject-1.jar:/Users/jan/.m2/repository/aopalliance/aopalliance/1.0/aopalliance-1.0.jar:/Users/jan/.m2/repository/de/codecentric/centerdevice/centerdevice-nsmenufx/2.1.5/centerdevice-nsmenufx-2.1.5.jar:/Users/jan/.m2/repository/com/google/code/gson/gson/2.8.2/gson-2.8.2.jar
Launcher Type: SUN_STANDARD

Environment Variables:
PATH=/usr/bin:/bin:/usr/sbin:/sbin
SHELL=/bin/bash
DISPLAY=/private/tmp/com.apple.launchd.JaEhvj1U38/org.macosforge.xquartz:0

Signal Handlers:
SIGSEGV: [libjvm.dylib+0x5821b5], sa_mask[0]=11111111011111110111111111111111, sa_flags=SA_ONSTACK|SA_RESTART|SA_SIGINFO
SIGBUS: [libjvm.dylib+0x5821b5], sa_mask[0]=11111111011111110111111111111111, sa_flags=SA_RESTART|SA_SIGINFO
SIGFPE: [libjvm.dylib+0x45af20], sa_mask[0]=11111111011111110111111111111111, sa_flags=SA_RESTART|SA_SIGINFO
SIGPIPE: [libjvm.dylib+0x45af20], sa_mask[0]=11111111011111110111111111111111, sa_flags=SA_RESTART|SA_SIGINFO
SIGXFSZ: [libjvm.dylib+0x45af20], sa_mask[0]=11111111011111110111111111111111, sa_flags=SA_RESTART|SA_SIGINFO
SIGILL: [libjvm.dylib+0x45af20], sa_mask[0]=11111111011111110111111111111111, sa_flags=SA_RESTART|SA_SIGINFO
SIGUSR1: SIG_DFL, sa_mask[0]=00000000000000000000000000000000, sa_flags=none
SIGUSR2: [libjvm.dylib+0x45aa3e], sa_mask[0]=00100000000000000000000000000000, sa_flags=SA_RESTART|SA_SIGINFO
SIGHUP: [libjvm.dylib+0x459015], sa_mask[0]=11111111011111110111111111111111, sa_flags=SA_RESTART|SA_SIGINFO
SIGINT: [libjvm.dylib+0x459015], sa_mask[0]=11111111011111110111111111111111, sa_flags=SA_RESTART|SA_SIGINFO
SIGTERM: [libjvm.dylib+0x459015], sa_mask[0]=11111111011111110111111111111111, sa_flags=SA_RESTART|SA_SIGINFO
SIGQUIT: [libjvm.dylib+0x459015], sa_mask[0]=11111111011111110111111111111111, sa_flags=SA_RESTART|SA_SIGINFO


---------------  S Y S T E M  ---------------

OS:Bsduname:Darwin 17.5.0 Darwin Kernel Version 17.5.0: Mon Mar  5 22:24:32 PST 2018; root:xnu-4570.51.1~1/RELEASE_X86_64 x86_64
rlimit: STACK 8192k, CORE 0k, NPROC 1418, NOFILE 12544, AS infinity
load average:1.46 1.44 1.45

CPU:total 8 (initial active 8) (4 cores per cpu, 2 threads per core) family 6 model 94 stepping 3, cmov, cx8, fxsr, mmx, sse, sse2, sse3, ssse3, sse4.1, sse4.2, popcnt, avx, avx2, aes, clmul, erms, rtm, 3dnowpref, lzcnt, ht, tsc, tscinvbit, bmi1, bmi2, adx

Memory: 4k page, physical 16777216k(425684k free)

/proc/meminfo:


vm_info: Java HotSpot(TM) 64-Bit Server VM (25.152-b05) for bsd-amd64 JRE (1.8.0_152-ea-b05), built on Jun 20 2017 19:40:18 by "java_re" with gcc 4.2.1 (Based on Apple Inc. build 5658) (LLVM build 2336.11.00)

time: Sun Apr  1 13:00:00 2018
elapsed time: 3525 seconds (0d 0h 58m 45s)

