#
# A fatal error has been detected by the Java Runtime Environment:
#
#  SIGBUS (0xa) at pc=0x00007fff75dc9010, pid=6468, tid=0x0000000000000307
#
# JRE version: Java(TM) SE Runtime Environment (8.0_152-b05) (build 1.8.0_152-ea-b05)
# Java VM: Java HotSpot(TM) 64-Bit Server VM (25.152-b05 mixed mode bsd-amd64 compressed oops)
# Problematic frame:
# C  [libsystem_platform.dylib+0x5010]  _platform_memmove$VARIANT$Haswell+0xf0
#
# Failed to write core dump. Core dumps have been disabled. To enable core dumping, try "ulimit -c unlimited" before starting Java again
#
# If you would like to submit a bug report, please visit:
#   http://bugreport.java.com/bugreport/crash.jsp
# The crash happened outside the Java Virtual Machine in native code.
# See problematic frame for where to report the bug.
#

---------------  T H R E A D  ---------------

Current thread (0x00007fa7ed914800):  JavaThread "JavaFX Application Thread" [_thread_in_native, id=775, stack(0x00007ffeed9ef000,0x00007ffeee1ef000)]

siginfo: si_signo: 10 (SIGBUS), si_code: 2 (BUS_ADRERR), si_addr: 0x000000076d454810

Registers:
RAX=0x00007fa7f89f5a00, RBX=0x00007fa7f89f5a00, RCX=0x000000000000001d, RDX=0x0000000000000078
RSP=0x00007ffeee1e86d0, RBP=0x00007ffeee1e86d0, RSI=0x000000076d454810, RDI=0x00007fa7f89f5a00
R8 =0x0000000000000078, R9 =0x0000000000000078, R10=0x000000000000001d, R11=0x00007fa08b5a11f0
R12=0x000000076d454810, R13=0x000000000000001d, R14=0x0000000000000078, R15=0x0000000000000078
RIP=0x00007fff75dc9010, EFLAGS=0x0000000000010287, ERR=0x0000000000000004
  TRAPNO=0x000000000000000e

Top of Stack: (sp=0x00007ffeee1e86d0)
0x00007ffeee1e86d0:   00007ffeee1e8730 00007fff4e9aa795
0x00007ffeee1e86e0:   0000001e00000000 000000076d4555a8
0x00007ffeee1e86f0:   0000000000000078 00007fa7f89f6798
0x00007ffeee1e8700:   0000000080000000 00000000202000f3
0x00007ffeee1e8710:   0000000000000000 0000000000000000
0x00007ffeee1e8720:   0000000000000000 00007ffeee1e8ea0
0x00007ffeee1e8730:   00007ffeee1e8dd0 00007fff4e9abdd7
0x00007ffeee1e8740:   0000000000000000 00007fff4e9aab02
0x00007ffeee1e8750:   0000000000000000 0808335808083358
0x00007ffeee1e8760:   202000f300000000 0000007800000078
0x00007ffeee1e8770:   000000076d454810 000000076d454810
0x00007ffeee1e8780:   0000000000000000 0000000000000000
0x00007ffeee1e8790:   0000000080000000 0000000080000000
0x00007ffeee1e87a0:   0000001d80000000 0000001d80000000
0x00007ffeee1e87b0:   0000000080000000 0000000080000000
0x00007ffeee1e87c0:   0000000100000000 0000000000000000
0x00007ffeee1e87d0:   0000000000000000 0000000100000000
0x00007ffeee1e87e0:   0000000000000000 0000000000000000
0x00007ffeee1e87f0:   0000000000000000 0000000000000000
0x00007ffeee1e8800:   0000000000000000 000000003f800000
0x00007ffeee1e8810:   0000000100000000 0000000080000000
0x00007ffeee1e8820:   0040000000000000 0000000100000000
0x00007ffeee1e8830:   0000000080000000 0040000000000000
0x00007ffeee1e8840:   0000000000000000 0000000000000000
0x00007ffeee1e8850:   0000001e0000001e 00000000d81e8890
0x00007ffeee1e8860:   00007ffeee1e99a0 0000000100000000
0x00007ffeee1e8870:   0000000100000001 0000000080000000
0x00007ffeee1e8880:   0000000080000000 0000000000000078
0x00007ffeee1e8890:   0000001e0000001e 0000000000000000
0x00007ffeee1e88a0:   0000000124c01890 00007fa726f8eef0
0x00007ffeee1e88b0:   000000012fb2fb68 0000000026f8ccc0
0x00007ffeee1e88c0:   0000000124c01890 0000000000000005 

Instructions: (pc=0x00007fff75dc9010)
0x00007fff75dc8ff0:   42 8a 4c 06 01 42 88 4c 07 01 49 83 c0 02 48 83
0x00007fff75dc9000:   ea 01 75 de 5d c3 66 2e 0f 1f 84 00 00 00 00 00
0x00007fff75dc9010:   c5 fc 10 06 48 83 c7 20 48 83 e7 e0 48 89 f9 48
0x00007fff75dc9020:   29 c1 48 01 ce 48 29 ca c5 fc 10 0e c5 fc 11 00 

Register to memory mapping:

RAX=0x00007fa7f89f5a00 is an unknown value
RBX=0x00007fa7f89f5a00 is an unknown value
RCX=0x000000000000001d is an unknown value
RDX=0x0000000000000078 is an unknown value
RSP=0x00007ffeee1e86d0 is pointing into the stack for thread: 0x00007fa7ed914800
RBP=0x00007ffeee1e86d0 is pointing into the stack for thread: 0x00007fa7ed914800
RSI=0x000000076d454810 is an unallocated location in the heap
RDI=0x00007fa7f89f5a00 is an unknown value
R8 =0x0000000000000078 is an unknown value
R9 =0x0000000000000078 is an unknown value
R10=0x000000000000001d is an unknown value
R11=0x00007fa08b5a11f0 is an unknown value
R12=0x000000076d454810 is an unallocated location in the heap
R13=0x000000000000001d is an unknown value
R14=0x0000000000000078 is an unknown value
R15=0x0000000000000078 is an unknown value


Stack: [0x00007ffeed9ef000,0x00007ffeee1ef000],  sp=0x00007ffeee1e86d0,  free space=8165k
Native frames: (J=compiled Java code, j=interpreted, Vv=VM code, C=native code)
C  [libsystem_platform.dylib+0x5010]  _platform_memmove$VARIANT$Haswell+0xf0
C  [CoreGraphics+0x29795]  CGBlt_copyBytes+0x165
C  [CoreGraphics+0x2add7]  argb32_image+0x1387
C  [CoreGraphics+0x3924e1]  ripl_Mark+0x16
C  [CoreGraphics+0x38e8f9]  RIPLayerBltImage+0x40b
C  [CoreGraphics+0xfa803]  ripc_RenderImage+0xe4
C  [CoreGraphics+0xfbe1e]  ripc_DrawImage+0x34f
C  [CoreGraphics+0x65a30]  CGContextDelegateDrawImage+0x29
C  [CoreGraphics+0x1dd0b]  CGContextDrawImageWithOptions+0x220
C  [CoreGraphics+0x1dad1]  CGContextDrawImage+0x33
C  [SkyLight+0x1b1824]  SLSRegisterCursorWithImages+0x321
C  [AppKit+0x168863]  -[NSCursor _reallySet]+0x174
C  [AppKit+0x1686c3]  -[NSCursor set]+0x68
C  [libglass.dylib+0x8fba]  Java_com_sun_glass_ui_mac_MacCursor__1setCustom+0x11a
j  com.sun.glass.ui.mac.MacCursor._setCustom(J)V+0
j  com.sun.glass.ui.mac.MacCursor.set()V+60
j  com.sun.glass.ui.mac.MacWindow._setCursor(JLcom/sun/glass/ui/Cursor;)V+4
j  com.sun.glass.ui.Window.setCursor(Lcom/sun/glass/ui/Cursor;)V+9
j  com.sun.javafx.tk.quantum.ViewScene.lambda$setCursor$384(Ljava/lang/Object;)V+34
j  com.sun.javafx.tk.quantum.ViewScene$$Lambda$537.run()V+8
J 5698 C2 com.sun.glass.ui.InvokeLaterDispatcher$Future.run()V (91 bytes) @ 0x000000010f3c586c [0x000000010f3c5820+0x4c]
v  ~StubRoutines::call_stub
V  [libjvm.dylib+0x2e09e2]
V  [libjvm.dylib+0x2fb242]
V  [libjvm.dylib+0x2edabb]
C  [libglass.dylib+0x531b]  -[GlassRunnable run]+0x6b
C  [Foundation+0x68985]  __NSThreadPerformPerform+0x14e
C  [CoreFoundation+0xa3821]  __CFRUNLOOP_IS_CALLING_OUT_TO_A_SOURCE0_PERFORM_FUNCTION__+0x11
C  [CoreFoundation+0x15d4cc]  __CFRunLoopDoSource0+0x6c
C  [CoreFoundation+0x862c0]  __CFRunLoopDoSources0+0xd0
C  [CoreFoundation+0x8573d]  __CFRunLoopRun+0x50d
C  [CoreFoundation+0x84fa3]  CFRunLoopRunSpecific+0x1e3
C  [HIToolbox+0x2f866]  RunCurrentEventLoopInMode+0x11e
C  [HIToolbox+0x2f4df]  ReceiveNextEventCommon+0x16e
C  [HIToolbox+0x2f354]  _BlockUntilNextEventMatchingListInModeWithFilter+0x40
C  [AppKit+0x41a23]  _DPSNextEvent+0x825
C  [AppKit+0x7d6e6c]  -[NSApplication(NSEvent) _nextEventMatchingEventMask:untilDate:inMode:dequeue:]+0xbe4
C  [AppKit+0x36831]  -[NSApplication run]+0x2fc
C  [libglass.dylib+0x72cc]  -[GlassApplication runLoop:]+0x72c
C  [Foundation+0x68985]  __NSThreadPerformPerform+0x14e
C  [CoreFoundation+0xa3821]  __CFRUNLOOP_IS_CALLING_OUT_TO_A_SOURCE0_PERFORM_FUNCTION__+0x11
C  [CoreFoundation+0x15d4cc]  __CFRunLoopDoSource0+0x6c
C  [CoreFoundation+0x862c0]  __CFRunLoopDoSources0+0xd0
C  [CoreFoundation+0x8573d]  __CFRunLoopRun+0x50d
C  [CoreFoundation+0x84fa3]  CFRunLoopRunSpecific+0x1e3
C  [java+0x647a]  CreateExecutionEnvironment+0x367
C  [java+0x212c]  JLI_Launch+0x7a0
C  [java+0x84d7]  main+0x65
C  [java+0x1984]  start+0x34
C  0x0000000000000007

Java frames: (J=compiled Java code, j=interpreted, Vv=VM code)
j  com.sun.glass.ui.mac.MacCursor._setCustom(J)V+0
j  com.sun.glass.ui.mac.MacCursor.set()V+60
j  com.sun.glass.ui.mac.MacWindow._setCursor(JLcom/sun/glass/ui/Cursor;)V+4
j  com.sun.glass.ui.Window.setCursor(Lcom/sun/glass/ui/Cursor;)V+9
j  com.sun.javafx.tk.quantum.ViewScene.lambda$setCursor$384(Ljava/lang/Object;)V+34
j  com.sun.javafx.tk.quantum.ViewScene$$Lambda$537.run()V+8
J 5698 C2 com.sun.glass.ui.InvokeLaterDispatcher$Future.run()V (91 bytes) @ 0x000000010f3c586c [0x000000010f3c5820+0x4c]
v  ~StubRoutines::call_stub

---------------  P R O C E S S  ---------------

Java Threads: ( => current thread )
  0x00007fa7f8c39000 JavaThread "AWT-Shutdown" [_thread_blocked, id=92455, stack(0x0000700001b3f000,0x0000700001c3f000)]
  0x00007fa7ed293800 JavaThread "Prism Font Disposer" daemon [_thread_blocked, id=85487, stack(0x0000700002bfb000,0x0000700002cfb000)]
  0x00007fa7ed20d800 JavaThread "Java Sound Event Dispatcher" daemon [_thread_blocked, id=83347, stack(0x0000700002a75000,0x0000700002b75000)]
  0x00007fa7eea40000 JavaThread "TimerQueue" daemon [_thread_blocked, id=66315, stack(0x00007000021da000,0x00007000022da000)]
  0x00007fa7ee9c8000 JavaThread "Timer-0" daemon [_thread_blocked, id=65799, stack(0x00007000020d7000,0x00007000021d7000)]
  0x00007fa7f0a35800 JavaThread "Java2D Queue Flusher" daemon [_thread_blocked, id=65031, stack(0x0000700001f51000,0x0000700002051000)]
  0x00007fa7edb0a800 JavaThread "Java2D Disposer" daemon [_thread_blocked, id=63491, stack(0x0000700001e4e000,0x0000700001f4e000)]
  0x00007fa7ef825000 JavaThread "JavaFX-Launcher" [_thread_blocked, id=61955, stack(0x0000700001d4b000,0x0000700001e4b000)]
  0x00007fa7f0927000 JavaThread "Thread-3" daemon [_thread_in_native, id=42243, stack(0x0000700001a39000,0x0000700001ab9000)]
=>0x00007fa7ed914800 JavaThread "JavaFX Application Thread" [_thread_in_native, id=775, stack(0x00007ffeed9ef000,0x00007ffeee1ef000)]
  0x00007fa7ed947000 JavaThread "Thread-1" daemon [_thread_blocked, id=29443, stack(0x0000700001936000,0x0000700001a36000)]
  0x00007fa7ed05a000 JavaThread "QuantumRenderer-0" daemon [_thread_blocked, id=22019, stack(0x0000700001833000,0x0000700001933000)]
  0x00007fa7ed82e800 JavaThread "Service Thread" daemon [_thread_blocked, id=20995, stack(0x000070000162d000,0x000070000172d000)]
  0x00007fa7ed017800 JavaThread "C1 CompilerThread3" daemon [_thread_blocked, id=20483, stack(0x000070000152a000,0x000070000162a000)]
  0x00007fa7ed82c000 JavaThread "C2 CompilerThread2" daemon [_thread_blocked, id=19971, stack(0x0000700001427000,0x0000700001527000)]
  0x00007fa7ed82b000 JavaThread "C2 CompilerThread1" daemon [_thread_blocked, id=19459, stack(0x0000700001324000,0x0000700001424000)]
  0x00007fa7ee844000 JavaThread "C2 CompilerThread0" daemon [_thread_blocked, id=18947, stack(0x0000700001221000,0x0000700001321000)]
  0x00007fa7f0818000 JavaThread "Signal Dispatcher" daemon [_thread_blocked, id=18695, stack(0x000070000111e000,0x000070000121e000)]
  0x00007fa7ed83f800 JavaThread "Finalizer" daemon [_thread_blocked, id=15107, stack(0x000070000101b000,0x000070000111b000)]
  0x00007fa7ed014800 JavaThread "Reference Handler" daemon [_thread_blocked, id=14595, stack(0x0000700000f18000,0x0000700001018000)]
  0x00007fa7ee802000 JavaThread "main" [_thread_blocked, id=6915, stack(0x00007000004fa000,0x00007000005fa000)]

Other Threads:
  0x00007fa7ed83d000 VMThread [stack: 0x0000700000e15000,0x0000700000f15000] [id=14083]
  0x00007fa7f0819000 WatcherThread [stack: 0x0000700001730000,0x0000700001830000] [id=21507]

VM state:not at safepoint (normal execution)

VM Mutex/Monitor currently owned by a thread: None

Heap:
 PSYoungGen      total 40448K, used 5599K [0x000000076ab00000, 0x000000076d380000, 0x00000007c0000000)
  eden space 39936K, 13% used [0x000000076ab00000,0x000000076b03fd20,0x000000076d200000)
  from space 512K, 43% used [0x000000076d280000,0x000000076d2b8000,0x000000076d300000)
  to   space 512K, 0% used [0x000000076d300000,0x000000076d300000,0x000000076d380000)
 ParOldGen       total 124928K, used 17989K [0x00000006c0000000, 0x00000006c7a00000, 0x000000076ab00000)
  object space 124928K, 14% used [0x00000006c0000000,0x00000006c11916b0,0x00000006c7a00000)
 Metaspace       used 31481K, capacity 33814K, committed 34048K, reserved 1079296K
  class space    used 4195K, capacity 4590K, committed 4608K, reserved 1048576K

Card table byte_map: [0x0000000103ebb000,0x00000001046bc000] byte_map_base: 0x00000001008bb000

Marking Bits: (ParMarkBitMap*) 0x0000000103498890
 Begin Bits: [0x0000000104c12000, 0x0000000108c12000)
 End Bits:   [0x0000000108c12000, 0x000000010cc12000)

Polling page: 0x0000000101af4000

CodeCache: size=245760Kb used=15151Kb max_used=16247Kb free=230609Kb
 bounds [0x000000010efbb000, 0x000000011001b000, 0x000000011dfbb000]
 total_blobs=5711 nmethods=4871 adapters=753
 compilation: enabled

Compilation events (10 events):
Event: 2349.517 Thread 0x00007fa7ed82c000 6040       4       java.util.stream.Sink$ChainedReference::cancellationRequested (10 bytes)
Event: 2349.517 Thread 0x00007fa7ee844000 nmethod 6036 0x000000010fe92a50 code [0x000000010fe92ba0, 0x000000010fe92c78]
Event: 2349.517 Thread 0x00007fa7ee844000 6041       4       com.google.common.collect.AbstractIndexedListIterator::hasNext (17 bytes)
Event: 2349.518 Thread 0x00007fa7ed82c000 nmethod 6040 0x000000010f488390 code [0x000000010f4884e0, 0x000000010f488578]
Event: 2349.518 Thread 0x00007fa7ed017800 nmethod 6031 0x000000010f9b3750 code [0x000000010f9b3a60, 0x000000010f9b5268]
Event: 2349.518 Thread 0x00007fa7ed017800 6032       3       com.google.common.collect.ImmutableList::iterator (5 bytes)
Event: 2349.518 Thread 0x00007fa7ed82b000 nmethod 6035 0x000000010f61ce90 code [0x000000010f61d000, 0x000000010f61d158]
Event: 2349.518 Thread 0x00007fa7ee844000 nmethod 6041 0x000000010fedea50 code [0x000000010fedeba0, 0x000000010fedec18]
Event: 2349.518 Thread 0x00007fa7ed017800 nmethod 6032 0x000000010faff550 code [0x000000010faff6c0, 0x000000010faff8c8]
Event: 2349.518 Thread 0x00007fa7ed017800 6037       3       org.microcol.model.Unit::canCargoDisembark (53 bytes)

GC Heap History (10 events):
Event: 2275.056 GC heap before
{Heap before GC invocations=114 (full 1):
 PSYoungGen      total 40448K, used 40128K [0x000000076ab00000, 0x000000076d380000, 0x00000007c0000000)
  eden space 39936K, 100% used [0x000000076ab00000,0x000000076d200000,0x000000076d200000)
  from space 512K, 37% used [0x000000076d300000,0x000000076d330000,0x000000076d380000)
  to   space 512K, 0% used [0x000000076d280000,0x000000076d280000,0x000000076d300000)
 ParOldGen       total 124928K, used 17981K [0x00000006c0000000, 0x00000006c7a00000, 0x000000076ab00000)
  object space 124928K, 14% used [0x00000006c0000000,0x00000006c118f6b0,0x00000006c7a00000)
 Metaspace       used 31427K, capacity 33814K, committed 34048K, reserved 1079296K
  class space    used 4194K, capacity 4590K, committed 4608K, reserved 1048576K
Event: 2275.058 GC heap after
Heap after GC invocations=114 (full 1):
 PSYoungGen      total 40448K, used 128K [0x000000076ab00000, 0x000000076d380000, 0x00000007c0000000)
  eden space 39936K, 0% used [0x000000076ab00000,0x000000076ab00000,0x000000076d200000)
  from space 512K, 25% used [0x000000076d280000,0x000000076d2a0000,0x000000076d300000)
  to   space 512K, 0% used [0x000000076d300000,0x000000076d300000,0x000000076d380000)
 ParOldGen       total 124928K, used 17981K [0x00000006c0000000, 0x00000006c7a00000, 0x000000076ab00000)
  object space 124928K, 14% used [0x00000006c0000000,0x00000006c118f6b0,0x00000006c7a00000)
 Metaspace       used 31427K, capacity 33814K, committed 34048K, reserved 1079296K
  class space    used 4194K, capacity 4590K, committed 4608K, reserved 1048576K
}
Event: 2292.957 GC heap before
{Heap before GC invocations=115 (full 1):
 PSYoungGen      total 40448K, used 40064K [0x000000076ab00000, 0x000000076d380000, 0x00000007c0000000)
  eden space 39936K, 100% used [0x000000076ab00000,0x000000076d200000,0x000000076d200000)
  from space 512K, 25% used [0x000000076d280000,0x000000076d2a0000,0x000000076d300000)
  to   space 512K, 0% used [0x000000076d300000,0x000000076d300000,0x000000076d380000)
 ParOldGen       total 124928K, used 17981K [0x00000006c0000000, 0x00000006c7a00000, 0x000000076ab00000)
  object space 124928K, 14% used [0x00000006c0000000,0x00000006c118f6b0,0x00000006c7a00000)
 Metaspace       used 31427K, capacity 33814K, committed 34048K, reserved 1079296K
  class space    used 4194K, capacity 4590K, committed 4608K, reserved 1048576K
Event: 2292.959 GC heap after
Heap after GC invocations=115 (full 1):
 PSYoungGen      total 40448K, used 160K [0x000000076ab00000, 0x000000076d380000, 0x00000007c0000000)
  eden space 39936K, 0% used [0x000000076ab00000,0x000000076ab00000,0x000000076d200000)
  from space 512K, 31% used [0x000000076d300000,0x000000076d328000,0x000000076d380000)
  to   space 512K, 0% used [0x000000076d280000,0x000000076d280000,0x000000076d300000)
 ParOldGen       total 124928K, used 17981K [0x00000006c0000000, 0x00000006c7a00000, 0x000000076ab00000)
  object space 124928K, 14% used [0x00000006c0000000,0x00000006c118f6b0,0x00000006c7a00000)
 Metaspace       used 31427K, capacity 33814K, committed 34048K, reserved 1079296K
  class space    used 4194K, capacity 4590K, committed 4608K, reserved 1048576K
}
Event: 2311.057 GC heap before
{Heap before GC invocations=116 (full 1):
 PSYoungGen      total 40448K, used 40096K [0x000000076ab00000, 0x000000076d380000, 0x00000007c0000000)
  eden space 39936K, 100% used [0x000000076ab00000,0x000000076d200000,0x000000076d200000)
  from space 512K, 31% used [0x000000076d300000,0x000000076d328000,0x000000076d380000)
  to   space 512K, 0% used [0x000000076d280000,0x000000076d280000,0x000000076d300000)
 ParOldGen       total 124928K, used 17981K [0x00000006c0000000, 0x00000006c7a00000, 0x000000076ab00000)
  object space 124928K, 14% used [0x00000006c0000000,0x00000006c118f6b0,0x00000006c7a00000)
 Metaspace       used 31427K, capacity 33814K, committed 34048K, reserved 1079296K
  class space    used 4194K, capacity 4590K, committed 4608K, reserved 1048576K
Event: 2311.059 GC heap after
Heap after GC invocations=116 (full 1):
 PSYoungGen      total 40448K, used 192K [0x000000076ab00000, 0x000000076d380000, 0x00000007c0000000)
  eden space 39936K, 0% used [0x000000076ab00000,0x000000076ab00000,0x000000076d200000)
  from space 512K, 37% used [0x000000076d280000,0x000000076d2b0000,0x000000076d300000)
  to   space 512K, 0% used [0x000000076d300000,0x000000076d300000,0x000000076d380000)
 ParOldGen       total 124928K, used 17981K [0x00000006c0000000, 0x00000006c7a00000, 0x000000076ab00000)
  object space 124928K, 14% used [0x00000006c0000000,0x00000006c118f6b0,0x00000006c7a00000)
 Metaspace       used 31427K, capacity 33814K, committed 34048K, reserved 1079296K
  class space    used 4194K, capacity 4590K, committed 4608K, reserved 1048576K
}
Event: 2329.456 GC heap before
{Heap before GC invocations=117 (full 1):
 PSYoungGen      total 40448K, used 40128K [0x000000076ab00000, 0x000000076d380000, 0x00000007c0000000)
  eden space 39936K, 100% used [0x000000076ab00000,0x000000076d200000,0x000000076d200000)
  from space 512K, 37% used [0x000000076d280000,0x000000076d2b0000,0x000000076d300000)
  to   space 512K, 0% used [0x000000076d300000,0x000000076d300000,0x000000076d380000)
 ParOldGen       total 124928K, used 17981K [0x00000006c0000000, 0x00000006c7a00000, 0x000000076ab00000)
  object space 124928K, 14% used [0x00000006c0000000,0x00000006c118f6b0,0x00000006c7a00000)
 Metaspace       used 31427K, capacity 33814K, committed 34048K, reserved 1079296K
  class space    used 4194K, capacity 4590K, committed 4608K, reserved 1048576K
Event: 2329.458 GC heap after
Heap after GC invocations=117 (full 1):
 PSYoungGen      total 40448K, used 160K [0x000000076ab00000, 0x000000076d380000, 0x00000007c0000000)
  eden space 39936K, 0% used [0x000000076ab00000,0x000000076ab00000,0x000000076d200000)
  from space 512K, 31% used [0x000000076d300000,0x000000076d328000,0x000000076d380000)
  to   space 512K, 0% used [0x000000076d280000,0x000000076d280000,0x000000076d300000)
 ParOldGen       total 124928K, used 17981K [0x00000006c0000000, 0x00000006c7a00000, 0x000000076ab00000)
  object space 124928K, 14% used [0x00000006c0000000,0x00000006c118f6b0,0x00000006c7a00000)
 Metaspace       used 31427K, capacity 33814K, committed 34048K, reserved 1079296K
  class space    used 4194K, capacity 4590K, committed 4608K, reserved 1048576K
}
Event: 2347.854 GC heap before
{Heap before GC invocations=118 (full 1):
 PSYoungGen      total 40448K, used 40096K [0x000000076ab00000, 0x000000076d380000, 0x00000007c0000000)
  eden space 39936K, 100% used [0x000000076ab00000,0x000000076d200000,0x000000076d200000)
  from space 512K, 31% used [0x000000076d300000,0x000000076d328000,0x000000076d380000)
  to   space 512K, 0% used [0x000000076d280000,0x000000076d280000,0x000000076d300000)
 ParOldGen       total 124928K, used 17981K [0x00000006c0000000, 0x00000006c7a00000, 0x000000076ab00000)
  object space 124928K, 14% used [0x00000006c0000000,0x00000006c118f6b0,0x00000006c7a00000)
 Metaspace       used 31473K, capacity 33814K, committed 34048K, reserved 1079296K
  class space    used 4195K, capacity 4590K, committed 4608K, reserved 1048576K
Event: 2347.856 GC heap after
Heap after GC invocations=118 (full 1):
 PSYoungGen      total 40448K, used 224K [0x000000076ab00000, 0x000000076d380000, 0x00000007c0000000)
  eden space 39936K, 0% used [0x000000076ab00000,0x000000076ab00000,0x000000076d200000)
  from space 512K, 43% used [0x000000076d280000,0x000000076d2b8000,0x000000076d300000)
  to   space 512K, 0% used [0x000000076d300000,0x000000076d300000,0x000000076d380000)
 ParOldGen       total 124928K, used 17989K [0x00000006c0000000, 0x00000006c7a00000, 0x000000076ab00000)
  object space 124928K, 14% used [0x00000006c0000000,0x00000006c11916b0,0x00000006c7a00000)
 Metaspace       used 31473K, capacity 33814K, committed 34048K, reserved 1079296K
  class space    used 4195K, capacity 4590K, committed 4608K, reserved 1048576K
}

Deoptimization events (10 events):
Event: 28.682 Thread 0x00007fa7ed914800 Uncommon trap: reason=unstable_if action=reinterpret pc=0x000000010fed25c8 method=com.sun.javafx.geom.RectBounds.deriveWithNewBounds(FFFFFF)Lcom/sun/javafx/geom/BaseBounds; @ 4
Event: 29.215 Thread 0x00007fa7ed914800 Uncommon trap: reason=predicate action=maybe_recompile pc=0x000000010f7e905c method=com.google.common.collect.RegularImmutableMap.fromEntryArray(I[Ljava/util/Map$Entry;)Lcom/google/common/collect/RegularImmutableMap; @ 51
Event: 29.331 Thread 0x00007fa7ed914800 Uncommon trap: reason=array_check action=maybe_recompile pc=0x000000010f650ce0 method=com.google.common.collect.RegularImmutableMap.fromEntryArray(I[Ljava/util/Map$Entry;)Lcom/google/common/collect/RegularImmutableMap; @ 189
Event: 29.348 Thread 0x00007fa7ed914800 Uncommon trap: reason=array_check action=maybe_recompile pc=0x000000010f650ce0 method=com.google.common.collect.RegularImmutableMap.fromEntryArray(I[Ljava/util/Map$Entry;)Lcom/google/common/collect/RegularImmutableMap; @ 189
Event: 29.348 Thread 0x00007fa7ed914800 Uncommon trap: reason=array_check action=maybe_recompile pc=0x000000010f650ce0 method=com.google.common.collect.RegularImmutableMap.fromEntryArray(I[Ljava/util/Map$Entry;)Lcom/google/common/collect/RegularImmutableMap; @ 189
Event: 29.365 Thread 0x00007fa7ed914800 Uncommon trap: reason=array_check action=maybe_recompile pc=0x000000010f650ce0 method=com.google.common.collect.RegularImmutableMap.fromEntryArray(I[Ljava/util/Map$Entry;)Lcom/google/common/collect/RegularImmutableMap; @ 189
Event: 30.644 Thread 0x00007fa7ed914800 Uncommon trap: reason=unstable_if action=reinterpret pc=0x000000010fc40650 method=javafx.scene.Node.getLocalBounds(Lcom/sun/javafx/geom/BaseBounds;Lcom/sun/javafx/geom/transform/BaseTransform;)Lcom/sun/javafx/geom/BaseBounds; @ 4
Event: 30.644 Thread 0x00007fa7ed914800 Uncommon trap: reason=unstable_if action=reinterpret pc=0x000000010fcf1b74 method=javafx.scene.Node.impl_pickNode(Lcom/sun/javafx/geom/PickRay;Lcom/sun/javafx/scene/input/PickResultChooser;)V @ 4
Event: 30.644 Thread 0x00007fa7ed914800 Uncommon trap: reason=unstable_if action=reinterpret pc=0x000000010fd5b608 method=javafx.scene.Node.impl_pickNode(Lcom/sun/javafx/geom/PickRay;Lcom/sun/javafx/scene/input/PickResultChooser;)V @ 4
Event: 2346.420 Thread 0x00007fa7ed947000 Uncommon trap: reason=class_check action=maybe_recompile pc=0x000000010f3bd2a0 method=com.sun.glass.ui.InvokeLaterDispatcher.run()V @ 9

Classes redefined (0 events):
No events

Internal exceptions (10 events):
Event: 2.071 Thread 0x00007fa7ed914800 Implicit null exception at 0x000000010f5bcbad to 0x000000010f5bd341
Event: 4.169 Thread 0x00007fa7ed2e6800 Implicit null exception at 0x000000010f781233 to 0x000000010f7813a9
Event: 7.312 Thread 0x00007fa7ed05a000 Implicit null exception at 0x000000010f9ded1e to 0x000000010f9df46b
Event: 10.983 Thread 0x00007fa7ed914800 Exception <a 'java/util/NoSuchElementException'> (0x000000076b5edf50) thrown at [/Users/java_re/workspace/8-2-build-macosx-x86_64/jdk8u152/9280.nc/hotspot/src/share/vm/prims/jvm.cpp, line 1394]
Event: 15.797 Thread 0x00007fa7ed914800 Exception <a 'java/util/NoSuchElementException'> (0x000000076c255ee0) thrown at [/Users/java_re/workspace/8-2-build-macosx-x86_64/jdk8u152/9280.nc/hotspot/src/share/vm/prims/jvm.cpp, line 1394]
Event: 22.492 Thread 0x00007fa7ed914800 Exception <a 'java/util/NoSuchElementException'> (0x000000076d43fc70) thrown at [/Users/java_re/workspace/8-2-build-macosx-x86_64/jdk8u152/9280.nc/hotspot/src/share/vm/prims/jvm.cpp, line 1394]
Event: 26.828 Thread 0x00007fa7ed914800 Implicit null exception at 0x000000010fbba99c to 0x000000010fbbaa55
Event: 26.830 Thread 0x00007fa7ed914800 Implicit null exception at 0x000000010fedecab to 0x000000010fedf3e1
Event: 26.878 Thread 0x00007fa7ed05a000 Implicit null exception at 0x000000010f8da528 to 0x000000010f8da7f9
Event: 26.878 Thread 0x00007fa7ed05a000 Implicit null exception at 0x000000010fe92dc1 to 0x000000010fe93295

Events (10 events):
Event: 2347.525 Thread 0x00007fa7f0cdd800 Thread added: 0x00007fa7f0cdd800
Event: 2347.525 Thread 0x00007fa7f092e000 Thread added: 0x00007fa7f092e000
Event: 2347.526 Thread 0x00007fa7f0ff5000 Thread exited: 0x00007fa7f0ff5000
Event: 2347.526 Thread 0x00007fa7f092e000 Thread exited: 0x00007fa7f092e000
Event: 2347.854 Executing VM operation: ParallelGCFailedAllocation
Event: 2347.856 Executing VM operation: ParallelGCFailedAllocation done
Event: 2348.531 Thread 0x00007fa7edc08800 Thread added: 0x00007fa7edc08800
Event: 2348.531 Thread 0x00007fa7edccb800 Thread added: 0x00007fa7edccb800
Event: 2348.531 Thread 0x00007fa7f0cdd800 Thread exited: 0x00007fa7f0cdd800
Event: 2348.531 Thread 0x00007fa7edccb800 Thread exited: 0x00007fa7edccb800


Dynamic libraries:
0x0000000026ebf000 	/System/Library/Frameworks/Cocoa.framework/Versions/A/Cocoa
0x0000000026ebf000 	/System/Library/Frameworks/Security.framework/Versions/A/Security
0x0000000026ebf000 	/System/Library/Frameworks/ApplicationServices.framework/Versions/A/ApplicationServices
0x0000000026ebf000 	/usr/lib/libz.1.dylib
0x0000000026ebf000 	/usr/lib/libSystem.B.dylib
0x0000000026ebf000 	/usr/lib/libobjc.A.dylib
0x0000000026ebf000 	/System/Library/Frameworks/CoreFoundation.framework/Versions/A/CoreFoundation
0x0000000026ebf000 	/System/Library/Frameworks/Foundation.framework/Versions/C/Foundation
0x0000000026ebf000 	/System/Library/Frameworks/AppKit.framework/Versions/C/AppKit
0x0000000026ebf000 	/System/Library/Frameworks/CoreData.framework/Versions/A/CoreData
0x0000000026ebf000 	/System/Library/PrivateFrameworks/RemoteViewServices.framework/Versions/A/RemoteViewServices
0x0000000026ebf000 	/System/Library/PrivateFrameworks/UIFoundation.framework/Versions/A/UIFoundation
0x0000000026ebf000 	/System/Library/PrivateFrameworks/DFRFoundation.framework/Versions/A/DFRFoundation
0x0000000026ebf000 	/System/Library/Frameworks/Metal.framework/Versions/A/Metal
0x0000000026ebf000 	/System/Library/PrivateFrameworks/DesktopServicesPriv.framework/Versions/A/DesktopServicesPriv
0x0000000026ebf000 	/usr/lib/libenergytrace.dylib
0x0000000026ebf000 	/System/Library/PrivateFrameworks/SkyLight.framework/Versions/A/SkyLight
0x0000000026ebf000 	/System/Library/Frameworks/CoreGraphics.framework/Versions/A/CoreGraphics
0x0000000026ebf000 	/usr/lib/libScreenReader.dylib
0x0000000026ebf000 	/System/Library/Frameworks/Accelerate.framework/Versions/A/Accelerate
0x0000000026ebf000 	/System/Library/Frameworks/IOSurface.framework/Versions/A/IOSurface
0x0000000026ebf000 	/System/Library/Frameworks/AudioToolbox.framework/Versions/A/AudioToolbox
0x0000000026ebf000 	/System/Library/Frameworks/AudioUnit.framework/Versions/A/AudioUnit
0x0000000026ebf000 	/System/Library/PrivateFrameworks/DataDetectorsCore.framework/Versions/A/DataDetectorsCore
0x0000000026ebf000 	/System/Library/Frameworks/Carbon.framework/Versions/A/Frameworks/HIToolbox.framework/Versions/A/HIToolbox
0x0000000026ebf000 	/usr/lib/libicucore.A.dylib
0x0000000026ebf000 	/System/Library/Frameworks/QuartzCore.framework/Versions/A/QuartzCore
0x0000000026ebf000 	/System/Library/Frameworks/Carbon.framework/Versions/A/Frameworks/SpeechRecognition.framework/Versions/A/SpeechRecognition
0x0000000026ebf000 	/usr/lib/libauto.dylib
0x0000000026ebf000 	/usr/lib/libxml2.2.dylib
0x0000000026ebf000 	/System/Library/PrivateFrameworks/CoreUI.framework/Versions/A/CoreUI
0x0000000026ebf000 	/System/Library/Frameworks/CoreAudio.framework/Versions/A/CoreAudio
0x0000000026ebf000 	/System/Library/Frameworks/DiskArbitration.framework/Versions/A/DiskArbitration
0x0000000026ebf000 	/usr/lib/liblangid.dylib
0x0000000026ebf000 	/System/Library/PrivateFrameworks/MultitouchSupport.framework/Versions/A/MultitouchSupport
0x0000000026ebf000 	/System/Library/Frameworks/IOKit.framework/Versions/A/IOKit
0x0000000026ebf000 	/usr/lib/libDiagnosticMessagesClient.dylib
0x0000000026ebf000 	/System/Library/Frameworks/CoreServices.framework/Versions/A/CoreServices
0x0000000026ebf000 	/System/Library/PrivateFrameworks/PerformanceAnalysis.framework/Versions/A/PerformanceAnalysis
0x0000000026ebf000 	/System/Library/Frameworks/OpenGL.framework/Versions/A/OpenGL
0x0000000026ebf000 	/System/Library/Frameworks/ColorSync.framework/Versions/A/ColorSync
0x0000000026ebf000 	/System/Library/Frameworks/CoreImage.framework/Versions/A/CoreImage
0x0000000026ebf000 	/System/Library/Frameworks/CoreText.framework/Versions/A/CoreText
0x0000000026ebf000 	/System/Library/Frameworks/ImageIO.framework/Versions/A/ImageIO
0x0000000026ebf000 	/System/Library/PrivateFrameworks/Backup.framework/Versions/A/Backup
0x0000000026ebf000 	/usr/lib/libarchive.2.dylib
0x0000000026ebf000 	/System/Library/Frameworks/CFNetwork.framework/Versions/A/CFNetwork
0x0000000026ebf000 	/System/Library/Frameworks/SystemConfiguration.framework/Versions/A/SystemConfiguration
0x0000000026ebf000 	/usr/lib/libCRFSuite.dylib
0x0000000026ebf000 	/usr/lib/libc++.1.dylib
0x0000000026ebf000 	/usr/lib/libc++abi.dylib
0x0000000026ebf000 	/usr/lib/system/libcache.dylib
0x0000000026ebf000 	/usr/lib/system/libcommonCrypto.dylib
0x0000000026ebf000 	/usr/lib/system/libcompiler_rt.dylib
0x0000000026ebf000 	/usr/lib/system/libcopyfile.dylib
0x0000000026ebf000 	/usr/lib/system/libcorecrypto.dylib
0x0000000026ebf000 	/usr/lib/system/libdispatch.dylib
0x0000000026ebf000 	/usr/lib/system/libdyld.dylib
0x0000000026ebf000 	/usr/lib/system/libkeymgr.dylib
0x0000000026ebf000 	/usr/lib/system/liblaunch.dylib
0x0000000026ebf000 	/usr/lib/system/libmacho.dylib
0x0000000026ebf000 	/usr/lib/system/libquarantine.dylib
0x0000000026ebf000 	/usr/lib/system/libremovefile.dylib
0x0000000026ebf000 	/usr/lib/system/libsystem_asl.dylib
0x0000000026ebf000 	/usr/lib/system/libsystem_blocks.dylib
0x0000000026ebf000 	/usr/lib/system/libsystem_c.dylib
0x0000000026ebf000 	/usr/lib/system/libsystem_configuration.dylib
0x0000000026ebf000 	/usr/lib/system/libsystem_coreservices.dylib
0x0000000026ebf000 	/usr/lib/system/libsystem_darwin.dylib
0x0000000026ebf000 	/usr/lib/system/libsystem_dnssd.dylib
0x0000000026ebf000 	/usr/lib/system/libsystem_info.dylib
0x0000000026ebf000 	/usr/lib/system/libsystem_m.dylib
0x0000000026ebf000 	/usr/lib/system/libsystem_malloc.dylib
0x0000000026ebf000 	/usr/lib/system/libsystem_network.dylib
0x0000000026ebf000 	/usr/lib/system/libsystem_networkextension.dylib
0x0000000026ebf000 	/usr/lib/system/libsystem_notify.dylib
0x0000000026ebf000 	/usr/lib/system/libsystem_sandbox.dylib
0x0000000026ebf000 	/usr/lib/system/libsystem_secinit.dylib
0x0000000026ebf000 	/usr/lib/system/libsystem_kernel.dylib
0x0000000026ebf000 	/usr/lib/system/libsystem_platform.dylib
0x0000000026ebf000 	/usr/lib/system/libsystem_pthread.dylib
0x0000000026ebf000 	/usr/lib/system/libsystem_symptoms.dylib
0x0000000026ebf000 	/usr/lib/system/libsystem_trace.dylib
0x0000000026ebf000 	/usr/lib/system/libunwind.dylib
0x0000000026ebf000 	/usr/lib/system/libxpc.dylib
0x0000000026ebf000 	/usr/lib/closure/libclosured.dylib
0x0000000026ebf000 	/usr/lib/libbsm.0.dylib
0x0000000026ebf000 	/usr/lib/system/libkxld.dylib
0x0000000026ebf000 	/usr/lib/libOpenScriptingUtil.dylib
0x0000000026ebf000 	/usr/lib/libcoretls.dylib
0x0000000026ebf000 	/usr/lib/libcoretls_cfhelpers.dylib
0x0000000026ebf000 	/usr/lib/libpam.2.dylib
0x0000000026ebf000 	/usr/lib/libsqlite3.dylib
0x0000000026ebf000 	/usr/lib/libxar.1.dylib
0x0000000026ebf000 	/usr/lib/libbz2.1.0.dylib
0x0000000026ebf000 	/usr/lib/liblzma.5.dylib
0x0000000026ebf000 	/usr/lib/libnetwork.dylib
0x0000000026ebf000 	/usr/lib/libapple_nghttp2.dylib
0x0000000026ebf000 	/usr/lib/libpcap.A.dylib
0x0000000026ebf000 	/usr/lib/libboringssl.dylib
0x0000000026ebf000 	/usr/lib/libusrtcp.dylib
0x0000000026ebf000 	/usr/lib/libapple_crypto.dylib
0x0000000026ebf000 	/System/Library/Frameworks/CoreServices.framework/Versions/A/Frameworks/FSEvents.framework/Versions/A/FSEvents
0x0000000026ebf000 	/System/Library/Frameworks/CoreServices.framework/Versions/A/Frameworks/CarbonCore.framework/Versions/A/CarbonCore
0x0000000026ebf000 	/System/Library/Frameworks/CoreServices.framework/Versions/A/Frameworks/Metadata.framework/Versions/A/Metadata
0x0000000026ebf000 	/System/Library/Frameworks/CoreServices.framework/Versions/A/Frameworks/OSServices.framework/Versions/A/OSServices
0x0000000026ebf000 	/System/Library/Frameworks/CoreServices.framework/Versions/A/Frameworks/SearchKit.framework/Versions/A/SearchKit
0x0000000026ebf000 	/System/Library/Frameworks/CoreServices.framework/Versions/A/Frameworks/AE.framework/Versions/A/AE
0x0000000026ebf000 	/System/Library/Frameworks/CoreServices.framework/Versions/A/Frameworks/LaunchServices.framework/Versions/A/LaunchServices
0x0000000026ebf000 	/System/Library/Frameworks/CoreServices.framework/Versions/A/Frameworks/DictionaryServices.framework/Versions/A/DictionaryServices
0x0000000026ebf000 	/System/Library/Frameworks/CoreServices.framework/Versions/A/Frameworks/SharedFileList.framework/Versions/A/SharedFileList
0x0000000026ebf000 	/System/Library/Frameworks/NetFS.framework/Versions/A/NetFS
0x0000000026ebf000 	/System/Library/PrivateFrameworks/NetAuth.framework/Versions/A/NetAuth
0x0000000026ebf000 	/System/Library/PrivateFrameworks/login.framework/Versions/A/Frameworks/loginsupport.framework/Versions/A/loginsupport
0x0000000026ebf000 	/System/Library/PrivateFrameworks/TCC.framework/Versions/A/TCC
0x0000000026ebf000 	/usr/lib/libmecabra.dylib
0x0000000026ebf000 	/System/Library/Frameworks/ApplicationServices.framework/Versions/A/Frameworks/ATS.framework/Versions/A/ATS
0x0000000026ebf000 	/System/Library/Frameworks/ApplicationServices.framework/Versions/A/Frameworks/ColorSyncLegacy.framework/Versions/A/ColorSyncLegacy
0x0000000026ebf000 	/System/Library/Frameworks/ApplicationServices.framework/Versions/A/Frameworks/HIServices.framework/Versions/A/HIServices
0x0000000026ebf000 	/System/Library/Frameworks/ApplicationServices.framework/Versions/A/Frameworks/LangAnalysis.framework/Versions/A/LangAnalysis
0x0000000026ebf000 	/System/Library/Frameworks/ApplicationServices.framework/Versions/A/Frameworks/PrintCore.framework/Versions/A/PrintCore
0x0000000026ebf000 	/System/Library/Frameworks/ApplicationServices.framework/Versions/A/Frameworks/QD.framework/Versions/A/QD
0x0000000026ebf000 	/System/Library/Frameworks/ApplicationServices.framework/Versions/A/Frameworks/SpeechSynthesis.framework/Versions/A/SpeechSynthesis
0x0000000026ebf000 	/System/Library/Frameworks/CoreDisplay.framework/Versions/A/CoreDisplay
0x0000000026ebf000 	/System/Library/Frameworks/Accelerate.framework/Versions/A/Frameworks/vImage.framework/Versions/A/vImage
0x0000000026ebf000 	/System/Library/Frameworks/Accelerate.framework/Versions/A/Frameworks/vecLib.framework/Versions/A/vecLib
0x0000000026ebf000 	/System/Library/Frameworks/Accelerate.framework/Versions/A/Frameworks/vecLib.framework/Versions/A/libvDSP.dylib
0x0000000026ebf000 	/System/Library/Frameworks/Accelerate.framework/Versions/A/Frameworks/vecLib.framework/Versions/A/libBNNS.dylib
0x0000000026ebf000 	/System/Library/Frameworks/Accelerate.framework/Versions/A/Frameworks/vecLib.framework/Versions/A/libQuadrature.dylib
0x0000000026ebf000 	/System/Library/Frameworks/Accelerate.framework/Versions/A/Frameworks/vecLib.framework/Versions/A/libvMisc.dylib
0x0000000026ebf000 	/System/Library/Frameworks/Accelerate.framework/Versions/A/Frameworks/vecLib.framework/Versions/A/libLAPACK.dylib
0x0000000026ebf000 	/System/Library/Frameworks/Accelerate.framework/Versions/A/Frameworks/vecLib.framework/Versions/A/libBLAS.dylib
0x0000000026ebf000 	/System/Library/Frameworks/Accelerate.framework/Versions/A/Frameworks/vecLib.framework/Versions/A/libLinearAlgebra.dylib
0x0000000026ebf000 	/System/Library/Frameworks/Accelerate.framework/Versions/A/Frameworks/vecLib.framework/Versions/A/libSparse.dylib
0x0000000026ebf000 	/System/Library/Frameworks/Accelerate.framework/Versions/A/Frameworks/vecLib.framework/Versions/A/libSparseBLAS.dylib
0x0000000026ebf000 	/System/Library/PrivateFrameworks/IOAccelerator.framework/Versions/A/IOAccelerator
0x0000000026ebf000 	/System/Library/PrivateFrameworks/IOPresentment.framework/Versions/A/IOPresentment
0x0000000026ebf000 	/System/Library/PrivateFrameworks/DSExternalDisplay.framework/Versions/A/DSExternalDisplay
0x0000000026ebf000 	/System/Library/Frameworks/OpenGL.framework/Versions/A/Libraries/libCoreFSCache.dylib
0x0000000026ebf000 	/System/Library/Frameworks/CoreVideo.framework/Versions/A/CoreVideo
0x0000000026ebf000 	/System/Library/PrivateFrameworks/GraphVisualizer.framework/Versions/A/GraphVisualizer
0x0000000026ebf000 	/System/Library/Frameworks/MetalPerformanceShaders.framework/Versions/A/MetalPerformanceShaders
0x0000000026ebf000 	/usr/lib/libFosl_dynamic.dylib
0x0000000026ebf000 	/System/Library/PrivateFrameworks/FaceCore.framework/Versions/A/FaceCore
0x0000000026ebf000 	/System/Library/Frameworks/OpenCL.framework/Versions/A/OpenCL
0x0000000026ebf000 	/usr/lib/libcompression.dylib
0x0000000026ebf000 	/System/Library/Frameworks/ApplicationServices.framework/Versions/A/Frameworks/ATS.framework/Versions/A/Resources/libFontParser.dylib
0x0000000026ebf000 	/System/Library/Frameworks/ApplicationServices.framework/Versions/A/Frameworks/ATS.framework/Versions/A/Resources/libFontRegistry.dylib
0x0000000026ebf000 	/System/Library/Frameworks/ImageIO.framework/Versions/A/Resources/libJPEG.dylib
0x0000000026ebf000 	/System/Library/Frameworks/ImageIO.framework/Versions/A/Resources/libTIFF.dylib
0x0000000026ebf000 	/System/Library/Frameworks/ImageIO.framework/Versions/A/Resources/libPng.dylib
0x0000000026ebf000 	/System/Library/Frameworks/ImageIO.framework/Versions/A/Resources/libGIF.dylib
0x0000000026ebf000 	/System/Library/Frameworks/ImageIO.framework/Versions/A/Resources/libJP2.dylib
0x0000000026ebf000 	/System/Library/Frameworks/ImageIO.framework/Versions/A/Resources/libRadiance.dylib
0x0000000026ebf000 	/System/Library/PrivateFrameworks/AppleJPEG.framework/Versions/A/AppleJPEG
0x0000000026ebf000 	/System/Library/PrivateFrameworks/MetalTools.framework/Versions/A/MetalTools
0x0000000026ebf000 	/System/Library/Frameworks/MetalPerformanceShaders.framework/Frameworks/MPSCore.framework/Versions/A/MPSCore
0x0000000026ebf000 	/System/Library/Frameworks/MetalPerformanceShaders.framework/Frameworks/MPSImage.framework/Versions/A/MPSImage
0x0000000026ebf000 	/System/Library/Frameworks/MetalPerformanceShaders.framework/Frameworks/MPSMatrix.framework/Versions/A/MPSMatrix
0x0000000026ebf000 	/System/Library/Frameworks/MetalPerformanceShaders.framework/Frameworks/MPSNeuralNetwork.framework/Versions/A/MPSNeuralNetwork
0x0000000026ebf000 	/System/Library/Frameworks/OpenGL.framework/Versions/A/Libraries/libGLU.dylib
0x0000000026ebf000 	/System/Library/Frameworks/OpenGL.framework/Versions/A/Libraries/libGFXShared.dylib
0x0000000026ebf000 	/System/Library/Frameworks/OpenGL.framework/Versions/A/Libraries/libGL.dylib
0x0000000026ebf000 	/System/Library/Frameworks/OpenGL.framework/Versions/A/Libraries/libGLImage.dylib
0x0000000026ebf000 	/System/Library/Frameworks/OpenGL.framework/Versions/A/Libraries/libCVMSPluginSupport.dylib
0x0000000026ebf000 	/System/Library/Frameworks/OpenGL.framework/Versions/A/Libraries/libCoreVMClient.dylib
0x0000000026ebf000 	/usr/lib/libcups.2.dylib
0x0000000026ebf000 	/System/Library/Frameworks/Kerberos.framework/Versions/A/Kerberos
0x0000000026ebf000 	/System/Library/Frameworks/GSS.framework/Versions/A/GSS
0x0000000026ebf000 	/usr/lib/libresolv.9.dylib
0x0000000026ebf000 	/usr/lib/libiconv.2.dylib
0x0000000026ebf000 	/System/Library/PrivateFrameworks/Heimdal.framework/Versions/A/Heimdal
0x0000000026ebf000 	/usr/lib/libheimdal-asn1.dylib
0x0000000101a2d000 	/System/Library/Frameworks/OpenDirectory.framework/Versions/A/OpenDirectory
0x0000000026ebf000 	/System/Library/PrivateFrameworks/CommonAuth.framework/Versions/A/CommonAuth
0x0000000101a4d000 	/System/Library/Frameworks/OpenDirectory.framework/Versions/A/Frameworks/CFOpenDirectory.framework/Versions/A/CFOpenDirectory
0x0000000026ebf000 	/System/Library/Frameworks/SecurityFoundation.framework/Versions/A/SecurityFoundation
0x0000000026ebf000 	/System/Library/PrivateFrameworks/APFS.framework/Versions/A/APFS
0x0000000026ebf000 	/usr/lib/libutil.dylib
0x0000000026ebf000 	/System/Library/PrivateFrameworks/AppleSauce.framework/Versions/A/AppleSauce
0x0000000026ebf000 	/System/Library/PrivateFrameworks/LinguisticData.framework/Versions/A/LinguisticData
0x0000000026ebf000 	/usr/lib/libmarisa.dylib
0x0000000026ebf000 	/System/Library/PrivateFrameworks/Lexicon.framework/Versions/A/Lexicon
0x0000000026ebf000 	/usr/lib/libChineseTokenizer.dylib
0x0000000026ebf000 	/usr/lib/libcmph.dylib
0x0000000026ebf000 	/System/Library/PrivateFrameworks/LanguageModeling.framework/Versions/A/LanguageModeling
0x0000000026ebf000 	/System/Library/PrivateFrameworks/CoreEmoji.framework/Versions/A/CoreEmoji
0x0000000026ebf000 	/System/Library/Frameworks/ServiceManagement.framework/Versions/A/ServiceManagement
0x0000000026ebf000 	/System/Library/PrivateFrameworks/BackgroundTaskManagement.framework/Versions/A/BackgroundTaskManagement
0x0000000026ebf000 	/usr/lib/libxslt.1.dylib
0x0000000026ebf000 	/System/Library/Frameworks/Carbon.framework/Versions/A/Frameworks/Ink.framework/Versions/A/Ink
0x0000000026ebf000 	/System/Library/PrivateFrameworks/TextureIO.framework/Versions/A/TextureIO
0x0000000026ebf000 	/usr/lib/libate.dylib
0x0000000026ebf000 	/System/Library/PrivateFrameworks/CrashReporterSupport.framework/Versions/A/CrashReporterSupport
0x0000000026ebf000 	/System/Library/PrivateFrameworks/Sharing.framework/Versions/A/Sharing
0x0000000026ebf000 	/System/Library/PrivateFrameworks/IconServices.framework/Versions/A/IconServices
0x0000000026ebf000 	/System/Library/PrivateFrameworks/ProtocolBuffer.framework/Versions/A/ProtocolBuffer
0x0000000026ebf000 	/System/Library/PrivateFrameworks/Apple80211.framework/Versions/A/Apple80211
0x0000000026ebf000 	/System/Library/Frameworks/CoreWLAN.framework/Versions/A/CoreWLAN
0x0000000026ebf000 	/System/Library/PrivateFrameworks/CoreUtils.framework/Versions/A/CoreUtils
0x0000000026ebf000 	/System/Library/Frameworks/IOBluetooth.framework/Versions/A/IOBluetooth
0x0000000026ebf000 	/System/Library/PrivateFrameworks/CoreWiFi.framework/Versions/A/CoreWiFi
0x0000000026ebf000 	/System/Library/Frameworks/CoreBluetooth.framework/Versions/A/CoreBluetooth
0x0000000026ebf000 	/System/Library/PrivateFrameworks/SignpostNotification.framework/Versions/A/SignpostNotification
0x0000000026ebf000 	/System/Library/PrivateFrameworks/DebugSymbols.framework/Versions/A/DebugSymbols
0x0000000026ebf000 	/System/Library/PrivateFrameworks/CoreSymbolication.framework/Versions/A/CoreSymbolication
0x0000000026ebf000 	/System/Library/PrivateFrameworks/Symbolication.framework/Versions/A/Symbolication
0x0000000026ebf000 	/System/Library/PrivateFrameworks/AppleFSCompression.framework/Versions/A/AppleFSCompression
0x0000000026ebf000 	/System/Library/PrivateFrameworks/SpeechRecognitionCore.framework/Versions/A/SpeechRecognitionCore
0x0000000102c00000 	/Library/Java/JavaVirtualMachines/jdk1.8.0_152.jdk/Contents/Home/jre/lib/server/libjvm.dylib
0x0000000026ebf000 	/usr/lib/libstdc++.6.0.9.dylib
0x0000000101ab0000 	/Library/Java/JavaVirtualMachines/jdk1.8.0_152.jdk/Contents/Home/jre/lib/libverify.dylib
0x0000000101abe000 	/Library/Java/JavaVirtualMachines/jdk1.8.0_152.jdk/Contents/Home/jre/lib/libjava.dylib
0x0000000101b3e000 	/Library/Java/JavaVirtualMachines/jdk1.8.0_152.jdk/Contents/Home/jre/lib/libzip.dylib
0x000000010ef01000 	/Library/Java/JavaVirtualMachines/jdk1.8.0_152.jdk/Contents/Home/jre/lib/libprism_es2.dylib
0x0000000026ebf000 	/System/Library/PrivateFrameworks/CoreServicesInternal.framework/Versions/A/CoreServicesInternal
0x0000000026ebf000 	/System/Library/Frameworks/OpenGL.framework/Versions/A/Resources/GLEngine.bundle/GLEngine
0x0000000026ebf000 	/System/Library/Frameworks/OpenGL.framework/Versions/A/Libraries/libGLProgrammability.dylib
0x0000000120863000 	/System/Library/Extensions/AppleIntelSKLGraphicsGLDriver.bundle/Contents/MacOS/AppleIntelSKLGraphicsGLDriver
0x0000000026ebf000 	/System/Library/PrivateFrameworks/GPUSupport.framework/Versions/A/Libraries/libGPUSupportMercury.dylib
0x0000000121893000 	/System/Library/Extensions/AMDRadeonX4000GLDriver.bundle/Contents/MacOS/AMDRadeonX4000GLDriver
0x0000000026ebf000 	/System/Library/Extensions/AMDRadeonX4000GLDriver.bundle/Contents/MacOS/ATIRadeonX4000SCLib.dylib
0x0000000026ebf000 	/System/Library/Frameworks/OpenGL.framework/Versions/A/Resources/GLRendererFloat.bundle/GLRendererFloat
0x0000000026ebf000 	/System/Library/Frameworks/OpenCL.framework/Versions/A/Libraries/libcldcpuengine.dylib
0x0000000026ebf000 	/usr/lib/libcrypto.35.dylib
0x0000000026ebf000 	/System/Library/PrivateFrameworks/TrustEvaluationAgent.framework/Versions/A/TrustEvaluationAgent
0x00000001219fe000 	/Library/Java/JavaVirtualMachines/jdk1.8.0_152.jdk/Contents/Home/jre/lib/libglass.dylib
0x0000000026ebf000 	/System/Library/CoreServices/RawCamera.bundle/Contents/MacOS/RawCamera
0x0000000026ebf000 	/System/Library/PrivateFrameworks/MobileAsset.framework/Versions/A/MobileAsset
0x0000000026ebf000 	/System/Library/PrivateFrameworks/StreamingZip.framework/Versions/A/StreamingZip
0x0000000026ebf000 	/System/Library/Frameworks/MediaToolbox.framework/Versions/A/MediaToolbox
0x0000000026ebf000 	/System/Library/PrivateFrameworks/CoreAVCHD.framework/Versions/A/CoreAVCHD
0x0000000026ebf000 	/System/Library/Frameworks/MediaAccessibility.framework/Versions/A/MediaAccessibility
0x0000000026ebf000 	/System/Library/PrivateFrameworks/Mangrove.framework/Versions/A/Mangrove
0x0000000026ebf000 	/System/Library/Frameworks/CoreMedia.framework/Versions/A/CoreMedia
0x0000000026ebf000 	/System/Library/Frameworks/VideoToolbox.framework/Versions/A/VideoToolbox
0x0000000026ebf000 	/System/Library/PrivateFrameworks/CoreAUC.framework/Versions/A/CoreAUC
0x0000000026ebf000 	/usr/lib/libspindump.dylib
0x0000000026ebf000 	/usr/lib/libdscsym.dylib
0x0000000026ebf000 	/System/Library/PrivateFrameworks/AppleVA.framework/Versions/A/AppleVA
0x0000000026ebf000 	/System/Library/Frameworks/Accelerate.framework/Versions/A/Frameworks/vImage.framework/Versions/A/Libraries/libCGInterfaces.dylib
0x0000000026ebf000 	/System/Library/PrivateFrameworks/FamilyControls.framework/Versions/A/FamilyControls
0x0000000026ebf000 	/System/Library/PrivateFrameworks/CommerceKit.framework/Versions/A/Frameworks/CommerceCore.framework/Versions/A/CommerceCore
0x0000000026ebf000 	/System/Library/PrivateFrameworks/SystemAdministration.framework/Versions/A/SystemAdministration
0x0000000026ebf000 	/System/Library/PrivateFrameworks/AppContainer.framework/Versions/A/AppContainer
0x0000000026ebf000 	/System/Library/PrivateFrameworks/SecCodeWrapper.framework/Versions/A/SecCodeWrapper
0x0000000026ebf000 	/System/Library/PrivateFrameworks/DiskManagement.framework/Versions/A/DiskManagement
0x000000012201d000 	/System/Library/Frameworks/DirectoryService.framework/Versions/A/DirectoryService
0x0000000026ebf000 	/System/Library/PrivateFrameworks/DiskImages.framework/Versions/A/DiskImages
0x0000000026ebf000 	/System/Library/PrivateFrameworks/LoginUIKit.framework/Versions/A/Frameworks/LoginUICore.framework/Versions/A/LoginUICore
0x0000000026ebf000 	/usr/lib/libCoreStorage.dylib
0x0000000026ebf000 	/usr/lib/libcsfde.dylib
0x0000000026ebf000 	/usr/lib/libodfde.dylib
0x0000000026ebf000 	/System/Library/PrivateFrameworks/MediaKit.framework/Versions/A/MediaKit
0x0000000026ebf000 	/System/Library/Frameworks/DiscRecording.framework/Versions/A/DiscRecording
0x0000000026ebf000 	/System/Library/PrivateFrameworks/EFILogin.framework/Versions/A/EFILogin
0x0000000026ebf000 	/System/Library/PrivateFrameworks/ProtectedCloudStorage.framework/Versions/A/ProtectedCloudStorage
0x0000000026ebf000 	/usr/lib/libcurl.4.dylib
0x0000000026ebf000 	/usr/lib/libssl.35.dylib
0x0000000026ebf000 	/System/Library/Frameworks/LDAP.framework/Versions/A/LDAP
0x0000000026ebf000 	/usr/lib/libsasl2.2.dylib
0x0000000026ebf000 	/System/Library/PrivateFrameworks/CoreDaemon.framework/Versions/B/CoreDaemon
0x0000000026ebf000 	/System/Library/PrivateFrameworks/AppleSRP.framework/Versions/A/AppleSRP
0x000000012416b000 	/Library/Java/JavaVirtualMachines/jdk1.8.0_152.jdk/Contents/Home/jre/lib/libawt.dylib
0x0000000124215000 	/Library/Java/JavaVirtualMachines/jdk1.8.0_152.jdk/Contents/Home/jre/lib/./libmlib_image.dylib
0x0000000026ebf000 	/System/Library/Frameworks/JavaVM.framework/Versions/A/Frameworks/JavaNativeFoundation.framework/Versions/A/JavaNativeFoundation
0x0000000026ebf000 	/System/Library/Frameworks/JavaVM.framework/Versions/A/Frameworks/JavaRuntimeSupport.framework/Versions/A/JavaRuntimeSupport
0x0000000026ebf000 	/System/Library/Frameworks/JavaVM.framework/Versions/A/JavaVM
0x0000000026ebf000 	/System/Library/PrivateFrameworks/JavaLaunching.framework/Versions/A/JavaLaunching
0x0000000026ebf000 	/System/Library/Frameworks/Carbon.framework/Versions/A/Carbon
0x0000000026ebf000 	/System/Library/Frameworks/Carbon.framework/Versions/A/Frameworks/CommonPanels.framework/Versions/A/CommonPanels
0x0000000026ebf000 	/System/Library/Frameworks/Carbon.framework/Versions/A/Frameworks/Help.framework/Versions/A/Help
0x0000000026ebf000 	/System/Library/Frameworks/Carbon.framework/Versions/A/Frameworks/ImageCapture.framework/Versions/A/ImageCapture
0x0000000026ebf000 	/System/Library/Frameworks/Carbon.framework/Versions/A/Frameworks/OpenScripting.framework/Versions/A/OpenScripting
0x0000000026ebf000 	/System/Library/Frameworks/Carbon.framework/Versions/A/Frameworks/Print.framework/Versions/A/Print
0x0000000026ebf000 	/System/Library/Frameworks/Carbon.framework/Versions/A/Frameworks/SecurityHI.framework/Versions/A/SecurityHI
0x00000001242e1000 	/Library/Java/JavaVirtualMachines/jdk1.8.0_152.jdk/Contents/Home/jre/lib/libawt_lwawt.dylib
0x000000012439b000 	/Library/Java/JavaVirtualMachines/jdk1.8.0_152.jdk/Contents/Home/jre/lib/./libosxapp.dylib
0x0000000026ebf000 	/System/Library/Frameworks/ExceptionHandling.framework/Versions/A/ExceptionHandling
0x0000000124418000 	/Library/Java/JavaVirtualMachines/jdk1.8.0_152.jdk/Contents/Home/jre/lib/libnio.dylib
0x0000000124428000 	/Library/Java/JavaVirtualMachines/jdk1.8.0_152.jdk/Contents/Home/jre/lib/./libnet.dylib
0x0000000125077000 	/Library/Java/JavaVirtualMachines/jdk1.8.0_152.jdk/Contents/Home/jre/lib/libosx.dylib
0x0000000125298000 	/Library/Java/JavaVirtualMachines/jdk1.8.0_152.jdk/Contents/Home/jre/lib/libfontmanager.dylib
0x00000001252ff000 	/Library/Java/JavaVirtualMachines/jdk1.8.0_152.jdk/Contents/Home/jre/lib/libosxui.dylib
0x0000000125ec3000 	/Library/Java/JavaVirtualMachines/jdk1.8.0_152.jdk/Contents/Home/jre/lib/libjavafx_font.dylib
0x0000000026ebf000 	/System/Library/Frameworks/ApplicationServices.framework/Versions/A/Frameworks/ATS.framework/Versions/A/Resources/libTrueTypeScaler.dylib
0x0000000126687000 	/Library/Java/JavaVirtualMachines/jdk1.8.0_152.jdk/Contents/Home/jre/lib/libjsound.dylib
0x0000000026ebf000 	/System/Library/Frameworks/CoreMIDI.framework/Versions/A/CoreMIDI
0x0000000026ebf000 	/usr/lib/libexpat.1.dylib
0x000000012669b000 	/System/Library/Extensions/AppleHDA.kext/Contents/PlugIns/AppleHDAHALPlugIn.bundle/Contents/MacOS/AppleHDAHALPlugIn
0x00000001266a8000 	/System/Library/Components/CoreAudio.component/Contents/MacOS/CoreAudio
0x0000000026ebf000 	/System/Library/Extensions/AppleIntelSKLGraphicsMTLDriver.bundle/Contents/MacOS/AppleIntelSKLGraphicsMTLDriver
0x0000000129e61000 	/System/Library/Extensions/AMDMTLBronzeDriver.bundle/Contents/MacOS/AMDMTLBronzeDriver
0x0000000026ebf000 	/System/Library/PrivateFrameworks/IOAccelMemoryInfo.framework/Versions/A/IOAccelMemoryInfo
0x0000000026ebf000 	/System/Library/PrivateFrameworks/GPUCompiler.framework/Versions/3802/Libraries/libmetal_timestamp.dylib
0x0000000026ebf000 	/System/Library/PrivateFrameworks/ViewBridge.framework/Versions/A/ViewBridge
0x0000000122237000 	/Library/Java/JavaVirtualMachines/jdk1.8.0_152.jdk/Contents/Home/jre/lib/libprism_common.dylib

VM Arguments:
jvm_args: -Ddevelopment=true -Dfile.encoding=UTF-8 -Xbootclasspath:/Library/Java/JavaVirtualMachines/jdk1.8.0_152.jdk/Contents/Home/jre/lib/resources.jar:/Library/Java/JavaVirtualMachines/jdk1.8.0_152.jdk/Contents/Home/jre/lib/rt.jar:/Library/Java/JavaVirtualMachines/jdk1.8.0_152.jdk/Contents/Home/jre/lib/jsse.jar:/Library/Java/JavaVirtualMachines/jdk1.8.0_152.jdk/Contents/Home/jre/lib/jce.jar:/Library/Java/JavaVirtualMachines/jdk1.8.0_152.jdk/Contents/Home/jre/lib/charsets.jar 
java_command: org.microcol.MicroCol
java_class_path (initial): /Users/jan/Documents/repo/github/microcol/microcol-game/target/classes:/programs/eclipse/Eclipse.app/Contents/Eclipse/plugins/org.eclipse.fx.ide.css.jfx8_2.4.0.201605112122.jar:/Users/jan/.m2/repository/org/slf4j/slf4j-api/1.7.25/slf4j-api-1.7.25.jar:/Users/jan/.m2/repository/org/slf4j/slf4j-log4j12/1.7.25/slf4j-log4j12-1.7.25.jar:/Users/jan/.m2/repository/log4j/log4j/1.2.17/log4j-1.2.17.jar:/Users/jan/.m2/repository/com/google/guava/guava/21.0/guava-21.0.jar:/Users/jan/.m2/repository/com/google/inject/guice/4.1.0/guice-4.1.0-no_aop.jar:/Users/jan/.m2/repository/javax/inject/javax.inject/1/javax.inject-1.jar:/Users/jan/.m2/repository/aopalliance/aopalliance/1.0/aopalliance-1.0.jar:/Users/jan/.m2/repository/de/codecentric/centerdevice/centerdevice-nsmenufx/2.1.5/centerdevice-nsmenufx-2.1.5.jar:/Users/jan/.m2/repository/com/google/code/gson/gson/2.8.2/gson-2.8.2.jar:/Users/jan/.m2/repository/javax/json/javax.json-api/1.1.0-M1/javax.json-api-1.1.0-M1.jar:/Users/jan/.m2/repository/org/glassfish/javax.json/1.1.0-M1/javax.json-1.1.0-M1.jar:/Users/jan/.m2/repository/org/easymock/easymock/3.4/easymock-3.4.jar:/Users/jan/.m2/repository/org/objenesis/objenesis/2.2/objenesis-2.2.jar
Launcher Type: SUN_STANDARD

Environment Variables:
PATH=/usr/bin:/bin:/usr/sbin:/sbin
SHELL=/bin/bash
DISPLAY=/private/tmp/com.apple.launchd.qDYdUIoAo4/org.macosforge.xquartz:0

Signal Handlers:
SIGSEGV: [libjvm.dylib+0x5821b5], sa_mask[0]=11111111011111110111111111111111, sa_flags=SA_ONSTACK|SA_RESTART|SA_SIGINFO
SIGBUS: [libjvm.dylib+0x5821b5], sa_mask[0]=11111111011111110111111111111111, sa_flags=SA_RESTART|SA_SIGINFO
SIGFPE: [libjvm.dylib+0x45af20], sa_mask[0]=11111111011111110111111111111111, sa_flags=SA_RESTART|SA_SIGINFO
SIGPIPE: [libjvm.dylib+0x45af20], sa_mask[0]=11111111011111110111111111111111, sa_flags=SA_RESTART|SA_SIGINFO
SIGXFSZ: [libjvm.dylib+0x45af20], sa_mask[0]=11111111011111110111111111111111, sa_flags=SA_RESTART|SA_SIGINFO
SIGILL: [libjvm.dylib+0x45af20], sa_mask[0]=11111111011111110111111111111111, sa_flags=SA_RESTART|SA_SIGINFO
SIGUSR1: SIG_DFL, sa_mask[0]=00000000000000000000000000000000, sa_flags=none
SIGUSR2: [libjvm.dylib+0x45aa3e], sa_mask[0]=00100000000000000000000000000000, sa_flags=SA_RESTART|SA_SIGINFO
SIGHUP: [libjvm.dylib+0x459015], sa_mask[0]=11111111011111110111111111111111, sa_flags=SA_RESTART|SA_SIGINFO
SIGINT: [libjvm.dylib+0x459015], sa_mask[0]=11111111011111110111111111111111, sa_flags=SA_RESTART|SA_SIGINFO
SIGTERM: [libjvm.dylib+0x459015], sa_mask[0]=11111111011111110111111111111111, sa_flags=SA_RESTART|SA_SIGINFO
SIGQUIT: [libjvm.dylib+0x459015], sa_mask[0]=11111111011111110111111111111111, sa_flags=SA_RESTART|SA_SIGINFO


---------------  S Y S T E M  ---------------

OS:Bsduname:Darwin 17.2.0 Darwin Kernel Version 17.2.0: Fri Sep 29 18:27:05 PDT 2017; root:xnu-4570.20.62~3/RELEASE_X86_64 x86_64
rlimit: STACK 8192k, CORE 0k, NPROC 1418, NOFILE 10240, AS infinity
load average:2.23 1.75 1.65

CPU:total 8 (initial active 8) (4 cores per cpu, 2 threads per core) family 6 model 94 stepping 3, cmov, cx8, fxsr, mmx, sse, sse2, sse3, ssse3, sse4.1, sse4.2, popcnt, avx, avx2, aes, clmul, erms, rtm, 3dnowpref, lzcnt, ht, tsc, tscinvbit, bmi1, bmi2, adx

Memory: 4k page, physical 16777216k(2157756k free)

/proc/meminfo:


vm_info: Java HotSpot(TM) 64-Bit Server VM (25.152-b05) for bsd-amd64 JRE (1.8.0_152-ea-b05), built on Jun 20 2017 19:40:18 by "java_re" with gcc 4.2.1 (Based on Apple Inc. build 5658) (LLVM build 2336.11.00)

time: Sat Dec  2 20:04:06 2017
elapsed time: 2349 seconds (0d 0h 39m 9s)

