#
# A fatal error has been detected by the Java Runtime Environment:
#
#  SIGSEGV (0xb) at pc=0x000000010e769ac2, pid=23844, tid=0x0000000000000307
#
# JRE version: Java(TM) SE Runtime Environment (8.0_111-b14) (build 1.8.0_111-b14)
# Java VM: Java HotSpot(TM) 64-Bit Server VM (25.111-b14 mixed mode bsd-amd64 compressed oops)
# Problematic frame:
# V  [libjvm.dylib+0x169ac2]
#
# Failed to write core dump. Core dumps have been disabled. To enable core dumping, try "ulimit -c unlimited" before starting Java again
#
# If you would like to submit a bug report, please visit:
#   http://bugreport.java.com/bugreport/crash.jsp
#

---------------  T H R E A D  ---------------

Current thread is native thread

siginfo: si_signo: 11 (SIGSEGV), si_code: 1 (SEGV_MAPERR), si_addr: 0x0000000000000270

Registers:
RAX=0x0000000000000000, RBX=0x0000000000000000, RCX=0x000000010e913777, RDX=0x00007f87b28a29f8
RSP=0x00007fff527f6f00, RBP=0x00007fff527f6f10, RSI=0x0000000000000006, RDI=0x00007fff527f6f50
R8 =0x0000000000000000, R9 =0x0000000000000662, R10=0x000000012a6a3e90, R11=0x00007f87b8959970
R12=0x00007f87b28a29f8, R13=0x00007f87b32c5dc0, R14=0x00007f87b28a29f8, R15=0x0000000000000000
RIP=0x000000010e769ac2, EFLAGS=0x0000000000010246, ERR=0x0000000000000006
  TRAPNO=0x000000000000000e

Top of Stack: (sp=0x00007fff527f6f00)
0x00007fff527f6f00:   00007f87b7c05f28 00007f87b28a29f8
0x00007fff527f6f10:   00007fff527f6f70 000000010e9137a7
0x00007fff527f6f20:   06bc978e56160083 00007f87b79011a0
0x00007fff527f6f30:   00007f87b15d6000 00007f87b32c54a0
0x00007fff527f6f40:   00007fff527f6f70 000000012d92f6e9
0x00007fff527f6f50:   0000000000000000 00007f87b7d5a710
0x00007fff527f6f60:   00007f87b15d6000 00007f87b32c54a0
0x00007fff527f6f70:   00007fff527f6fd0 000000013352d8d5
0x00007fff527f6f80:   06bc978e56160083 0000000000000000
0x00007fff527f6f90:   411fd54a24e38deb 0000000000000000
0x00007fff527f6fa0:   00007fff527f6fd0 00007f87b32c54a0
0x00007fff527f6fb0:   00007f87b79011a0 00007f87b32c5dc0
0x00007fff527f6fc0:   00007f87b32c54a0 00007fffaaa57040
0x00007fff527f6fd0:   00007fff527f7050 00007fff9b812199
0x00007fff527f6fe0:   00007f87b28bbc00 0000000000000000
0x00007fff527f6ff0:   00000488527f7030 00007f87b15d6000
0x00007fff527f7000:   0000000000000000 0000000000000000
0x00007fff527f7010:   0000000400000000 411fd54a24e38deb
0x00007fff527f7020:   00007fff527f7050 00007f87b32c54a0
0x00007fff527f7030:   0000000000000004 0000000000000000
0x00007fff527f7040:   00007fffaaa57040 00007fff94307575
0x00007fff527f7050:   00007fff527f70c0 00007fff9b811d17
0x00007fff527f7060:   4000000000000000 4089880000000000
0x00007fff527f7070:   4082200000000000 0000000000000000
0x00007fff527f7080:   0000000000000000 4089880000000000
0x00007fff527f7090:   4082200000000000 00007fff527f7190
0x00007fff527f70a0:   00007f87b7800c18 0000000000000000
0x00007fff527f70b0:   00007fff9431022c 00007f87b28bbc00
0x00007fff527f70c0:   00007fff527f8190 00007fff9b825092
0x00007fff527f70d0:   00007fff527f8190 00007fff9b824f68
0x00007fff527f70e0:   00007f87b7800c18 00007f87b7800c18
0x00007fff527f70f0:   00007f87b7800b70 00007f87b28bbc00 

Instructions: (pc=0x000000010e769ac2)
0x000000010e769aa2:   0e 48 8b 0b 49 8b 56 18 48 63 c0 48 89 0c c2 5b
0x000000010e769ab2:   41 5e 5d c3 90 90 55 48 89 e5 41 56 53 48 8b 1f
0x000000010e769ac2:   c7 83 70 02 00 00 05 00 00 00 48 8d 05 e5 57 78
0x000000010e769ad2:   00 8b 00 83 f8 01 41 89 f6 75 0c 48 8d 0d 32 c3 

Register to memory mapping:

RAX=0x0000000000000000 is an unknown value
RBX=0x0000000000000000 is an unknown value
RCX=0x000000010e913777: jni_NewLocalRef+0 in /Library/Java/JavaVirtualMachines/jdk1.8.0_111.jdk/Contents/Home/jre/lib/server/libjvm.dylib at 0x000000010e600000
RDX=0x00007f87b28a29f8 is an unknown value
RSP=0x00007fff527f6f00 is an unknown value
RBP=0x00007fff527f6f10 is an unknown value
RSI=0x0000000000000006 is an unknown value
RDI=0x00007fff527f6f50 is an unknown value
R8 =0x0000000000000000 is an unknown value
R9 =0x0000000000000662 is an unknown value
R10=0x000000012a6a3e90: OBJC_CLASS_$_JNFJObjectWrapper+0 in /System/Library/Frameworks/JavaVM.framework/Versions/A/Frameworks/JavaNativeFoundation.framework/Versions/A/JavaNativeFoundation at 0x000000012a699000
R11=0x00007f87b8959970 is an unknown value
R12=0x00007f87b28a29f8 is an unknown value
R13=0x00007f87b32c5dc0 is an unknown value
R14=0x00007f87b28a29f8 is an unknown value
R15=0x0000000000000000 is an unknown value


Stack: [0x00007fff51ffb000,0x00007fff527fb000],  sp=0x00007fff527f6f00,  free space=8175k
Native frames: (J=compiled Java code, j=interpreted, Vv=VM code, C=native code)
V  [libjvm.dylib+0x169ac2]
V  [libjvm.dylib+0x3137a7]
C  [libawt_lwawt.dylib+0x198d5]  -[CGLLayer drawInCGLContext:pixelFormat:forLayerTime:displayTime:]+0xee
C  [QuartzCore+0x113199]  _ZL17CAOpenGLLayerDrawP13CAOpenGLLayerdPK11CVTimeStampj+0x369
C  [QuartzCore+0x112d17]  -[CAOpenGLLayer _display]+0x15f
C  [QuartzCore+0x126092]  _ZN2CA5Layer17display_if_neededEPNS_11TransactionE+0x23c
C  [QuartzCore+0x1261bd]  _ZN2CA5Layer28layout_and_display_if_neededEPNS_11TransactionE+0x23
C  [QuartzCore+0x11b968]  _ZN2CA7Context18commit_transactionEPNS_11TransactionE+0x118
C  [QuartzCore+0x108a1]  _ZN2CA11Transaction6commitEv+0x1db
C  [QuartzCore+0x112bc]  _ZN2CA11Transaction17observer_callbackEP19__CFRunLoopObservermPv+0x6c
C  [CoreFoundation+0xa6dd7]  __CFRUNLOOP_IS_CALLING_OUT_TO_AN_OBSERVER_CALLBACK_FUNCTION__+0x17
C  [CoreFoundation+0xa6d47]  __CFRunLoopDoObservers+0x187
C  [CoreFoundation+0x878de]  __CFRunLoopRun+0x4be
C  [CoreFoundation+0x871c4]  CFRunLoopRunSpecific+0x1a4
C  [java+0x6465]  CreateExecutionEnvironment+0x367
C  [java+0x218c]  JLI_Launch+0x7a0
C  [java+0x84c2]  main+0x65
C  [java+0x19e4]  start+0x34


---------------  P R O C E S S  ---------------

VM state:not at safepoint (normal execution)

VM Mutex/Monitor currently owned by a thread: None

Heap:
 PSYoungGen      total 76288K, used 15693K [0x000000076ab00000, 0x0000000770000000, 0x00000007c0000000)
  eden space 65536K, 23% used [0x000000076ab00000,0x000000076ba53470,0x000000076eb00000)
  from space 10752K, 0% used [0x000000076eb00000,0x000000076eb00000,0x000000076f580000)
  to   space 10752K, 0% used [0x000000076f580000,0x000000076f580000,0x0000000770000000)
 ParOldGen       total 124416K, used 7534K [0x00000006c0000000, 0x00000006c7980000, 0x000000076ab00000)
  object space 124416K, 6% used [0x00000006c0000000,0x00000006c075b998,0x00000006c7980000)
 Metaspace       used 28335K, capacity 29380K, committed 29568K, reserved 1075200K
  class space    used 3996K, capacity 4211K, committed 4224K, reserved 1048576K

Card table byte_map: [0x000000010f961000,0x0000000110162000] byte_map_base: 0x000000010c361000

Marking Bits: (ParMarkBitMap*) 0x000000010eeefd20
 Begin Bits: [0x00000001106b8000, 0x00000001146b8000)
 End Bits:   [0x00000001146b8000, 0x00000001186b8000)

Polling page: 0x000000010d57e000

CodeCache: size=245760Kb used=6553Kb max_used=6553Kb free=239206Kb
 bounds [0x0000000118f4a000, 0x00000001195ba000, 0x0000000127f4a000]
 total_blobs=3020 nmethods=2174 adapters=759
 compilation: enabled

Compilation events (10 events):
Event: 4.734 Thread 0x00007f87b2015800 2173       3       java.util.stream.FindOps$FindSink::accept (18 bytes)
Event: 4.735 Thread 0x00007f87b2015800 nmethod 2173 0x00000001195b3310 code [0x00000001195b3480, 0x00000001195b3630]
Event: 4.735 Thread 0x00007f87b2015800 2174       3       java.util.stream.FindOps$FindSink$OfRef::get (5 bytes)
Event: 4.735 Thread 0x00007f87b2015800 nmethod 2174 0x00000001195b3690 code [0x00000001195b3840, 0x00000001195b3dc8]
Event: 4.735 Thread 0x00007f87b2015800 2175       3       java.util.stream.FindOps$FindSink$OfRef::get (19 bytes)
Event: 4.735 Thread 0x00007f87b2015800 nmethod 2175 0x00000001195b4090 code [0x00000001195b4240, 0x00000001195b46e8]
Event: 4.735 Thread 0x00007f87b2015800 2168       3       com.google.common.base.Preconditions::checkPositionIndex (8 bytes)
Event: 4.736 Thread 0x00007f87b2015800 nmethod 2168 0x00000001195b4950 code [0x00000001195b4ae0, 0x00000001195b4dd8]
Event: 4.736 Thread 0x00007f87b2015800 2169       3       com.google.common.base.Preconditions::checkPositionIndex (25 bytes)
Event: 4.736 Thread 0x00007f87b2015800 nmethod 2169 0x00000001195b4f50 code [0x00000001195b50e0, 0x00000001195b5378]

GC Heap History (4 events):
Event: 1.398 GC heap before
{Heap before GC invocations=1 (full 0):
 PSYoungGen      total 76288K, used 51716K [0x000000076ab00000, 0x0000000770000000, 0x00000007c0000000)
  eden space 65536K, 78% used [0x000000076ab00000,0x000000076dd811f8,0x000000076eb00000)
  from space 10752K, 0% used [0x000000076f580000,0x000000076f580000,0x0000000770000000)
  to   space 10752K, 0% used [0x000000076eb00000,0x000000076eb00000,0x000000076f580000)
 ParOldGen       total 175104K, used 0K [0x00000006c0000000, 0x00000006cab00000, 0x000000076ab00000)
  object space 175104K, 0% used [0x00000006c0000000,0x00000006c0000000,0x00000006cab00000)
 Metaspace       used 20526K, capacity 21168K, committed 21296K, reserved 1067008K
  class space    used 2952K, capacity 3120K, committed 3200K, reserved 1048576K
Event: 1.406 GC heap after
Heap after GC invocations=1 (full 0):
 PSYoungGen      total 76288K, used 7761K [0x000000076ab00000, 0x0000000770000000, 0x00000007c0000000)
  eden space 65536K, 0% used [0x000000076ab00000,0x000000076ab00000,0x000000076eb00000)
  from space 10752K, 72% used [0x000000076eb00000,0x000000076f294748,0x000000076f580000)
  to   space 10752K, 0% used [0x000000076f580000,0x000000076f580000,0x0000000770000000)
 ParOldGen       total 175104K, used 80K [0x00000006c0000000, 0x00000006cab00000, 0x000000076ab00000)
  object space 175104K, 0% used [0x00000006c0000000,0x00000006c0014010,0x00000006cab00000)
 Metaspace       used 20526K, capacity 21168K, committed 21296K, reserved 1067008K
  class space    used 2952K, capacity 3120K, committed 3200K, reserved 1048576K
}
Event: 1.406 GC heap before
{Heap before GC invocations=2 (full 1):
 PSYoungGen      total 76288K, used 7761K [0x000000076ab00000, 0x0000000770000000, 0x00000007c0000000)
  eden space 65536K, 0% used [0x000000076ab00000,0x000000076ab00000,0x000000076eb00000)
  from space 10752K, 72% used [0x000000076eb00000,0x000000076f294748,0x000000076f580000)
  to   space 10752K, 0% used [0x000000076f580000,0x000000076f580000,0x0000000770000000)
 ParOldGen       total 175104K, used 80K [0x00000006c0000000, 0x00000006cab00000, 0x000000076ab00000)
  object space 175104K, 0% used [0x00000006c0000000,0x00000006c0014010,0x00000006cab00000)
 Metaspace       used 20526K, capacity 21168K, committed 21296K, reserved 1067008K
  class space    used 2952K, capacity 3120K, committed 3200K, reserved 1048576K
Event: 1.430 GC heap after
Heap after GC invocations=2 (full 1):
 PSYoungGen      total 76288K, used 0K [0x000000076ab00000, 0x0000000770000000, 0x00000007c0000000)
  eden space 65536K, 0% used [0x000000076ab00000,0x000000076ab00000,0x000000076eb00000)
  from space 10752K, 0% used [0x000000076eb00000,0x000000076eb00000,0x000000076f580000)
  to   space 10752K, 0% used [0x000000076f580000,0x000000076f580000,0x0000000770000000)
 ParOldGen       total 124416K, used 7534K [0x00000006c0000000, 0x00000006c7980000, 0x000000076ab00000)
  object space 124416K, 6% used [0x00000006c0000000,0x00000006c075b998,0x00000006c7980000)
 Metaspace       used 20526K, capacity 21168K, committed 21296K, reserved 1067008K
  class space    used 2952K, capacity 3120K, committed 3200K, reserved 1048576K
}

Deoptimization events (10 events):
Event: 1.562 Thread 0x00007f87b28a2800 Uncommon trap: reason=unstable_if action=reinterpret pc=0x000000011926e450 method=java.lang.String.startsWith(Ljava/lang/String;I)Z @ 25
Event: 1.562 Thread 0x00007f87b28a2800 Uncommon trap: reason=unstable_if action=reinterpret pc=0x0000000119103ca0 method=java.lang.String.startsWith(Ljava/lang/String;I)Z @ 25
Event: 1.565 Thread 0x00007f87b28a2800 Uncommon trap: reason=unstable_if action=reinterpret pc=0x00000001191996c8 method=java.lang.AbstractStringBuilder.append(Ljava/lang/String;)Ljava/lang/AbstractStringBuilder; @ 1
Event: 2.896 Thread 0x00007f87b4285800 Uncommon trap: reason=unstable_if action=reinterpret pc=0x00000001192f4ee0 method=java.lang.CharacterDataLatin1.isWhitespace(I)Z @ 14
Event: 2.912 Thread 0x00007f87b4285800 Uncommon trap: reason=unstable_if action=reinterpret pc=0x0000000119352598 method=java.io.DataInputStream.readUTF(Ljava/io/DataInput;)Ljava/lang/String; @ 112
Event: 3.117 Thread 0x00007f87b41d5800 Uncommon trap: reason=class_check action=maybe_recompile pc=0x00000001192c654c method=java.lang.Character.toUpperCase(I)I @ 5
Event: 3.121 Thread 0x00007f87b41d5800 Uncommon trap: reason=class_check action=maybe_recompile pc=0x00000001192c654c method=java.lang.Character.toUpperCase(I)I @ 5
Event: 3.123 Thread 0x00007f87b41d5800 Uncommon trap: reason=class_check action=maybe_recompile pc=0x00000001192c654c method=java.lang.Character.toUpperCase(I)I @ 5
Event: 3.124 Thread 0x00007f87b41d5800 Uncommon trap: reason=class_check action=maybe_recompile pc=0x00000001192c654c method=java.lang.Character.toUpperCase(I)I @ 5
Event: 4.035 Thread 0x00007f87b41d5800 Uncommon trap: reason=unstable_if action=reinterpret pc=0x0000000119540e68 method=org.microcol.model.WorldMap.isValid(Lorg/microcol/model/Location;)Z @ 40

Internal exceptions (10 events):
Event: 1.367 Thread 0x00007f87b28a2800 Exception <a 'java/lang/ClassNotFoundException': org/apache/log4j/ConsoleAppenderBeanInfo> (0x000000076dc0b790) thrown at [/Users/java_re/workspace/8-2-build-macosx-x86_64/jdk8u111/7883/hotspot/src/share/vm/classfile/systemDictionary.cpp, line 210]
Event: 1.367 Thread 0x00007f87b28a2800 Exception <a 'java/lang/ClassNotFoundException': org/apache/log4j/WriterAppenderBeanInfo> (0x000000076dc12560) thrown at [/Users/java_re/workspace/8-2-build-macosx-x86_64/jdk8u111/7883/hotspot/src/share/vm/classfile/systemDictionary.cpp, line 210]
Event: 1.367 Thread 0x00007f87b28a2800 Exception <a 'java/lang/ClassNotFoundException': org/apache/log4j/AppenderSkeletonBeanInfo> (0x000000076dc194a8) thrown at [/Users/java_re/workspace/8-2-build-macosx-x86_64/jdk8u111/7883/hotspot/src/share/vm/classfile/systemDictionary.cpp, line 210]
Event: 1.368 Thread 0x00007f87b28a2800 Exception <a 'java/lang/ClassNotFoundException': org/apache/log4j/AppenderSkeletonCustomizer> (0x000000076dc205a8) thrown at [/Users/java_re/workspace/8-2-build-macosx-x86_64/jdk8u111/7883/hotspot/src/share/vm/classfile/systemDictionary.cpp, line 210]
Event: 1.369 Thread 0x00007f87b28a2800 Exception <a 'java/lang/ClassNotFoundException': org/apache/log4j/WriterAppenderCustomizer> (0x000000076dc37188) thrown at [/Users/java_re/workspace/8-2-build-macosx-x86_64/jdk8u111/7883/hotspot/src/share/vm/classfile/systemDictionary.cpp, line 210]
Event: 1.369 Thread 0x00007f87b28a2800 Exception <a 'java/lang/ClassNotFoundException': org/apache/log4j/ConsoleAppenderCustomizer> (0x000000076dc4ab10) thrown at [/Users/java_re/workspace/8-2-build-macosx-x86_64/jdk8u111/7883/hotspot/src/share/vm/classfile/systemDictionary.cpp, line 210]
Event: 1.385 Thread 0x00007f87b28a2800 Exception <a 'java/io/FileNotFoundException'> (0x000000076dc7c8a8) thrown at [/Users/java_re/workspace/8-2-build-macosx-x86_64/jdk8u111/7883/hotspot/src/share/vm/prims/jni.cpp, line 709]
Event: 1.385 Thread 0x00007f87b28a2800 Exception <a 'java/io/FileNotFoundException'> (0x000000076dc7d7c8) thrown at [/Users/java_re/workspace/8-2-build-macosx-x86_64/jdk8u111/7883/hotspot/src/share/vm/prims/jni.cpp, line 709]
Event: 1.565 Thread 0x00007f87b28a2800 Implicit null exception at 0x00000001191992f5 to 0x00000001191996b5
Event: 2.934 Thread 0x00007f87b41d5800 Exception <a 'java/lang/NoSuchMethodError': java.lang.Object.lambda$identity$2(Ljava/lang/Object;)Ljava/lang/Object;> (0x000000076ae1e798) thrown at [/Users/java_re/workspace/8-2-build-macosx-x86_64/jdk8u111/7883/hotspot/src/share/vm/interpreter/linkResol

Events (10 events):
Event: 4.714 loading class javafx/application/Application done
Event: 4.733 loading class com/sun/javafx/tk/quantum/QuantumRenderer
Event: 4.733 loading class com/sun/javafx/tk/quantum/QuantumRenderer done
Event: 4.734 loading class com/sun/javafx/tk/quantum/QuantumToolkit
Event: 4.734 loading class com/sun/javafx/tk/quantum/QuantumToolkit done
Event: 4.734 Thread 0x00007f87b2818000 Thread exited: 0x00007f87b2818000
Event: 4.734 Thread 0x00007f87b28c2000 Thread exited: 0x00007f87b28c2000
Event: 4.734 Thread 0x00007f87b4001800 Thread exited: 0x00007f87b4001800
Event: 4.734 Thread 0x00007f87b4811000 Thread added: 0x00007f87b4811000
Event: 4.734 Thread 0x00007f87b28a2800 Thread exited: 0x00007f87b28a2800


Dynamic libraries:
0x00000000207ec000 	/System/Library/Frameworks/Cocoa.framework/Versions/A/Cocoa
0x00000000207ec000 	/System/Library/Frameworks/Security.framework/Versions/A/Security
0x00000000207ec000 	/System/Library/Frameworks/ApplicationServices.framework/Versions/A/ApplicationServices
0x00000000207ec000 	/usr/lib/libz.1.dylib
0x00000000207ec000 	/usr/lib/libSystem.B.dylib
0x00000000207ec000 	/usr/lib/libobjc.A.dylib
0x00000000207ec000 	/System/Library/Frameworks/CoreFoundation.framework/Versions/A/CoreFoundation
0x00000000207ec000 	/System/Library/Frameworks/Foundation.framework/Versions/C/Foundation
0x00000000207ec000 	/System/Library/Frameworks/AppKit.framework/Versions/C/AppKit
0x00000000207ec000 	/System/Library/Frameworks/CoreData.framework/Versions/A/CoreData
0x00000000207ec000 	/System/Library/PrivateFrameworks/RemoteViewServices.framework/Versions/A/RemoteViewServices
0x00000000207ec000 	/System/Library/PrivateFrameworks/UIFoundation.framework/Versions/A/UIFoundation
0x00000000207ec000 	/System/Library/PrivateFrameworks/DFRFoundation.framework/Versions/A/DFRFoundation
0x00000000207ec000 	/usr/lib/libenergytrace.dylib
0x00000000207ec000 	/System/Library/PrivateFrameworks/SkyLight.framework/Versions/A/SkyLight
0x00000000207ec000 	/System/Library/Frameworks/CoreGraphics.framework/Versions/A/CoreGraphics
0x00000000207ec000 	/usr/lib/libScreenReader.dylib
0x00000000207ec000 	/System/Library/Frameworks/Accelerate.framework/Versions/A/Accelerate
0x00000000207ec000 	/System/Library/Frameworks/IOSurface.framework/Versions/A/IOSurface
0x00000000207ec000 	/System/Library/Frameworks/AudioToolbox.framework/Versions/A/AudioToolbox
0x00000000207ec000 	/System/Library/Frameworks/AudioUnit.framework/Versions/A/AudioUnit
0x00000000207ec000 	/System/Library/PrivateFrameworks/DataDetectorsCore.framework/Versions/A/DataDetectorsCore
0x00000000207ec000 	/System/Library/PrivateFrameworks/DesktopServicesPriv.framework/Versions/A/DesktopServicesPriv
0x00000000207ec000 	/System/Library/Frameworks/Carbon.framework/Versions/A/Frameworks/HIToolbox.framework/Versions/A/HIToolbox
0x00000000207ec000 	/usr/lib/libicucore.A.dylib
0x00000000207ec000 	/System/Library/Frameworks/QuartzCore.framework/Versions/A/QuartzCore
0x00000000207ec000 	/System/Library/Frameworks/Carbon.framework/Versions/A/Frameworks/SpeechRecognition.framework/Versions/A/SpeechRecognition
0x00000000207ec000 	/usr/lib/libauto.dylib
0x00000000207ec000 	/usr/lib/libxml2.2.dylib
0x00000000207ec000 	/System/Library/PrivateFrameworks/CoreUI.framework/Versions/A/CoreUI
0x00000000207ec000 	/System/Library/Frameworks/CoreAudio.framework/Versions/A/CoreAudio
0x00000000207ec000 	/System/Library/Frameworks/DiskArbitration.framework/Versions/A/DiskArbitration
0x00000000207ec000 	/usr/lib/liblangid.dylib
0x00000000207ec000 	/System/Library/PrivateFrameworks/MultitouchSupport.framework/Versions/A/MultitouchSupport
0x00000000207ec000 	/System/Library/Frameworks/IOKit.framework/Versions/A/IOKit
0x00000000207ec000 	/usr/lib/libDiagnosticMessagesClient.dylib
0x00000000207ec000 	/System/Library/Frameworks/CoreServices.framework/Versions/A/CoreServices
0x00000000207ec000 	/System/Library/PrivateFrameworks/PerformanceAnalysis.framework/Versions/A/PerformanceAnalysis
0x00000000207ec000 	/System/Library/PrivateFrameworks/GenerationalStorage.framework/Versions/A/GenerationalStorage
0x00000000207ec000 	/System/Library/Frameworks/OpenGL.framework/Versions/A/OpenGL
0x00000000207ec000 	/System/Library/Frameworks/CoreImage.framework/Versions/A/CoreImage
0x00000000207ec000 	/System/Library/Frameworks/CoreText.framework/Versions/A/CoreText
0x00000000207ec000 	/System/Library/Frameworks/ImageIO.framework/Versions/A/ImageIO
0x00000000207ec000 	/System/Library/PrivateFrameworks/Backup.framework/Versions/A/Backup
0x00000000207ec000 	/usr/lib/libarchive.2.dylib
0x00000000207ec000 	/System/Library/Frameworks/CFNetwork.framework/Versions/A/CFNetwork
0x00000000207ec000 	/System/Library/Frameworks/SystemConfiguration.framework/Versions/A/SystemConfiguration
0x00000000207ec000 	/usr/lib/libCRFSuite.dylib
0x00000000207ec000 	/usr/lib/libc++.1.dylib
0x00000000207ec000 	/usr/lib/libc++abi.dylib
0x00000000207ec000 	/usr/lib/system/libcache.dylib
0x00000000207ec000 	/usr/lib/system/libcommonCrypto.dylib
0x00000000207ec000 	/usr/lib/system/libcompiler_rt.dylib
0x00000000207ec000 	/usr/lib/system/libcopyfile.dylib
0x00000000207ec000 	/usr/lib/system/libcorecrypto.dylib
0x00000000207ec000 	/usr/lib/system/libdispatch.dylib
0x00000000207ec000 	/usr/lib/system/libdyld.dylib
0x00000000207ec000 	/usr/lib/system/libkeymgr.dylib
0x00000000207ec000 	/usr/lib/system/liblaunch.dylib
0x00000000207ec000 	/usr/lib/system/libmacho.dylib
0x00000000207ec000 	/usr/lib/system/libquarantine.dylib
0x00000000207ec000 	/usr/lib/system/libremovefile.dylib
0x00000000207ec000 	/usr/lib/system/libsystem_asl.dylib
0x00000000207ec000 	/usr/lib/system/libsystem_blocks.dylib
0x00000000207ec000 	/usr/lib/system/libsystem_c.dylib
0x00000000207ec000 	/usr/lib/system/libsystem_configuration.dylib
0x00000000207ec000 	/usr/lib/system/libsystem_coreservices.dylib
0x00000000207ec000 	/usr/lib/system/libsystem_coretls.dylib
0x00000000207ec000 	/usr/lib/system/libsystem_dnssd.dylib
0x00000000207ec000 	/usr/lib/system/libsystem_info.dylib
0x00000000207ec000 	/usr/lib/system/libsystem_kernel.dylib
0x00000000207ec000 	/usr/lib/system/libsystem_m.dylib
0x00000000207ec000 	/usr/lib/system/libsystem_malloc.dylib
0x00000000207ec000 	/usr/lib/system/libsystem_network.dylib
0x00000000207ec000 	/usr/lib/system/libsystem_networkextension.dylib
0x00000000207ec000 	/usr/lib/system/libsystem_notify.dylib
0x00000000207ec000 	/usr/lib/system/libsystem_platform.dylib
0x00000000207ec000 	/usr/lib/system/libsystem_pthread.dylib
0x00000000207ec000 	/usr/lib/system/libsystem_sandbox.dylib
0x00000000207ec000 	/usr/lib/system/libsystem_secinit.dylib
0x00000000207ec000 	/usr/lib/system/libsystem_symptoms.dylib
0x00000000207ec000 	/usr/lib/system/libsystem_trace.dylib
0x00000000207ec000 	/usr/lib/system/libunwind.dylib
0x00000000207ec000 	/usr/lib/system/libxpc.dylib
0x00000000207ec000 	/usr/lib/libbsm.0.dylib
0x00000000207ec000 	/usr/lib/system/libkxld.dylib
0x00000000207ec000 	/usr/lib/libcoretls.dylib
0x00000000207ec000 	/usr/lib/libcoretls_cfhelpers.dylib
0x00000000207ec000 	/usr/lib/libOpenScriptingUtil.dylib
0x00000000207ec000 	/usr/lib/libpam.2.dylib
0x00000000207ec000 	/usr/lib/libsqlite3.dylib
0x00000000207ec000 	/usr/lib/libxar.1.dylib
0x00000000207ec000 	/usr/lib/libbz2.1.0.dylib
0x00000000207ec000 	/usr/lib/liblzma.5.dylib
0x00000000207ec000 	/usr/lib/libnetwork.dylib
0x00000000207ec000 	/usr/lib/libpcap.A.dylib
0x00000000207ec000 	/System/Library/Frameworks/CoreServices.framework/Versions/A/Frameworks/FSEvents.framework/Versions/A/FSEvents
0x00000000207ec000 	/System/Library/Frameworks/CoreServices.framework/Versions/A/Frameworks/CarbonCore.framework/Versions/A/CarbonCore
0x00000000207ec000 	/System/Library/Frameworks/CoreServices.framework/Versions/A/Frameworks/Metadata.framework/Versions/A/Metadata
0x00000000207ec000 	/System/Library/Frameworks/CoreServices.framework/Versions/A/Frameworks/OSServices.framework/Versions/A/OSServices
0x00000000207ec000 	/System/Library/Frameworks/CoreServices.framework/Versions/A/Frameworks/SearchKit.framework/Versions/A/SearchKit
0x00000000207ec000 	/System/Library/Frameworks/CoreServices.framework/Versions/A/Frameworks/AE.framework/Versions/A/AE
0x00000000207ec000 	/System/Library/Frameworks/CoreServices.framework/Versions/A/Frameworks/LaunchServices.framework/Versions/A/LaunchServices
0x00000000207ec000 	/System/Library/Frameworks/CoreServices.framework/Versions/A/Frameworks/DictionaryServices.framework/Versions/A/DictionaryServices
0x00000000207ec000 	/System/Library/Frameworks/CoreServices.framework/Versions/A/Frameworks/SharedFileList.framework/Versions/A/SharedFileList
0x00000000207ec000 	/System/Library/Frameworks/NetFS.framework/Versions/A/NetFS
0x00000000207ec000 	/System/Library/PrivateFrameworks/NetAuth.framework/Versions/A/NetAuth
0x00000000207ec000 	/System/Library/PrivateFrameworks/login.framework/Versions/A/Frameworks/loginsupport.framework/Versions/A/loginsupport
0x00000000207ec000 	/System/Library/PrivateFrameworks/TCC.framework/Versions/A/TCC
0x00000000207ec000 	/usr/lib/libmecabra.dylib
0x00000000207ec000 	/System/Library/Frameworks/ApplicationServices.framework/Versions/A/Frameworks/ATS.framework/Versions/A/ATS
0x00000000207ec000 	/System/Library/Frameworks/ApplicationServices.framework/Versions/A/Frameworks/ColorSync.framework/Versions/A/ColorSync
0x00000000207ec000 	/System/Library/Frameworks/ApplicationServices.framework/Versions/A/Frameworks/HIServices.framework/Versions/A/HIServices
0x00000000207ec000 	/System/Library/Frameworks/ApplicationServices.framework/Versions/A/Frameworks/LangAnalysis.framework/Versions/A/LangAnalysis
0x00000000207ec000 	/System/Library/Frameworks/ApplicationServices.framework/Versions/A/Frameworks/PrintCore.framework/Versions/A/PrintCore
0x00000000207ec000 	/System/Library/Frameworks/ApplicationServices.framework/Versions/A/Frameworks/QD.framework/Versions/A/QD
0x00000000207ec000 	/System/Library/Frameworks/ApplicationServices.framework/Versions/A/Frameworks/SpeechSynthesis.framework/Versions/A/SpeechSynthesis
0x00000000207ec000 	/System/Library/Frameworks/Accelerate.framework/Versions/A/Frameworks/vImage.framework/Versions/A/vImage
0x00000000207ec000 	/System/Library/Frameworks/Accelerate.framework/Versions/A/Frameworks/vecLib.framework/Versions/A/vecLib
0x00000000207ec000 	/System/Library/Frameworks/Accelerate.framework/Versions/A/Frameworks/vecLib.framework/Versions/A/libvDSP.dylib
0x00000000207ec000 	/System/Library/Frameworks/Accelerate.framework/Versions/A/Frameworks/vecLib.framework/Versions/A/libBNNS.dylib
0x00000000207ec000 	/System/Library/Frameworks/Accelerate.framework/Versions/A/Frameworks/vecLib.framework/Versions/A/libQuadrature.dylib
0x00000000207ec000 	/System/Library/Frameworks/Accelerate.framework/Versions/A/Frameworks/vecLib.framework/Versions/A/libvMisc.dylib
0x00000000207ec000 	/System/Library/Frameworks/Accelerate.framework/Versions/A/Frameworks/vecLib.framework/Versions/A/libLAPACK.dylib
0x00000000207ec000 	/System/Library/Frameworks/Accelerate.framework/Versions/A/Frameworks/vecLib.framework/Versions/A/libBLAS.dylib
0x00000000207ec000 	/System/Library/Frameworks/Accelerate.framework/Versions/A/Frameworks/vecLib.framework/Versions/A/libLinearAlgebra.dylib
0x00000000207ec000 	/System/Library/Frameworks/Accelerate.framework/Versions/A/Frameworks/vecLib.framework/Versions/A/libSparseBLAS.dylib
0x00000000207ec000 	/System/Library/Frameworks/ApplicationServices.framework/Versions/A/Frameworks/ATS.framework/Versions/A/Resources/libFontParser.dylib
0x00000000207ec000 	/System/Library/Frameworks/ApplicationServices.framework/Versions/A/Frameworks/ATS.framework/Versions/A/Resources/libFontRegistry.dylib
0x00000000207ec000 	/System/Library/Frameworks/ImageIO.framework/Versions/A/Resources/libJPEG.dylib
0x00000000207ec000 	/System/Library/Frameworks/ImageIO.framework/Versions/A/Resources/libTIFF.dylib
0x00000000207ec000 	/System/Library/Frameworks/ImageIO.framework/Versions/A/Resources/libPng.dylib
0x00000000207ec000 	/System/Library/Frameworks/ImageIO.framework/Versions/A/Resources/libGIF.dylib
0x00000000207ec000 	/System/Library/Frameworks/ImageIO.framework/Versions/A/Resources/libJP2.dylib
0x00000000207ec000 	/System/Library/Frameworks/ImageIO.framework/Versions/A/Resources/libRadiance.dylib
0x00000000207ec000 	/usr/lib/libcompression.dylib
0x00000000207ec000 	/System/Library/PrivateFrameworks/AppleJPEG.framework/Versions/A/AppleJPEG
0x00000000207ec000 	/usr/lib/libcups.2.dylib
0x00000000207ec000 	/System/Library/Frameworks/Kerberos.framework/Versions/A/Kerberos
0x00000000207ec000 	/System/Library/Frameworks/GSS.framework/Versions/A/GSS
0x00000000207ec000 	/usr/lib/libresolv.9.dylib
0x00000000207ec000 	/usr/lib/libiconv.2.dylib
0x00000000207ec000 	/System/Library/PrivateFrameworks/Heimdal.framework/Versions/A/Heimdal
0x00000000207ec000 	/usr/lib/libheimdal-asn1.dylib
0x00000000207ec000 	/System/Library/Frameworks/OpenDirectory.framework/Versions/A/OpenDirectory
0x00000000207ec000 	/System/Library/PrivateFrameworks/CommonAuth.framework/Versions/A/CommonAuth
0x00000000207ec000 	/System/Library/Frameworks/OpenDirectory.framework/Versions/A/Frameworks/CFOpenDirectory.framework/Versions/A/CFOpenDirectory
0x00000000207ec000 	/System/Library/Frameworks/SecurityFoundation.framework/Versions/A/SecurityFoundation
0x00000000207ec000 	/System/Library/PrivateFrameworks/LanguageModeling.framework/Versions/A/LanguageModeling
0x00000000207ec000 	/usr/lib/libmarisa.dylib
0x00000000207ec000 	/usr/lib/libChineseTokenizer.dylib
0x00000000207ec000 	/usr/lib/libcmph.dylib
0x00000000207ec000 	/System/Library/PrivateFrameworks/CoreEmoji.framework/Versions/A/CoreEmoji
0x00000000207ec000 	/System/Library/Frameworks/ServiceManagement.framework/Versions/A/ServiceManagement
0x00000000207ec000 	/usr/lib/libxslt.1.dylib
0x00000000207ec000 	/System/Library/Frameworks/Carbon.framework/Versions/A/Frameworks/Ink.framework/Versions/A/Ink
0x00000000207ec000 	/System/Library/PrivateFrameworks/TextureIO.framework/Versions/A/TextureIO
0x00000000207ec000 	/System/Library/Frameworks/Metal.framework/Versions/A/Metal
0x00000000207ec000 	/usr/lib/libate.dylib
0x00000000207ec000 	/System/Library/PrivateFrameworks/GPUCompiler.framework/libmetal_timestamp.dylib
0x00000000207ec000 	/System/Library/Frameworks/OpenGL.framework/Versions/A/Libraries/libCoreFSCache.dylib
0x00000000207ec000 	/System/Library/PrivateFrameworks/IOAccelerator.framework/Versions/A/IOAccelerator
0x00000000207ec000 	/System/Library/Frameworks/CoreVideo.framework/Versions/A/CoreVideo
0x00000000207ec000 	/usr/lib/libFosl_dynamic.dylib
0x00000000207ec000 	/System/Library/PrivateFrameworks/MetalPerformanceShaders.framework/Versions/A/MetalPerformanceShaders
0x00000000207ec000 	/System/Library/PrivateFrameworks/FaceCore.framework/Versions/A/FaceCore
0x00000000207ec000 	/System/Library/Frameworks/OpenCL.framework/Versions/A/OpenCL
0x00000000207ec000 	/System/Library/Frameworks/OpenGL.framework/Versions/A/Libraries/libGLU.dylib
0x00000000207ec000 	/System/Library/Frameworks/OpenGL.framework/Versions/A/Libraries/libGFXShared.dylib
0x00000000207ec000 	/System/Library/Frameworks/OpenGL.framework/Versions/A/Libraries/libGL.dylib
0x00000000207ec000 	/System/Library/Frameworks/OpenGL.framework/Versions/A/Libraries/libGLImage.dylib
0x00000000207ec000 	/System/Library/Frameworks/OpenGL.framework/Versions/A/Libraries/libCVMSPluginSupport.dylib
0x00000000207ec000 	/System/Library/Frameworks/OpenGL.framework/Versions/A/Libraries/libCoreVMClient.dylib
0x00000000207ec000 	/System/Library/PrivateFrameworks/CrashReporterSupport.framework/Versions/A/CrashReporterSupport
0x00000000207ec000 	/System/Library/PrivateFrameworks/Sharing.framework/Versions/A/Sharing
0x00000000207ec000 	/System/Library/PrivateFrameworks/IconServices.framework/Versions/A/IconServices
0x00000000207ec000 	/System/Library/PrivateFrameworks/ProtocolBuffer.framework/Versions/A/ProtocolBuffer
0x00000000207ec000 	/System/Library/PrivateFrameworks/Apple80211.framework/Versions/A/Apple80211
0x00000000207ec000 	/System/Library/Frameworks/CoreWLAN.framework/Versions/A/CoreWLAN
0x00000000207ec000 	/System/Library/PrivateFrameworks/CoreUtils.framework/Versions/A/CoreUtils
0x00000000207ec000 	/System/Library/Frameworks/IOBluetooth.framework/Versions/A/IOBluetooth
0x00000000207ec000 	/System/Library/PrivateFrameworks/CoreWiFi.framework/Versions/A/CoreWiFi
0x00000000207ec000 	/System/Library/Frameworks/CoreBluetooth.framework/Versions/A/CoreBluetooth
0x00000000207ec000 	/System/Library/Frameworks/CoreDisplay.framework/Versions/A/CoreDisplay
0x00000000207ec000 	/System/Library/PrivateFrameworks/IOPresentment.framework/Versions/A/IOPresentment
0x00000000207ec000 	/System/Library/PrivateFrameworks/DSExternalDisplay.framework/Versions/A/DSExternalDisplay
0x00000000207ec000 	/System/Library/PrivateFrameworks/DebugSymbols.framework/Versions/A/DebugSymbols
0x00000000207ec000 	/System/Library/PrivateFrameworks/CoreSymbolication.framework/Versions/A/CoreSymbolication
0x00000000207ec000 	/System/Library/PrivateFrameworks/Symbolication.framework/Versions/A/Symbolication
0x00000000207ec000 	/System/Library/PrivateFrameworks/AppleFSCompression.framework/Versions/A/AppleFSCompression
0x00000000207ec000 	/System/Library/PrivateFrameworks/SpeechRecognitionCore.framework/Versions/A/SpeechRecognitionCore
0x00000000207ec000 	/System/Library/PrivateFrameworks/ChunkingLibrary.framework/Versions/A/ChunkingLibrary
0x000000010e600000 	/Library/Java/JavaVirtualMachines/jdk1.8.0_111.jdk/Contents/Home/jre/lib/server/libjvm.dylib
0x000000010d482000 	/usr/lib/libstdc++.6.dylib
0x000000010d53b000 	/Library/Java/JavaVirtualMachines/jdk1.8.0_111.jdk/Contents/Home/jre/lib/libverify.dylib
0x000000010d549000 	/Library/Java/JavaVirtualMachines/jdk1.8.0_111.jdk/Contents/Home/jre/lib/libjava.dylib
0x000000010d588000 	/Library/Java/JavaVirtualMachines/jdk1.8.0_111.jdk/Contents/Home/jre/lib/libzip.dylib
0x000000010d5e2000 	/System/Library/Frameworks/JavaVM.framework/Frameworks/JavaRuntimeSupport.framework/JavaRuntimeSupport
0x000000012a699000 	/System/Library/Frameworks/JavaVM.framework/Versions/A/Frameworks/JavaNativeFoundation.framework/Versions/A/JavaNativeFoundation
0x000000012a6ae000 	/System/Library/Frameworks/JavaVM.framework/Versions/A/JavaVM
0x00000000207ec000 	/System/Library/Frameworks/Carbon.framework/Versions/A/Carbon
0x000000012a6bb000 	/System/Library/PrivateFrameworks/JavaLaunching.framework/Versions/A/JavaLaunching
0x00000000207ec000 	/System/Library/Frameworks/Carbon.framework/Versions/A/Frameworks/CommonPanels.framework/Versions/A/CommonPanels
0x00000000207ec000 	/System/Library/Frameworks/Carbon.framework/Versions/A/Frameworks/Help.framework/Versions/A/Help
0x00000000207ec000 	/System/Library/Frameworks/Carbon.framework/Versions/A/Frameworks/ImageCapture.framework/Versions/A/ImageCapture
0x00000000207ec000 	/System/Library/Frameworks/Carbon.framework/Versions/A/Frameworks/OpenScripting.framework/Versions/A/OpenScripting
0x00000000207ec000 	/System/Library/Frameworks/Carbon.framework/Versions/A/Frameworks/Print.framework/Versions/A/Print
0x00000000207ec000 	/System/Library/Frameworks/Carbon.framework/Versions/A/Frameworks/SecurityHI.framework/Versions/A/SecurityHI
0x000000012c056000 	/Library/Java/JavaVirtualMachines/jdk1.8.0_111.jdk/Contents/Home/jre/lib/libprism_es2.dylib
0x000000012c0bb000 	/System/Library/Frameworks/OpenGL.framework/Resources/GLEngine.bundle/GLEngine
0x00000000207ec000 	/System/Library/Frameworks/OpenGL.framework/Versions/A/Libraries/libGLProgrammability.dylib
0x000000012c2a0000 	/System/Library/Extensions/AppleIntelSKLGraphicsGLDriver.bundle/Contents/MacOS/AppleIntelSKLGraphicsGLDriver
0x00000000207ec000 	/System/Library/PrivateFrameworks/GPUSupport.framework/Versions/A/Libraries/libGPUSupportMercury.dylib
0x000000012d02f000 	/System/Library/Extensions/AMDRadeonX4000GLDriver.bundle/Contents/MacOS/AMDRadeonX4000GLDriver
0x000000012d10f000 	/System/Library/Extensions/AMDRadeonX4000GLDriver.bundle/Contents/MacOS/ATIRadeonX4000SCLib.dylib
0x000000012d6ee000 	/System/Library/Frameworks/OpenGL.framework/Resources//GLRendererFloat.bundle/GLRendererFloat
0x00000000207ec000 	/System/Library/Frameworks/OpenCL.framework/Versions/A/Libraries/libcldcpuengine.dylib
0x00000000207ec000 	/usr/lib/libcrypto.0.9.8.dylib
0x00000000207ec000 	/System/Library/PrivateFrameworks/TrustEvaluationAgent.framework/Versions/A/TrustEvaluationAgent
0x000000012d775000 	/Library/Java/JavaVirtualMachines/jdk1.8.0_111.jdk/Contents/Home/jre/lib/libglass.dylib
0x00000000207ec000 	/System/Library/PrivateFrameworks/CoreServicesInternal.framework/Versions/A/CoreServicesInternal
0x00000000207ec000 	/System/Library/CoreServices/RawCamera.bundle/Contents/MacOS/RawCamera
0x000000012d7f7000 	/System/Library/Frameworks/Accelerate.framework/Frameworks/vImage.framework/Versions/A/Libraries/libCGInterfaces.dylib
0x00000000207ec000 	/System/Library/PrivateFrameworks/FamilyControls.framework/Versions/A/FamilyControls
0x00000000207ec000 	/System/Library/PrivateFrameworks/CommerceKit.framework/Versions/A/Frameworks/CommerceCore.framework/Versions/A/CommerceCore
0x00000000207ec000 	/System/Library/PrivateFrameworks/SystemAdministration.framework/Versions/A/SystemAdministration
0x00000000207ec000 	/System/Library/PrivateFrameworks/AppContainer.framework/Versions/A/AppContainer
0x00000000207ec000 	/System/Library/PrivateFrameworks/SecCodeWrapper.framework/Versions/A/SecCodeWrapper
0x00000000207ec000 	/System/Library/Frameworks/DirectoryService.framework/Versions/A/DirectoryService
0x00000000207ec000 	/System/Library/PrivateFrameworks/DiskImages.framework/Versions/A/DiskImages
0x00000000207ec000 	/System/Library/PrivateFrameworks/LoginUIKit.framework/Versions/A/Frameworks/LoginUICore.framework/Versions/A/LoginUICore
0x00000000207ec000 	/usr/lib/libCoreStorage.dylib
0x00000000207ec000 	/usr/lib/libcsfde.dylib
0x00000000207ec000 	/usr/lib/libodfde.dylib
0x00000000207ec000 	/System/Library/Frameworks/DiscRecording.framework/Versions/A/DiscRecording
0x00000000207ec000 	/usr/lib/libcurl.4.dylib
0x00000000207ec000 	/System/Library/PrivateFrameworks/MediaKit.framework/Versions/A/MediaKit
0x00000000207ec000 	/System/Library/PrivateFrameworks/ProtectedCloudStorage.framework/Versions/A/ProtectedCloudStorage
0x00000000207ec000 	/System/Library/PrivateFrameworks/EFILogin.framework/Versions/A/EFILogin
0x00000000207ec000 	/usr/lib/libutil.dylib
0x00000000207ec000 	/System/Library/Frameworks/LDAP.framework/Versions/A/LDAP
0x00000000207ec000 	/usr/lib/libsasl2.2.dylib
0x00000000207ec000 	/System/Library/PrivateFrameworks/CoreDaemon.framework/Versions/B/CoreDaemon
0x00000000207ec000 	/System/Library/PrivateFrameworks/AppleSRP.framework/Versions/A/AppleSRP
0x00000000207ec000 	/System/Library/PrivateFrameworks/APFS.framework/Versions/A/APFS
0x00000000207ec000 	/System/Library/Frameworks/ApplicationServices.framework/Versions/A/Frameworks/ATS.framework/Versions/A/Resources/libTrueTypeScaler.dylib
0x000000012d90b000 	/Library/Java/JavaVirtualMachines/jdk1.8.0_111.jdk/Contents/Home/jre/lib/libjavafx_font.dylib
0x000000012d91d000 	/Library/Java/JavaVirtualMachines/jdk1.8.0_111.jdk/Contents/Home/jre/lib/libosx.dylib
0x000000012d92b000 	/Library/Java/JavaVirtualMachines/jdk1.8.0_111.jdk/Contents/Home/jre/lib/./libosxapp.dylib
0x00000000207ec000 	/System/Library/Frameworks/ExceptionHandling.framework/Versions/A/ExceptionHandling
0x00000001333a0000 	/Library/Java/JavaVirtualMachines/jdk1.8.0_111.jdk/Contents/Home/jre/lib/libawt.dylib
0x0000000133448000 	/Library/Java/JavaVirtualMachines/jdk1.8.0_111.jdk/Contents/Home/jre/lib/./libmlib_image.dylib
0x0000000133514000 	/Library/Java/JavaVirtualMachines/jdk1.8.0_111.jdk/Contents/Home/jre/lib/libawt_lwawt.dylib
0x000000012d947000 	/Library/Java/JavaVirtualMachines/jdk1.8.0_111.jdk/Contents/Home/jre/lib/libnio.dylib
0x000000012d957000 	/Library/Java/JavaVirtualMachines/jdk1.8.0_111.jdk/Contents/Home/jre/lib/./libnet.dylib
0x000000012d972000 	/Library/Java/JavaVirtualMachines/jdk1.8.0_111.jdk/Contents/Home/jre/lib/libfontmanager.dylib
0x000000012d9d9000 	/Library/Java/JavaVirtualMachines/jdk1.8.0_111.jdk/Contents/Home/jre/lib/libosxui.dylib
0x000000019d12f000 	/Library/Java/JavaVirtualMachines/jdk1.8.0_111.jdk/Contents/Home/jre/lib/libjsound.dylib
0x000000019d142000 	/System/Library/Frameworks/CoreMIDI.framework/Versions/A/CoreMIDI
0x000000019d1a8000 	/usr/lib/libexpat.1.dylib
0x000000019e1d0000 	/System/Library/Extensions/AppleHDA.kext/Contents/PlugIns/AppleHDAHALPlugIn.bundle/Contents/MacOS/AppleHDAHALPlugIn
0x00000001a0c82000 	/System/Library/Components/CoreAudio.component/Contents/MacOS/CoreAudio
0x00000001a1ae5000 	/System/Library/Extensions/AppleIntelSKLGraphicsMTLDriver.bundle/Contents/MacOS/AppleIntelSKLGraphicsMTLDriver
0x00000000207ec000 	/System/Library/Extensions/AMDMTLBronzeDriver.bundle/Contents/MacOS/AMDMTLBronzeDriver
0x00000000207ec000 	/System/Library/PrivateFrameworks/IOAccelMemoryInfo.framework/Versions/A/IOAccelMemoryInfo
0x00000000207ec000 	/System/Library/PrivateFrameworks/ViewBridge.framework/Versions/A/ViewBridge
0x00000000207ec000 	/System/Library/PrivateFrameworks/XPCService.framework/Versions/A/XPCService
0x00000000207ec000 	/System/Library/PrivateFrameworks/AppSandbox.framework/Versions/A/AppSandbox
0x00000000207ec000 	/usr/lib/libsandbox.1.dylib
0x00000000207ec000 	/usr/lib/libMatch.1.dylib

VM Arguments:
jvm_args: -Dfile.encoding=UTF-8 
java_command: org.microcol.MicroCol
java_class_path (initial): /Users/jan/Documents/repo/github/microcol/microcol-game/target/classes:/Users/jan/.m2/repository/org/slf4j/slf4j-api/1.7.25/slf4j-api-1.7.25.jar:/Users/jan/.m2/repository/org/slf4j/slf4j-log4j12/1.7.25/slf4j-log4j12-1.7.25.jar:/Users/jan/.m2/repository/log4j/log4j/1.2.17/log4j-1.2.17.jar:/Users/jan/.m2/repository/com/google/guava/guava/21.0/guava-21.0.jar:/Users/jan/.m2/repository/com/google/inject/guice/4.1.0/guice-4.1.0-no_aop.jar:/Users/jan/.m2/repository/javax/inject/javax.inject/1/javax.inject-1.jar:/Users/jan/.m2/repository/aopalliance/aopalliance/1.0/aopalliance-1.0.jar:/Users/jan/.m2/repository/mrj/MRJToolkitStubs/1.0/MRJToolkitStubs-1.0.jar:/Users/jan/.m2/repository/javax/json/javax.json-api/1.1.0-M1/javax.json-api-1.1.0-M1.jar:/Users/jan/.m2/repository/org/glassfish/javax.json/1.1.0-M1/javax.json-1.1.0-M1.jar
Launcher Type: SUN_STANDARD

Environment Variables:
PATH=/usr/bin:/bin:/usr/sbin:/sbin
SHELL=/bin/bash
DISPLAY=/private/tmp/com.apple.launchd.kFIeiJ7u3a/org.macosforge.xquartz:0

Signal Handlers:
SIGSEGV: [libjvm.dylib+0x5b03ed], sa_mask[0]=11111111011111110111111111111111, sa_flags=SA_ONSTACK|SA_RESTART|SA_SIGINFO
SIGBUS: [libjvm.dylib+0x5b03ed], sa_mask[0]=11111111011111110111111111111111, sa_flags=SA_RESTART|SA_SIGINFO
SIGFPE: [libjvm.dylib+0x48711c], sa_mask[0]=11111111011111110111111111111111, sa_flags=SA_RESTART|SA_SIGINFO
SIGPIPE: [libjvm.dylib+0x48711c], sa_mask[0]=11111111011111110111111111111111, sa_flags=SA_RESTART|SA_SIGINFO
SIGXFSZ: [libjvm.dylib+0x48711c], sa_mask[0]=11111111011111110111111111111111, sa_flags=SA_RESTART|SA_SIGINFO
SIGILL: [libjvm.dylib+0x48711c], sa_mask[0]=11111111011111110111111111111111, sa_flags=SA_RESTART|SA_SIGINFO
SIGUSR1: SIG_DFL, sa_mask[0]=00000000000000000000000000000000, sa_flags=none
SIGUSR2: [libjvm.dylib+0x486c3a], sa_mask[0]=00100000000000000000000000000000, sa_flags=SA_RESTART|SA_SIGINFO
SIGHUP: [libjvm.dylib+0x485211], sa_mask[0]=11111111011111110111111111111111, sa_flags=SA_RESTART|SA_SIGINFO
SIGINT: [libjvm.dylib+0x485211], sa_mask[0]=11111111011111110111111111111111, sa_flags=SA_RESTART|SA_SIGINFO
SIGTERM: [libjvm.dylib+0x485211], sa_mask[0]=11111111011111110111111111111111, sa_flags=SA_RESTART|SA_SIGINFO
SIGQUIT: [libjvm.dylib+0x485211], sa_mask[0]=11111111011111110111111111111111, sa_flags=SA_RESTART|SA_SIGINFO


---------------  S Y S T E M  ---------------

OS:Bsduname:Darwin 16.5.0 Darwin Kernel Version 16.5.0: Fri Mar  3 16:52:33 PST 2017; root:xnu-3789.51.2~3/RELEASE_X86_64 x86_64
rlimit: STACK 8192k, CORE 0k, NPROC 709, NOFILE 10240, AS infinity
load average:2.28 1.55 1.51

CPU:total 8 (4 cores per cpu, 2 threads per core) family 6 model 94 stepping 3, cmov, cx8, fxsr, mmx, sse, sse2, sse3, ssse3, sse4.1, sse4.2, popcnt, avx, avx2, aes, clmul, erms, rtm, 3dnowpref, lzcnt, ht, tsc, tscinvbit, bmi1, bmi2, adx

Memory: 4k page, physical 16777216k(1789212k free)

/proc/meminfo:


vm_info: Java HotSpot(TM) 64-Bit Server VM (25.111-b14) for bsd-amd64 JRE (1.8.0_111-b14), built on Sep 22 2016 15:31:41 by "java_re" with gcc 4.2.1 (Based on Apple Inc. build 5658) (LLVM build 2336.11.00)

time: Tue Apr 25 21:15:52 2017
elapsed time: 4 seconds (0d 0h 0m 4s)

